2021-03-02 09:01:36.426 [main] INFO  pers.qjw.seckill.SeckillApplication - Starting SeckillApplication using Java 11.0.7 on DESKTOP-ULASHU2 with PID 20360 (C:\Software\笔记\git_project\seckill\seckill-item\target\classes started by qiujiawen in C:\Software\笔记\git_project\seckill)
2021-03-02 09:01:36.552 [main] INFO  pers.qjw.seckill.SeckillApplication - No active profile set, falling back to default profiles: default
2021-03-02 09:01:38.835 [main] INFO  o.s.d.r.config.RepositoryConfigurationDelegate - Multiple Spring Data modules found, entering strict repository configuration mode!
2021-03-02 09:01:38.838 [main] INFO  o.s.d.r.config.RepositoryConfigurationDelegate - Bootstrapping Spring Data Redis repositories in DEFAULT mode.
2021-03-02 09:01:38.872 [main] INFO  o.s.d.r.config.RepositoryConfigurationDelegate - Finished Spring Data repository scanning in 15 ms. Found 0 Redis repository interfaces.
2021-03-02 09:01:39.468 [main] INFO  o.s.boot.web.embedded.tomcat.TomcatWebServer - Tomcat initialized with port(s): 8080 (http)
2021-03-02 09:01:39.479 [main] INFO  org.apache.coyote.http11.Http11NioProtocol - Initializing ProtocolHandler ["http-nio-8080"]
2021-03-02 09:01:39.479 [main] INFO  org.apache.catalina.core.StandardService - Starting service [Tomcat]
2021-03-02 09:01:39.480 [main] INFO  org.apache.catalina.core.StandardEngine - Starting Servlet engine: [Apache Tomcat/9.0.41]
2021-03-02 09:01:39.577 [main] INFO  o.a.c.core.ContainerBase.[Tomcat].[localhost].[/] - Initializing Spring embedded WebApplicationContext
2021-03-02 09:01:39.577 [main] INFO  o.s.b.w.s.c.ServletWebServerApplicationContext - Root WebApplicationContext: initialization completed in 2328 ms
2021-03-02 09:01:39.948 [main] INFO  c.a.d.s.b.a.DruidDataSourceAutoConfigure - Init DruidDataSource
2021-03-02 09:01:40.591 [main] INFO  com.alibaba.druid.pool.DruidDataSource - {dataSource-1} inited
2021-03-02 09:01:41.033 [main] INFO  s.d.s.w.PropertySourcedRequestMappingHandlerMapping - Mapped URL path [/v2/api-docs] onto method [springfox.documentation.swagger2.web.Swagger2Controller#getDocumentation(String, HttpServletRequest)]
2021-03-02 09:01:41.119 [main] INFO  o.s.scheduling.concurrent.ThreadPoolTaskExecutor - Initializing ExecutorService 'applicationTaskExecutor'
2021-03-02 09:01:41.172 [main] INFO  o.s.b.a.web.servlet.WelcomePageHandlerMapping - Adding welcome page template: index
2021-03-02 09:01:41.402 [main] INFO  org.apache.coyote.http11.Http11NioProtocol - Starting ProtocolHandler ["http-nio-8080"]
2021-03-02 09:01:41.422 [main] INFO  o.s.boot.web.embedded.tomcat.TomcatWebServer - Tomcat started on port(s): 8080 (http) with context path ''
2021-03-02 09:01:41.423 [main] INFO  s.d.s.web.plugins.DocumentationPluginsBootstrapper - Context refreshed
2021-03-02 09:01:41.440 [main] INFO  s.d.s.web.plugins.DocumentationPluginsBootstrapper - Found 1 custom documentation plugin(s)
2021-03-02 09:01:41.469 [main] INFO  s.d.spring.web.scanners.ApiListingReferenceScanner - Scanning for api listing references
2021-03-02 09:01:41.658 [main] INFO  pers.qjw.seckill.SeckillApplication - Started SeckillApplication in 6.098 seconds (JVM running for 7.765)
2021-03-02 09:01:41.928 [http-nio-8080-exec-1] INFO  o.a.c.core.ContainerBase.[Tomcat].[localhost].[/] - Initializing Spring DispatcherServlet 'dispatcherServlet'
2021-03-02 09:01:41.932 [http-nio-8080-exec-1] INFO  org.springframework.web.servlet.DispatcherServlet - Initializing Servlet 'dispatcherServlet'
2021-03-02 09:01:41.934 [http-nio-8080-exec-1] INFO  org.springframework.web.servlet.DispatcherServlet - Completed initialization in 2 ms
2021-03-02 20:22:16.909 [main] INFO  pers.qjw.seckill.SeckillApplication - Starting SeckillApplication using Java 11.0.7 on DESKTOP-ULASHU2 with PID 18796 (C:\Software\笔记\git_project\seckill\seckill-item\target\classes started by qiujiawen in C:\Software\笔记\git_project\seckill)
2021-03-02 20:22:16.912 [main] INFO  pers.qjw.seckill.SeckillApplication - No active profile set, falling back to default profiles: default
2021-03-02 20:22:19.097 [main] INFO  o.s.d.r.config.RepositoryConfigurationDelegate - Multiple Spring Data modules found, entering strict repository configuration mode!
2021-03-02 20:22:19.102 [main] INFO  o.s.d.r.config.RepositoryConfigurationDelegate - Bootstrapping Spring Data Redis repositories in DEFAULT mode.
2021-03-02 20:22:19.140 [main] INFO  o.s.d.r.config.RepositoryConfigurationDelegate - Finished Spring Data repository scanning in 16 ms. Found 0 Redis repository interfaces.
2021-03-02 20:22:19.853 [main] INFO  o.s.boot.web.embedded.tomcat.TomcatWebServer - Tomcat initialized with port(s): 8080 (http)
2021-03-02 20:22:19.865 [main] INFO  org.apache.coyote.http11.Http11NioProtocol - Initializing ProtocolHandler ["http-nio-8080"]
2021-03-02 20:22:19.866 [main] INFO  org.apache.catalina.core.StandardService - Starting service [Tomcat]
2021-03-02 20:22:19.866 [main] INFO  org.apache.catalina.core.StandardEngine - Starting Servlet engine: [Apache Tomcat/9.0.41]
2021-03-02 20:22:19.964 [main] INFO  o.a.c.core.ContainerBase.[Tomcat].[localhost].[/] - Initializing Spring embedded WebApplicationContext
2021-03-02 20:22:19.964 [main] INFO  o.s.b.w.s.c.ServletWebServerApplicationContext - Root WebApplicationContext: initialization completed in 2763 ms
2021-03-02 20:22:20.334 [main] INFO  c.a.d.s.b.a.DruidDataSourceAutoConfigure - Init DruidDataSource
2021-03-02 20:22:21.247 [main] INFO  com.alibaba.druid.pool.DruidDataSource - {dataSource-1} inited
2021-03-02 20:22:21.820 [main] INFO  s.d.s.w.PropertySourcedRequestMappingHandlerMapping - Mapped URL path [/v2/api-docs] onto method [springfox.documentation.swagger2.web.Swagger2Controller#getDocumentation(String, HttpServletRequest)]
2021-03-02 20:22:21.923 [main] INFO  o.s.scheduling.concurrent.ThreadPoolTaskExecutor - Initializing ExecutorService 'applicationTaskExecutor'
2021-03-02 20:22:21.995 [main] INFO  o.s.b.a.web.servlet.WelcomePageHandlerMapping - Adding welcome page template: index
2021-03-02 20:22:22.270 [main] INFO  org.apache.coyote.http11.Http11NioProtocol - Starting ProtocolHandler ["http-nio-8080"]
2021-03-02 20:22:22.295 [main] INFO  o.s.boot.web.embedded.tomcat.TomcatWebServer - Tomcat started on port(s): 8080 (http) with context path ''
2021-03-02 20:22:22.297 [main] INFO  s.d.s.web.plugins.DocumentationPluginsBootstrapper - Context refreshed
2021-03-02 20:22:22.316 [main] INFO  s.d.s.web.plugins.DocumentationPluginsBootstrapper - Found 1 custom documentation plugin(s)
2021-03-02 20:22:22.382 [main] INFO  s.d.spring.web.scanners.ApiListingReferenceScanner - Scanning for api listing references
2021-03-02 20:22:22.639 [http-nio-8080-exec-1] INFO  o.a.c.core.ContainerBase.[Tomcat].[localhost].[/] - Initializing Spring DispatcherServlet 'dispatcherServlet'
2021-03-02 20:22:22.640 [http-nio-8080-exec-1] INFO  org.springframework.web.servlet.DispatcherServlet - Initializing Servlet 'dispatcherServlet'
2021-03-02 20:22:22.642 [http-nio-8080-exec-1] INFO  org.springframework.web.servlet.DispatcherServlet - Completed initialization in 2 ms
2021-03-02 20:22:22.753 [main] INFO  pers.qjw.seckill.SeckillApplication - Started SeckillApplication in 6.73 seconds (JVM running for 9.407)
