2021-02-25 06:12:20.555 [main] INFO  pers.qjw.seckill.SeckillApplication - Starting SeckillApplication using Java 11.0.7 on DESKTOP-ULASHU2 with PID 11012 (C:\Software\笔记\git_project\seckill\seckill-item\target\classes started by qiujiawen in C:\Software\笔记\git_project\seckill)
2021-02-25 06:12:20.567 [main] INFO  pers.qjw.seckill.SeckillApplication - No active profile set, falling back to default profiles: default
2021-02-25 06:12:21.506 [main] INFO  o.s.d.r.config.RepositoryConfigurationDelegate - Multiple Spring Data modules found, entering strict repository configuration mode!
2021-02-25 06:12:21.509 [main] INFO  o.s.d.r.config.RepositoryConfigurationDelegate - Bootstrapping Spring Data Redis repositories in DEFAULT mode.
2021-02-25 06:12:21.538 [main] INFO  o.s.d.r.config.RepositoryConfigurationDelegate - Finished Spring Data repository scanning in 13 ms. Found 0 Redis repository interfaces.
2021-02-25 06:12:22.177 [main] INFO  o.s.boot.web.embedded.tomcat.TomcatWebServer - Tomcat initialized with port(s): 8080 (http)
2021-02-25 06:12:22.187 [main] INFO  org.apache.coyote.http11.Http11NioProtocol - Initializing ProtocolHandler ["http-nio-8080"]
2021-02-25 06:12:22.187 [main] INFO  org.apache.catalina.core.StandardService - Starting service [Tomcat]
2021-02-25 06:12:22.187 [main] INFO  org.apache.catalina.core.StandardEngine - Starting Servlet engine: [Apache Tomcat/9.0.41]
2021-02-25 06:12:22.271 [main] INFO  o.a.c.core.ContainerBase.[Tomcat].[localhost].[/] - Initializing Spring embedded WebApplicationContext
2021-02-25 06:12:22.271 [main] INFO  o.s.b.w.s.c.ServletWebServerApplicationContext - Root WebApplicationContext: initialization completed in 1497 ms
2021-02-25 06:12:22.347 [main] INFO  c.a.d.s.b.a.DruidDataSourceAutoConfigure - Init DruidDataSource
2021-02-25 06:12:22.921 [main] INFO  com.alibaba.druid.pool.DruidDataSource - {dataSource-1} inited
2021-02-25 06:12:23.377 [main] INFO  o.s.scheduling.concurrent.ThreadPoolTaskExecutor - Initializing ExecutorService 'applicationTaskExecutor'
2021-02-25 06:12:23.448 [main] INFO  o.s.b.a.web.servlet.WelcomePageHandlerMapping - Adding welcome page: class path resource [static/index.html]
2021-02-25 06:12:23.661 [main] INFO  org.apache.coyote.http11.Http11NioProtocol - Starting ProtocolHandler ["http-nio-8080"]
2021-02-25 06:12:23.691 [main] INFO  o.s.boot.web.embedded.tomcat.TomcatWebServer - Tomcat started on port(s): 8080 (http) with context path ''
2021-02-25 06:12:23.700 [main] INFO  pers.qjw.seckill.SeckillApplication - Started SeckillApplication in 3.876 seconds (JVM running for 5.21)
2021-02-25 06:15:35.395 [http-nio-8080-exec-1] INFO  o.a.c.core.ContainerBase.[Tomcat].[localhost].[/] - Initializing Spring DispatcherServlet 'dispatcherServlet'
2021-02-25 06:15:35.396 [http-nio-8080-exec-1] INFO  org.springframework.web.servlet.DispatcherServlet - Initializing Servlet 'dispatcherServlet'
2021-02-25 06:15:35.397 [http-nio-8080-exec-1] INFO  org.springframework.web.servlet.DispatcherServlet - Completed initialization in 1 ms
2021-02-25 06:17:35.951 [main] INFO  pers.qjw.seckill.SeckillApplication - Starting SeckillApplication using Java 11.0.7 on DESKTOP-ULASHU2 with PID 19768 (C:\Software\笔记\git_project\seckill\seckill-item\target\classes started by qiujiawen in C:\Software\笔记\git_project\seckill)
2021-02-25 06:17:35.956 [main] INFO  pers.qjw.seckill.SeckillApplication - No active profile set, falling back to default profiles: default
2021-02-25 06:17:36.687 [main] INFO  o.s.d.r.config.RepositoryConfigurationDelegate - Multiple Spring Data modules found, entering strict repository configuration mode!
2021-02-25 06:17:36.690 [main] INFO  o.s.d.r.config.RepositoryConfigurationDelegate - Bootstrapping Spring Data Redis repositories in DEFAULT mode.
2021-02-25 06:17:36.713 [main] INFO  o.s.d.r.config.RepositoryConfigurationDelegate - Finished Spring Data repository scanning in 10 ms. Found 0 Redis repository interfaces.
2021-02-25 06:17:37.160 [main] INFO  o.s.boot.web.embedded.tomcat.TomcatWebServer - Tomcat initialized with port(s): 8080 (http)
2021-02-25 06:17:37.170 [main] INFO  org.apache.coyote.http11.Http11NioProtocol - Initializing ProtocolHandler ["http-nio-8080"]
2021-02-25 06:17:37.170 [main] INFO  org.apache.catalina.core.StandardService - Starting service [Tomcat]
2021-02-25 06:17:37.170 [main] INFO  org.apache.catalina.core.StandardEngine - Starting Servlet engine: [Apache Tomcat/9.0.41]
2021-02-25 06:17:37.250 [main] INFO  o.a.c.core.ContainerBase.[Tomcat].[localhost].[/] - Initializing Spring embedded WebApplicationContext
2021-02-25 06:17:37.250 [main] INFO  o.s.b.w.s.c.ServletWebServerApplicationContext - Root WebApplicationContext: initialization completed in 1084 ms
2021-02-25 06:17:37.320 [main] INFO  c.a.d.s.b.a.DruidDataSourceAutoConfigure - Init DruidDataSource
2021-02-25 06:17:37.738 [main] INFO  com.alibaba.druid.pool.DruidDataSource - {dataSource-1} inited
2021-02-25 06:17:38.142 [main] INFO  o.s.scheduling.concurrent.ThreadPoolTaskExecutor - Initializing ExecutorService 'applicationTaskExecutor'
2021-02-25 06:17:38.213 [main] INFO  o.s.b.a.web.servlet.WelcomePageHandlerMapping - Adding welcome page: class path resource [static/index.html]
2021-02-25 06:17:38.442 [main] INFO  org.apache.coyote.http11.Http11NioProtocol - Starting ProtocolHandler ["http-nio-8080"]
2021-02-25 06:17:38.461 [main] INFO  o.s.boot.web.embedded.tomcat.TomcatWebServer - Tomcat started on port(s): 8080 (http) with context path ''
2021-02-25 06:17:38.473 [main] INFO  pers.qjw.seckill.SeckillApplication - Started SeckillApplication in 3.165 seconds (JVM running for 4.211)
2021-02-25 06:17:46.190 [http-nio-8080-exec-1] INFO  o.a.c.core.ContainerBase.[Tomcat].[localhost].[/] - Initializing Spring DispatcherServlet 'dispatcherServlet'
2021-02-25 06:17:46.191 [http-nio-8080-exec-1] INFO  org.springframework.web.servlet.DispatcherServlet - Initializing Servlet 'dispatcherServlet'
2021-02-25 06:17:46.192 [http-nio-8080-exec-1] INFO  org.springframework.web.servlet.DispatcherServlet - Completed initialization in 1 ms
2021-02-25 06:18:29.641 [main] INFO  pers.qjw.seckill.SeckillApplication - Starting SeckillApplication using Java 11.0.7 on DESKTOP-ULASHU2 with PID 20776 (C:\Software\笔记\git_project\seckill\seckill-item\target\classes started by qiujiawen in C:\Software\笔记\git_project\seckill)
2021-02-25 06:18:29.644 [main] INFO  pers.qjw.seckill.SeckillApplication - No active profile set, falling back to default profiles: default
2021-02-25 06:18:30.414 [main] INFO  o.s.d.r.config.RepositoryConfigurationDelegate - Multiple Spring Data modules found, entering strict repository configuration mode!
2021-02-25 06:18:30.417 [main] INFO  o.s.d.r.config.RepositoryConfigurationDelegate - Bootstrapping Spring Data Redis repositories in DEFAULT mode.
2021-02-25 06:18:30.439 [main] INFO  o.s.d.r.config.RepositoryConfigurationDelegate - Finished Spring Data repository scanning in 10 ms. Found 0 Redis repository interfaces.
2021-02-25 06:18:30.885 [main] INFO  o.s.boot.web.embedded.tomcat.TomcatWebServer - Tomcat initialized with port(s): 8080 (http)
2021-02-25 06:18:30.895 [main] INFO  org.apache.coyote.http11.Http11NioProtocol - Initializing ProtocolHandler ["http-nio-8080"]
2021-02-25 06:18:30.895 [main] INFO  org.apache.catalina.core.StandardService - Starting service [Tomcat]
2021-02-25 06:18:30.896 [main] INFO  org.apache.catalina.core.StandardEngine - Starting Servlet engine: [Apache Tomcat/9.0.41]
2021-02-25 06:18:30.975 [main] INFO  o.a.c.core.ContainerBase.[Tomcat].[localhost].[/] - Initializing Spring embedded WebApplicationContext
2021-02-25 06:18:30.975 [main] INFO  o.s.b.w.s.c.ServletWebServerApplicationContext - Root WebApplicationContext: initialization completed in 1127 ms
2021-02-25 06:18:31.049 [main] INFO  c.a.d.s.b.a.DruidDataSourceAutoConfigure - Init DruidDataSource
2021-02-25 06:18:31.462 [main] INFO  com.alibaba.druid.pool.DruidDataSource - {dataSource-1} inited
2021-02-25 06:18:31.848 [main] INFO  o.s.scheduling.concurrent.ThreadPoolTaskExecutor - Initializing ExecutorService 'applicationTaskExecutor'
2021-02-25 06:18:31.908 [main] INFO  o.s.b.a.web.servlet.WelcomePageHandlerMapping - Adding welcome page: class path resource [static/index.html]
2021-02-25 06:18:32.104 [main] INFO  org.apache.coyote.http11.Http11NioProtocol - Starting ProtocolHandler ["http-nio-8080"]
2021-02-25 06:18:32.121 [main] INFO  o.s.boot.web.embedded.tomcat.TomcatWebServer - Tomcat started on port(s): 8080 (http) with context path ''
2021-02-25 06:18:32.130 [main] INFO  pers.qjw.seckill.SeckillApplication - Started SeckillApplication in 3.141 seconds (JVM running for 4.017)
2021-02-25 06:18:39.977 [main] INFO  pers.qjw.seckill.SeckillApplication - Starting SeckillApplication using Java 11.0.7 on DESKTOP-ULASHU2 with PID 13260 (C:\Software\笔记\git_project\seckill\seckill-item\target\classes started by qiujiawen in C:\Software\笔记\git_project\seckill)
2021-02-25 06:18:39.980 [main] INFO  pers.qjw.seckill.SeckillApplication - No active profile set, falling back to default profiles: default
2021-02-25 06:18:40.718 [main] INFO  o.s.d.r.config.RepositoryConfigurationDelegate - Multiple Spring Data modules found, entering strict repository configuration mode!
2021-02-25 06:18:40.720 [main] INFO  o.s.d.r.config.RepositoryConfigurationDelegate - Bootstrapping Spring Data Redis repositories in DEFAULT mode.
2021-02-25 06:18:40.744 [main] INFO  o.s.d.r.config.RepositoryConfigurationDelegate - Finished Spring Data repository scanning in 10 ms. Found 0 Redis repository interfaces.
2021-02-25 06:18:41.188 [main] INFO  o.s.boot.web.embedded.tomcat.TomcatWebServer - Tomcat initialized with port(s): 8080 (http)
2021-02-25 06:18:41.196 [main] INFO  org.apache.coyote.http11.Http11NioProtocol - Initializing ProtocolHandler ["http-nio-8080"]
2021-02-25 06:18:41.197 [main] INFO  org.apache.catalina.core.StandardService - Starting service [Tomcat]
2021-02-25 06:18:41.197 [main] INFO  org.apache.catalina.core.StandardEngine - Starting Servlet engine: [Apache Tomcat/9.0.41]
2021-02-25 06:18:41.273 [main] INFO  o.a.c.core.ContainerBase.[Tomcat].[localhost].[/] - Initializing Spring embedded WebApplicationContext
2021-02-25 06:18:41.273 [main] INFO  o.s.b.w.s.c.ServletWebServerApplicationContext - Root WebApplicationContext: initialization completed in 1070 ms
2021-02-25 06:18:41.341 [main] INFO  c.a.d.s.b.a.DruidDataSourceAutoConfigure - Init DruidDataSource
2021-02-25 06:18:41.743 [main] INFO  com.alibaba.druid.pool.DruidDataSource - {dataSource-1} inited
2021-02-25 06:18:42.144 [main] INFO  o.s.scheduling.concurrent.ThreadPoolTaskExecutor - Initializing ExecutorService 'applicationTaskExecutor'
2021-02-25 06:18:42.208 [main] INFO  o.s.b.a.web.servlet.WelcomePageHandlerMapping - Adding welcome page: class path resource [static/index.html]
2021-02-25 06:18:42.404 [main] INFO  org.apache.coyote.http11.Http11NioProtocol - Starting ProtocolHandler ["http-nio-8080"]
2021-02-25 06:18:42.421 [main] INFO  o.s.boot.web.embedded.tomcat.TomcatWebServer - Tomcat started on port(s): 8080 (http) with context path ''
2021-02-25 06:18:42.430 [main] INFO  pers.qjw.seckill.SeckillApplication - Started SeckillApplication in 3.121 seconds (JVM running for 4.154)
2021-02-25 06:18:45.036 [http-nio-8080-exec-1] INFO  o.a.c.core.ContainerBase.[Tomcat].[localhost].[/] - Initializing Spring DispatcherServlet 'dispatcherServlet'
2021-02-25 06:18:45.036 [http-nio-8080-exec-1] INFO  org.springframework.web.servlet.DispatcherServlet - Initializing Servlet 'dispatcherServlet'
2021-02-25 06:18:45.037 [http-nio-8080-exec-1] INFO  org.springframework.web.servlet.DispatcherServlet - Completed initialization in 1 ms
2021-02-25 06:20:00.626 [main] INFO  pers.qjw.seckill.SeckillApplication - Starting SeckillApplication using Java 11.0.7 on DESKTOP-ULASHU2 with PID 10520 (C:\Software\笔记\git_project\seckill\seckill-item\target\classes started by qiujiawen in C:\Software\笔记\git_project\seckill)
2021-02-25 06:20:00.629 [main] INFO  pers.qjw.seckill.SeckillApplication - No active profile set, falling back to default profiles: default
2021-02-25 06:20:01.398 [main] INFO  o.s.d.r.config.RepositoryConfigurationDelegate - Multiple Spring Data modules found, entering strict repository configuration mode!
2021-02-25 06:20:01.401 [main] INFO  o.s.d.r.config.RepositoryConfigurationDelegate - Bootstrapping Spring Data Redis repositories in DEFAULT mode.
2021-02-25 06:20:01.427 [main] INFO  o.s.d.r.config.RepositoryConfigurationDelegate - Finished Spring Data repository scanning in 10 ms. Found 0 Redis repository interfaces.
2021-02-25 06:20:01.911 [main] INFO  o.s.boot.web.embedded.tomcat.TomcatWebServer - Tomcat initialized with port(s): 8080 (http)
2021-02-25 06:20:01.922 [main] INFO  org.apache.coyote.http11.Http11NioProtocol - Initializing ProtocolHandler ["http-nio-8080"]
2021-02-25 06:20:01.923 [main] INFO  org.apache.catalina.core.StandardService - Starting service [Tomcat]
2021-02-25 06:20:01.923 [main] INFO  org.apache.catalina.core.StandardEngine - Starting Servlet engine: [Apache Tomcat/9.0.41]
2021-02-25 06:20:02.006 [main] INFO  o.a.c.core.ContainerBase.[Tomcat].[localhost].[/] - Initializing Spring embedded WebApplicationContext
2021-02-25 06:20:02.007 [main] INFO  o.s.b.w.s.c.ServletWebServerApplicationContext - Root WebApplicationContext: initialization completed in 1178 ms
2021-02-25 06:20:02.083 [main] INFO  c.a.d.s.b.a.DruidDataSourceAutoConfigure - Init DruidDataSource
2021-02-25 06:20:02.510 [main] INFO  com.alibaba.druid.pool.DruidDataSource - {dataSource-1} inited
2021-02-25 06:20:02.937 [main] INFO  o.s.scheduling.concurrent.ThreadPoolTaskExecutor - Initializing ExecutorService 'applicationTaskExecutor'
2021-02-25 06:20:03.003 [main] INFO  o.s.b.a.web.servlet.WelcomePageHandlerMapping - Adding welcome page: class path resource [static/index.html]
2021-02-25 06:20:03.209 [main] INFO  org.apache.coyote.http11.Http11NioProtocol - Starting ProtocolHandler ["http-nio-8080"]
2021-02-25 06:20:03.228 [main] INFO  o.s.boot.web.embedded.tomcat.TomcatWebServer - Tomcat started on port(s): 8080 (http) with context path ''
2021-02-25 06:20:03.237 [main] INFO  pers.qjw.seckill.SeckillApplication - Started SeckillApplication in 3.328 seconds (JVM running for 4.294)
2021-02-25 06:20:03.461 [http-nio-8080-exec-1] INFO  o.a.c.core.ContainerBase.[Tomcat].[localhost].[/] - Initializing Spring DispatcherServlet 'dispatcherServlet'
2021-02-25 06:20:03.462 [http-nio-8080-exec-1] INFO  org.springframework.web.servlet.DispatcherServlet - Initializing Servlet 'dispatcherServlet'
2021-02-25 06:20:03.463 [http-nio-8080-exec-1] INFO  org.springframework.web.servlet.DispatcherServlet - Completed initialization in 1 ms
2021-02-25 06:20:44.048 [main] INFO  pers.qjw.seckill.SeckillApplication - Starting SeckillApplication using Java 11.0.7 on DESKTOP-ULASHU2 with PID 16824 (C:\Software\笔记\git_project\seckill\seckill-item\target\classes started by qiujiawen in C:\Software\笔记\git_project\seckill)
2021-02-25 06:20:44.051 [main] INFO  pers.qjw.seckill.SeckillApplication - No active profile set, falling back to default profiles: default
2021-02-25 06:20:44.837 [main] INFO  o.s.d.r.config.RepositoryConfigurationDelegate - Multiple Spring Data modules found, entering strict repository configuration mode!
2021-02-25 06:20:44.840 [main] INFO  o.s.d.r.config.RepositoryConfigurationDelegate - Bootstrapping Spring Data Redis repositories in DEFAULT mode.
2021-02-25 06:20:44.864 [main] INFO  o.s.d.r.config.RepositoryConfigurationDelegate - Finished Spring Data repository scanning in 10 ms. Found 0 Redis repository interfaces.
2021-02-25 06:20:45.361 [main] INFO  o.s.boot.web.embedded.tomcat.TomcatWebServer - Tomcat initialized with port(s): 8080 (http)
2021-02-25 06:20:45.372 [main] INFO  org.apache.coyote.http11.Http11NioProtocol - Initializing ProtocolHandler ["http-nio-8080"]
2021-02-25 06:20:45.372 [main] INFO  org.apache.catalina.core.StandardService - Starting service [Tomcat]
2021-02-25 06:20:45.373 [main] INFO  org.apache.catalina.core.StandardEngine - Starting Servlet engine: [Apache Tomcat/9.0.41]
2021-02-25 06:20:45.456 [main] INFO  o.a.c.core.ContainerBase.[Tomcat].[localhost].[/] - Initializing Spring embedded WebApplicationContext
2021-02-25 06:20:45.457 [main] INFO  o.s.b.w.s.c.ServletWebServerApplicationContext - Root WebApplicationContext: initialization completed in 1175 ms
2021-02-25 06:20:45.530 [main] INFO  c.a.d.s.b.a.DruidDataSourceAutoConfigure - Init DruidDataSource
2021-02-25 06:20:45.973 [main] INFO  com.alibaba.druid.pool.DruidDataSource - {dataSource-1} inited
2021-02-25 06:20:46.415 [main] INFO  o.s.scheduling.concurrent.ThreadPoolTaskExecutor - Initializing ExecutorService 'applicationTaskExecutor'
2021-02-25 06:20:46.477 [main] INFO  o.s.b.a.web.servlet.WelcomePageHandlerMapping - Adding welcome page: class path resource [static/index.html]
2021-02-25 06:20:46.680 [main] INFO  org.apache.coyote.http11.Http11NioProtocol - Starting ProtocolHandler ["http-nio-8080"]
2021-02-25 06:20:46.699 [main] INFO  o.s.boot.web.embedded.tomcat.TomcatWebServer - Tomcat started on port(s): 8080 (http) with context path ''
2021-02-25 06:20:46.709 [main] INFO  pers.qjw.seckill.SeckillApplication - Started SeckillApplication in 3.299 seconds (JVM running for 4.335)
2021-02-25 06:20:46.775 [http-nio-8080-exec-1] INFO  o.a.c.core.ContainerBase.[Tomcat].[localhost].[/] - Initializing Spring DispatcherServlet 'dispatcherServlet'
2021-02-25 06:20:46.776 [http-nio-8080-exec-1] INFO  org.springframework.web.servlet.DispatcherServlet - Initializing Servlet 'dispatcherServlet'
2021-02-25 06:20:46.777 [http-nio-8080-exec-1] INFO  org.springframework.web.servlet.DispatcherServlet - Completed initialization in 1 ms
2021-02-25 06:21:22.659 [main] INFO  pers.qjw.seckill.SeckillApplication - Starting SeckillApplication using Java 11.0.7 on DESKTOP-ULASHU2 with PID 19788 (C:\Software\笔记\git_project\seckill\seckill-item\target\classes started by qiujiawen in C:\Software\笔记\git_project\seckill)
2021-02-25 06:21:22.662 [main] INFO  pers.qjw.seckill.SeckillApplication - No active profile set, falling back to default profiles: default
2021-02-25 06:21:23.389 [main] INFO  o.s.d.r.config.RepositoryConfigurationDelegate - Multiple Spring Data modules found, entering strict repository configuration mode!
2021-02-25 06:21:23.391 [main] INFO  o.s.d.r.config.RepositoryConfigurationDelegate - Bootstrapping Spring Data Redis repositories in DEFAULT mode.
2021-02-25 06:21:23.416 [main] INFO  o.s.d.r.config.RepositoryConfigurationDelegate - Finished Spring Data repository scanning in 10 ms. Found 0 Redis repository interfaces.
2021-02-25 06:21:23.888 [main] INFO  o.s.boot.web.embedded.tomcat.TomcatWebServer - Tomcat initialized with port(s): 8080 (http)
2021-02-25 06:21:23.899 [main] INFO  org.apache.coyote.http11.Http11NioProtocol - Initializing ProtocolHandler ["http-nio-8080"]
2021-02-25 06:21:23.899 [main] INFO  org.apache.catalina.core.StandardService - Starting service [Tomcat]
2021-02-25 06:21:23.900 [main] INFO  org.apache.catalina.core.StandardEngine - Starting Servlet engine: [Apache Tomcat/9.0.41]
2021-02-25 06:21:23.986 [main] INFO  o.a.c.core.ContainerBase.[Tomcat].[localhost].[/] - Initializing Spring embedded WebApplicationContext
2021-02-25 06:21:23.987 [main] INFO  o.s.b.w.s.c.ServletWebServerApplicationContext - Root WebApplicationContext: initialization completed in 1122 ms
2021-02-25 06:21:24.065 [main] INFO  c.a.d.s.b.a.DruidDataSourceAutoConfigure - Init DruidDataSource
2021-02-25 06:21:24.504 [main] INFO  com.alibaba.druid.pool.DruidDataSource - {dataSource-1} inited
2021-02-25 06:21:24.891 [main] INFO  o.s.scheduling.concurrent.ThreadPoolTaskExecutor - Initializing ExecutorService 'applicationTaskExecutor'
2021-02-25 06:21:24.968 [main] INFO  o.s.b.a.web.servlet.WelcomePageHandlerMapping - Adding welcome page: class path resource [static/index.html]
2021-02-25 06:21:25.181 [main] INFO  org.apache.coyote.http11.Http11NioProtocol - Starting ProtocolHandler ["http-nio-8080"]
2021-02-25 06:21:25.200 [main] INFO  o.s.boot.web.embedded.tomcat.TomcatWebServer - Tomcat started on port(s): 8080 (http) with context path ''
2021-02-25 06:21:25.209 [main] INFO  pers.qjw.seckill.SeckillApplication - Started SeckillApplication in 3.228 seconds (JVM running for 4.127)
2021-02-25 06:21:25.251 [http-nio-8080-exec-1] INFO  o.a.c.core.ContainerBase.[Tomcat].[localhost].[/] - Initializing Spring DispatcherServlet 'dispatcherServlet'
2021-02-25 06:21:25.252 [http-nio-8080-exec-1] INFO  org.springframework.web.servlet.DispatcherServlet - Initializing Servlet 'dispatcherServlet'
2021-02-25 06:21:25.253 [http-nio-8080-exec-1] INFO  org.springframework.web.servlet.DispatcherServlet - Completed initialization in 1 ms
2021-02-25 06:22:15.800 [main] INFO  pers.qjw.seckill.SeckillApplication - Starting SeckillApplication using Java 11.0.7 on DESKTOP-ULASHU2 with PID 17916 (C:\Software\笔记\git_project\seckill\seckill-item\target\classes started by qiujiawen in C:\Software\笔记\git_project\seckill)
2021-02-25 06:22:15.803 [main] INFO  pers.qjw.seckill.SeckillApplication - No active profile set, falling back to default profiles: default
2021-02-25 06:22:16.522 [main] INFO  o.s.d.r.config.RepositoryConfigurationDelegate - Multiple Spring Data modules found, entering strict repository configuration mode!
2021-02-25 06:22:16.524 [main] INFO  o.s.d.r.config.RepositoryConfigurationDelegate - Bootstrapping Spring Data Redis repositories in DEFAULT mode.
2021-02-25 06:22:16.546 [main] INFO  o.s.d.r.config.RepositoryConfigurationDelegate - Finished Spring Data repository scanning in 9 ms. Found 0 Redis repository interfaces.
2021-02-25 06:22:17.016 [main] INFO  o.s.boot.web.embedded.tomcat.TomcatWebServer - Tomcat initialized with port(s): 8080 (http)
2021-02-25 06:22:17.025 [main] INFO  org.apache.coyote.http11.Http11NioProtocol - Initializing ProtocolHandler ["http-nio-8080"]
2021-02-25 06:22:17.026 [main] INFO  org.apache.catalina.core.StandardService - Starting service [Tomcat]
2021-02-25 06:22:17.026 [main] INFO  org.apache.catalina.core.StandardEngine - Starting Servlet engine: [Apache Tomcat/9.0.41]
2021-02-25 06:22:17.112 [main] INFO  o.a.c.core.ContainerBase.[Tomcat].[localhost].[/] - Initializing Spring embedded WebApplicationContext
2021-02-25 06:22:17.112 [main] INFO  o.s.b.w.s.c.ServletWebServerApplicationContext - Root WebApplicationContext: initialization completed in 1096 ms
2021-02-25 06:22:17.186 [main] INFO  c.a.d.s.b.a.DruidDataSourceAutoConfigure - Init DruidDataSource
2021-02-25 06:22:17.608 [main] INFO  com.alibaba.druid.pool.DruidDataSource - {dataSource-1} inited
2021-02-25 06:22:18.023 [main] INFO  o.s.scheduling.concurrent.ThreadPoolTaskExecutor - Initializing ExecutorService 'applicationTaskExecutor'
2021-02-25 06:22:18.088 [main] INFO  o.s.b.a.web.servlet.WelcomePageHandlerMapping - Adding welcome page: class path resource [static/index.html]
2021-02-25 06:22:18.299 [main] INFO  org.apache.coyote.http11.Http11NioProtocol - Starting ProtocolHandler ["http-nio-8080"]
2021-02-25 06:22:18.318 [main] INFO  o.s.boot.web.embedded.tomcat.TomcatWebServer - Tomcat started on port(s): 8080 (http) with context path ''
2021-02-25 06:22:18.328 [main] INFO  pers.qjw.seckill.SeckillApplication - Started SeckillApplication in 3.237 seconds (JVM running for 4.258)
2021-02-25 06:22:18.394 [http-nio-8080-exec-1] INFO  o.a.c.core.ContainerBase.[Tomcat].[localhost].[/] - Initializing Spring DispatcherServlet 'dispatcherServlet'
2021-02-25 06:22:18.395 [http-nio-8080-exec-1] INFO  org.springframework.web.servlet.DispatcherServlet - Initializing Servlet 'dispatcherServlet'
2021-02-25 06:22:18.396 [http-nio-8080-exec-1] INFO  org.springframework.web.servlet.DispatcherServlet - Completed initialization in 1 ms
2021-02-25 06:22:53.118 [main] INFO  pers.qjw.seckill.SeckillApplication - Starting SeckillApplication using Java 11.0.7 on DESKTOP-ULASHU2 with PID 13192 (C:\Software\笔记\git_project\seckill\seckill-item\target\classes started by qiujiawen in C:\Software\笔记\git_project\seckill)
2021-02-25 06:22:53.122 [main] INFO  pers.qjw.seckill.SeckillApplication - No active profile set, falling back to default profiles: default
2021-02-25 06:22:53.848 [main] INFO  o.s.d.r.config.RepositoryConfigurationDelegate - Multiple Spring Data modules found, entering strict repository configuration mode!
2021-02-25 06:22:53.850 [main] INFO  o.s.d.r.config.RepositoryConfigurationDelegate - Bootstrapping Spring Data Redis repositories in DEFAULT mode.
2021-02-25 06:22:53.872 [main] INFO  o.s.d.r.config.RepositoryConfigurationDelegate - Finished Spring Data repository scanning in 10 ms. Found 0 Redis repository interfaces.
2021-02-25 06:22:54.306 [main] INFO  o.s.boot.web.embedded.tomcat.TomcatWebServer - Tomcat initialized with port(s): 8080 (http)
2021-02-25 06:22:54.314 [main] INFO  org.apache.coyote.http11.Http11NioProtocol - Initializing ProtocolHandler ["http-nio-8080"]
2021-02-25 06:22:54.315 [main] INFO  org.apache.catalina.core.StandardService - Starting service [Tomcat]
2021-02-25 06:22:54.315 [main] INFO  org.apache.catalina.core.StandardEngine - Starting Servlet engine: [Apache Tomcat/9.0.41]
2021-02-25 06:22:54.389 [main] INFO  o.a.c.core.ContainerBase.[Tomcat].[localhost].[/] - Initializing Spring embedded WebApplicationContext
2021-02-25 06:22:54.389 [main] INFO  o.s.b.w.s.c.ServletWebServerApplicationContext - Root WebApplicationContext: initialization completed in 1061 ms
2021-02-25 06:22:54.464 [main] INFO  c.a.d.s.b.a.DruidDataSourceAutoConfigure - Init DruidDataSource
2021-02-25 06:22:54.874 [main] INFO  com.alibaba.druid.pool.DruidDataSource - {dataSource-1} inited
2021-02-25 06:22:55.258 [main] INFO  o.s.scheduling.concurrent.ThreadPoolTaskExecutor - Initializing ExecutorService 'applicationTaskExecutor'
2021-02-25 06:22:55.319 [main] INFO  o.s.b.a.web.servlet.WelcomePageHandlerMapping - Adding welcome page: class path resource [static/index.html]
2021-02-25 06:22:55.523 [main] INFO  org.apache.coyote.http11.Http11NioProtocol - Starting ProtocolHandler ["http-nio-8080"]
2021-02-25 06:22:55.540 [main] INFO  o.s.boot.web.embedded.tomcat.TomcatWebServer - Tomcat started on port(s): 8080 (http) with context path ''
2021-02-25 06:22:55.548 [main] INFO  pers.qjw.seckill.SeckillApplication - Started SeckillApplication in 3.131 seconds (JVM running for 4.032)
2021-02-25 06:23:00.981 [http-nio-8080-exec-1] INFO  o.a.c.core.ContainerBase.[Tomcat].[localhost].[/] - Initializing Spring DispatcherServlet 'dispatcherServlet'
2021-02-25 06:23:00.982 [http-nio-8080-exec-1] INFO  org.springframework.web.servlet.DispatcherServlet - Initializing Servlet 'dispatcherServlet'
2021-02-25 06:23:00.983 [http-nio-8080-exec-1] INFO  org.springframework.web.servlet.DispatcherServlet - Completed initialization in 1 ms
2021-02-25 06:27:32.196 [main] INFO  pers.qjw.seckill.SeckillApplication - Starting SeckillApplication using Java 11.0.7 on DESKTOP-ULASHU2 with PID 16544 (C:\Software\笔记\git_project\seckill\seckill-item\target\classes started by qiujiawen in C:\Software\笔记\git_project\seckill)
2021-02-25 06:27:32.198 [main] INFO  pers.qjw.seckill.SeckillApplication - No active profile set, falling back to default profiles: default
2021-02-25 06:27:33.047 [main] INFO  o.s.d.r.config.RepositoryConfigurationDelegate - Multiple Spring Data modules found, entering strict repository configuration mode!
2021-02-25 06:27:33.050 [main] INFO  o.s.d.r.config.RepositoryConfigurationDelegate - Bootstrapping Spring Data Redis repositories in DEFAULT mode.
2021-02-25 06:27:33.074 [main] INFO  o.s.d.r.config.RepositoryConfigurationDelegate - Finished Spring Data repository scanning in 11 ms. Found 0 Redis repository interfaces.
2021-02-25 06:27:33.521 [main] INFO  o.s.boot.web.embedded.tomcat.TomcatWebServer - Tomcat initialized with port(s): 8080 (http)
2021-02-25 06:27:33.529 [main] INFO  org.apache.coyote.http11.Http11NioProtocol - Initializing ProtocolHandler ["http-nio-8080"]
2021-02-25 06:27:33.529 [main] INFO  org.apache.catalina.core.StandardService - Starting service [Tomcat]
2021-02-25 06:27:33.530 [main] INFO  org.apache.catalina.core.StandardEngine - Starting Servlet engine: [Apache Tomcat/9.0.41]
2021-02-25 06:27:33.613 [main] INFO  o.a.c.core.ContainerBase.[Tomcat].[localhost].[/] - Initializing Spring embedded WebApplicationContext
2021-02-25 06:27:33.613 [main] INFO  o.s.b.w.s.c.ServletWebServerApplicationContext - Root WebApplicationContext: initialization completed in 1165 ms
2021-02-25 06:27:33.682 [main] INFO  c.a.d.s.b.a.DruidDataSourceAutoConfigure - Init DruidDataSource
2021-02-25 06:27:34.104 [main] INFO  com.alibaba.druid.pool.DruidDataSource - {dataSource-1} inited
2021-02-25 06:27:34.489 [main] INFO  o.s.scheduling.concurrent.ThreadPoolTaskExecutor - Initializing ExecutorService 'applicationTaskExecutor'
2021-02-25 06:27:34.620 [main] INFO  o.s.b.a.web.servlet.WelcomePageHandlerMapping - Adding welcome page: class path resource [static/index.html]
2021-02-25 06:27:34.831 [main] INFO  org.apache.coyote.http11.Http11NioProtocol - Starting ProtocolHandler ["http-nio-8080"]
2021-02-25 06:27:34.849 [main] INFO  o.s.boot.web.embedded.tomcat.TomcatWebServer - Tomcat started on port(s): 8080 (http) with context path ''
2021-02-25 06:27:34.858 [main] INFO  pers.qjw.seckill.SeckillApplication - Started SeckillApplication in 3.39 seconds (JVM running for 4.542)
2021-02-25 06:27:36.157 [http-nio-8080-exec-1] INFO  o.a.c.core.ContainerBase.[Tomcat].[localhost].[/] - Initializing Spring DispatcherServlet 'dispatcherServlet'
2021-02-25 06:27:36.157 [http-nio-8080-exec-1] INFO  org.springframework.web.servlet.DispatcherServlet - Initializing Servlet 'dispatcherServlet'
2021-02-25 06:27:36.158 [http-nio-8080-exec-1] INFO  org.springframework.web.servlet.DispatcherServlet - Completed initialization in 0 ms
