2021-02-28 13:48:12.724 [main] INFO  pers.qjw.seckill.SeckillApplication - Starting SeckillApplication using Java 11.0.7 on DESKTOP-ULASHU2 with PID 12152 (C:\Software\笔记\git_project\seckill\seckill-item\target\classes started by qiujiawen in C:\Software\笔记\git_project\seckill)
2021-02-28 13:48:12.729 [main] INFO  pers.qjw.seckill.SeckillApplication - No active profile set, falling back to default profiles: default
2021-02-28 13:48:13.883 [main] INFO  o.s.d.r.config.RepositoryConfigurationDelegate - Multiple Spring Data modules found, entering strict repository configuration mode!
2021-02-28 13:48:13.886 [main] INFO  o.s.d.r.config.RepositoryConfigurationDelegate - Bootstrapping Spring Data Redis repositories in DEFAULT mode.
2021-02-28 13:48:13.916 [main] INFO  o.s.d.r.config.RepositoryConfigurationDelegate - Finished Spring Data repository scanning in 12 ms. Found 0 Redis repository interfaces.
2021-02-28 13:48:14.424 [main] INFO  o.s.boot.web.embedded.tomcat.TomcatWebServer - Tomcat initialized with port(s): 8080 (http)
2021-02-28 13:48:14.433 [main] INFO  org.apache.coyote.http11.Http11NioProtocol - Initializing ProtocolHandler ["http-nio-8080"]
2021-02-28 13:48:14.434 [main] INFO  org.apache.catalina.core.StandardService - Starting service [Tomcat]
2021-02-28 13:48:14.434 [main] INFO  org.apache.catalina.core.StandardEngine - Starting Servlet engine: [Apache Tomcat/9.0.41]
2021-02-28 13:48:14.523 [main] INFO  o.a.c.core.ContainerBase.[Tomcat].[localhost].[/] - Initializing Spring embedded WebApplicationContext
2021-02-28 13:48:14.523 [main] INFO  o.s.b.w.s.c.ServletWebServerApplicationContext - Root WebApplicationContext: initialization completed in 1580 ms
2021-02-28 13:48:14.828 [main] INFO  c.a.d.s.b.a.DruidDataSourceAutoConfigure - Init DruidDataSource
2021-02-28 13:48:15.563 [main] INFO  com.alibaba.druid.pool.DruidDataSource - {dataSource-1} inited
2021-02-28 13:48:15.952 [main] INFO  s.d.s.w.PropertySourcedRequestMappingHandlerMapping - Mapped URL path [/v2/api-docs] onto method [springfox.documentation.swagger2.web.Swagger2Controller#getDocumentation(String, HttpServletRequest)]
2021-02-28 13:48:16.026 [main] INFO  o.s.scheduling.concurrent.ThreadPoolTaskExecutor - Initializing ExecutorService 'applicationTaskExecutor'
2021-02-28 13:48:16.080 [main] INFO  o.s.b.a.web.servlet.WelcomePageHandlerMapping - Adding welcome page template: index
2021-02-28 13:48:16.306 [main] INFO  org.apache.coyote.http11.Http11NioProtocol - Starting ProtocolHandler ["http-nio-8080"]
2021-02-28 13:48:16.328 [main] INFO  o.s.boot.web.embedded.tomcat.TomcatWebServer - Tomcat started on port(s): 8080 (http) with context path ''
2021-02-28 13:48:16.329 [main] INFO  s.d.s.web.plugins.DocumentationPluginsBootstrapper - Context refreshed
2021-02-28 13:48:16.345 [main] INFO  s.d.s.web.plugins.DocumentationPluginsBootstrapper - Found 1 custom documentation plugin(s)
2021-02-28 13:48:16.374 [main] INFO  s.d.spring.web.scanners.ApiListingReferenceScanner - Scanning for api listing references
2021-02-28 13:48:16.516 [main] INFO  s.d.s.w.r.operation.CachingOperationNameGenerator - Generating unique operation named: loginUsingPOST_1
2021-02-28 13:48:16.541 [main] INFO  pers.qjw.seckill.SeckillApplication - Started SeckillApplication in 4.86 seconds (JVM running for 6.363)
2021-02-28 13:48:25.476 [http-nio-8080-exec-1] INFO  o.a.c.core.ContainerBase.[Tomcat].[localhost].[/] - Initializing Spring DispatcherServlet 'dispatcherServlet'
2021-02-28 13:48:25.478 [http-nio-8080-exec-1] INFO  org.springframework.web.servlet.DispatcherServlet - Initializing Servlet 'dispatcherServlet'
2021-02-28 13:48:25.479 [http-nio-8080-exec-1] INFO  org.springframework.web.servlet.DispatcherServlet - Completed initialization in 1 ms
2021-02-28 13:51:29.542 [main] INFO  pers.qjw.seckill.SeckillApplication - Starting SeckillApplication using Java 11.0.7 on DESKTOP-ULASHU2 with PID 20232 (C:\Software\笔记\git_project\seckill\seckill-item\target\classes started by qiujiawen in C:\Software\笔记\git_project\seckill)
2021-02-28 13:51:29.545 [main] INFO  pers.qjw.seckill.SeckillApplication - No active profile set, falling back to default profiles: default
2021-02-28 13:51:30.692 [main] INFO  o.s.d.r.config.RepositoryConfigurationDelegate - Multiple Spring Data modules found, entering strict repository configuration mode!
2021-02-28 13:51:30.695 [main] INFO  o.s.d.r.config.RepositoryConfigurationDelegate - Bootstrapping Spring Data Redis repositories in DEFAULT mode.
2021-02-28 13:51:30.720 [main] INFO  o.s.d.r.config.RepositoryConfigurationDelegate - Finished Spring Data repository scanning in 11 ms. Found 0 Redis repository interfaces.
2021-02-28 13:51:31.179 [main] INFO  o.s.boot.web.embedded.tomcat.TomcatWebServer - Tomcat initialized with port(s): 8080 (http)
2021-02-28 13:51:31.188 [main] INFO  org.apache.coyote.http11.Http11NioProtocol - Initializing ProtocolHandler ["http-nio-8080"]
2021-02-28 13:51:31.189 [main] INFO  org.apache.catalina.core.StandardService - Starting service [Tomcat]
2021-02-28 13:51:31.189 [main] INFO  org.apache.catalina.core.StandardEngine - Starting Servlet engine: [Apache Tomcat/9.0.41]
2021-02-28 13:51:31.276 [main] INFO  o.a.c.core.ContainerBase.[Tomcat].[localhost].[/] - Initializing Spring embedded WebApplicationContext
2021-02-28 13:51:31.276 [main] INFO  o.s.b.w.s.c.ServletWebServerApplicationContext - Root WebApplicationContext: initialization completed in 1469 ms
2021-02-28 13:51:31.526 [main] INFO  c.a.d.s.b.a.DruidDataSourceAutoConfigure - Init DruidDataSource
2021-02-28 13:51:31.962 [main] INFO  com.alibaba.druid.pool.DruidDataSource - {dataSource-1} inited
2021-02-28 13:51:32.312 [main] INFO  s.d.s.w.PropertySourcedRequestMappingHandlerMapping - Mapped URL path [/v2/api-docs] onto method [springfox.documentation.swagger2.web.Swagger2Controller#getDocumentation(String, HttpServletRequest)]
2021-02-28 13:51:32.385 [main] INFO  o.s.scheduling.concurrent.ThreadPoolTaskExecutor - Initializing ExecutorService 'applicationTaskExecutor'
2021-02-28 13:51:32.435 [main] INFO  o.s.b.a.web.servlet.WelcomePageHandlerMapping - Adding welcome page template: index
2021-02-28 13:51:32.689 [main] INFO  org.apache.coyote.http11.Http11NioProtocol - Starting ProtocolHandler ["http-nio-8080"]
2021-02-28 13:51:32.711 [main] INFO  o.s.boot.web.embedded.tomcat.TomcatWebServer - Tomcat started on port(s): 8080 (http) with context path ''
2021-02-28 13:51:32.713 [main] INFO  s.d.s.web.plugins.DocumentationPluginsBootstrapper - Context refreshed
2021-02-28 13:51:32.729 [main] INFO  s.d.s.web.plugins.DocumentationPluginsBootstrapper - Found 1 custom documentation plugin(s)
2021-02-28 13:51:32.758 [main] INFO  s.d.spring.web.scanners.ApiListingReferenceScanner - Scanning for api listing references
2021-02-28 13:51:32.886 [main] INFO  s.d.s.w.r.operation.CachingOperationNameGenerator - Generating unique operation named: loginUsingPOST_1
2021-02-28 13:51:32.910 [main] INFO  pers.qjw.seckill.SeckillApplication - Started SeckillApplication in 4.139 seconds (JVM running for 5.673)
2021-02-28 13:51:37.430 [http-nio-8080-exec-1] INFO  o.a.c.core.ContainerBase.[Tomcat].[localhost].[/] - Initializing Spring DispatcherServlet 'dispatcherServlet'
2021-02-28 13:51:37.431 [http-nio-8080-exec-1] INFO  org.springframework.web.servlet.DispatcherServlet - Initializing Servlet 'dispatcherServlet'
2021-02-28 13:51:37.432 [http-nio-8080-exec-1] INFO  org.springframework.web.servlet.DispatcherServlet - Completed initialization in 1 ms
2021-02-28 13:53:00.710 [main] INFO  pers.qjw.seckill.SeckillApplication - Starting SeckillApplication using Java 11.0.7 on DESKTOP-ULASHU2 with PID 8920 (C:\Software\笔记\git_project\seckill\seckill-item\target\classes started by qiujiawen in C:\Software\笔记\git_project\seckill)
2021-02-28 13:53:00.713 [main] INFO  pers.qjw.seckill.SeckillApplication - No active profile set, falling back to default profiles: default
2021-02-28 13:53:01.861 [main] INFO  o.s.d.r.config.RepositoryConfigurationDelegate - Multiple Spring Data modules found, entering strict repository configuration mode!
2021-02-28 13:53:01.864 [main] INFO  o.s.d.r.config.RepositoryConfigurationDelegate - Bootstrapping Spring Data Redis repositories in DEFAULT mode.
2021-02-28 13:53:01.890 [main] INFO  o.s.d.r.config.RepositoryConfigurationDelegate - Finished Spring Data repository scanning in 12 ms. Found 0 Redis repository interfaces.
2021-02-28 13:53:02.396 [main] INFO  o.s.boot.web.embedded.tomcat.TomcatWebServer - Tomcat initialized with port(s): 8080 (http)
2021-02-28 13:53:02.405 [main] INFO  org.apache.coyote.http11.Http11NioProtocol - Initializing ProtocolHandler ["http-nio-8080"]
2021-02-28 13:53:02.406 [main] INFO  org.apache.catalina.core.StandardService - Starting service [Tomcat]
2021-02-28 13:53:02.407 [main] INFO  org.apache.catalina.core.StandardEngine - Starting Servlet engine: [Apache Tomcat/9.0.41]
2021-02-28 13:53:02.494 [main] INFO  o.a.c.core.ContainerBase.[Tomcat].[localhost].[/] - Initializing Spring embedded WebApplicationContext
2021-02-28 13:53:02.494 [main] INFO  o.s.b.w.s.c.ServletWebServerApplicationContext - Root WebApplicationContext: initialization completed in 1505 ms
2021-02-28 13:53:02.762 [main] INFO  c.a.d.s.b.a.DruidDataSourceAutoConfigure - Init DruidDataSource
2021-02-28 13:53:03.210 [main] INFO  com.alibaba.druid.pool.DruidDataSource - {dataSource-1} inited
2021-02-28 13:53:03.582 [main] INFO  s.d.s.w.PropertySourcedRequestMappingHandlerMapping - Mapped URL path [/v2/api-docs] onto method [springfox.documentation.swagger2.web.Swagger2Controller#getDocumentation(String, HttpServletRequest)]
2021-02-28 13:53:03.654 [main] INFO  o.s.scheduling.concurrent.ThreadPoolTaskExecutor - Initializing ExecutorService 'applicationTaskExecutor'
2021-02-28 13:53:03.703 [main] INFO  o.s.b.a.web.servlet.WelcomePageHandlerMapping - Adding welcome page template: index
2021-02-28 13:53:03.913 [main] INFO  org.apache.coyote.http11.Http11NioProtocol - Starting ProtocolHandler ["http-nio-8080"]
2021-02-28 13:53:03.932 [main] INFO  o.s.boot.web.embedded.tomcat.TomcatWebServer - Tomcat started on port(s): 8080 (http) with context path ''
2021-02-28 13:53:03.934 [main] INFO  s.d.s.web.plugins.DocumentationPluginsBootstrapper - Context refreshed
2021-02-28 13:53:03.966 [main] INFO  s.d.s.web.plugins.DocumentationPluginsBootstrapper - Found 1 custom documentation plugin(s)
2021-02-28 13:53:03.999 [main] INFO  s.d.spring.web.scanners.ApiListingReferenceScanner - Scanning for api listing references
2021-02-28 13:53:04.003 [http-nio-8080-exec-1] INFO  o.a.c.core.ContainerBase.[Tomcat].[localhost].[/] - Initializing Spring DispatcherServlet 'dispatcherServlet'
2021-02-28 13:53:04.004 [http-nio-8080-exec-1] INFO  org.springframework.web.servlet.DispatcherServlet - Initializing Servlet 'dispatcherServlet'
2021-02-28 13:53:04.005 [http-nio-8080-exec-1] INFO  org.springframework.web.servlet.DispatcherServlet - Completed initialization in 1 ms
2021-02-28 13:53:04.184 [main] INFO  s.d.s.w.r.operation.CachingOperationNameGenerator - Generating unique operation named: loginUsingPOST_1
2021-02-28 13:53:04.208 [main] INFO  pers.qjw.seckill.SeckillApplication - Started SeckillApplication in 4.198 seconds (JVM running for 5.169)
2021-02-28 13:55:55.953 [main] INFO  pers.qjw.seckill.SeckillApplication - Starting SeckillApplication using Java 11.0.7 on DESKTOP-ULASHU2 with PID 2604 (C:\Software\笔记\git_project\seckill\seckill-item\target\classes started by qiujiawen in C:\Software\笔记\git_project\seckill)
2021-02-28 13:55:55.957 [main] INFO  pers.qjw.seckill.SeckillApplication - No active profile set, falling back to default profiles: default
2021-02-28 13:55:57.281 [main] INFO  o.s.d.r.config.RepositoryConfigurationDelegate - Multiple Spring Data modules found, entering strict repository configuration mode!
2021-02-28 13:55:57.284 [main] INFO  o.s.d.r.config.RepositoryConfigurationDelegate - Bootstrapping Spring Data Redis repositories in DEFAULT mode.
2021-02-28 13:55:57.333 [main] INFO  o.s.d.r.config.RepositoryConfigurationDelegate - Finished Spring Data repository scanning in 23 ms. Found 0 Redis repository interfaces.
2021-02-28 13:55:57.928 [main] INFO  o.s.boot.web.embedded.tomcat.TomcatWebServer - Tomcat initialized with port(s): 8080 (http)
2021-02-28 13:55:57.946 [main] INFO  org.apache.coyote.http11.Http11NioProtocol - Initializing ProtocolHandler ["http-nio-8080"]
2021-02-28 13:55:57.946 [main] INFO  org.apache.catalina.core.StandardService - Starting service [Tomcat]
2021-02-28 13:55:57.949 [main] INFO  org.apache.catalina.core.StandardEngine - Starting Servlet engine: [Apache Tomcat/9.0.41]
2021-02-28 13:55:58.191 [main] INFO  o.a.c.core.ContainerBase.[Tomcat].[localhost].[/] - Initializing Spring embedded WebApplicationContext
2021-02-28 13:55:58.191 [main] INFO  o.s.b.w.s.c.ServletWebServerApplicationContext - Root WebApplicationContext: initialization completed in 1991 ms
2021-02-28 13:55:58.435 [main] INFO  c.a.d.s.b.a.DruidDataSourceAutoConfigure - Init DruidDataSource
2021-02-28 13:55:59.076 [main] INFO  com.alibaba.druid.pool.DruidDataSource - {dataSource-1} inited
2021-02-28 13:55:59.702 [main] INFO  s.d.s.w.PropertySourcedRequestMappingHandlerMapping - Mapped URL path [/v2/api-docs] onto method [springfox.documentation.swagger2.web.Swagger2Controller#getDocumentation(String, HttpServletRequest)]
2021-02-28 13:55:59.831 [main] INFO  o.s.scheduling.concurrent.ThreadPoolTaskExecutor - Initializing ExecutorService 'applicationTaskExecutor'
2021-02-28 13:55:59.885 [main] INFO  o.s.b.a.web.servlet.WelcomePageHandlerMapping - Adding welcome page template: index
2021-02-28 13:56:00.103 [main] INFO  org.apache.coyote.http11.Http11NioProtocol - Starting ProtocolHandler ["http-nio-8080"]
2021-02-28 13:56:00.139 [main] INFO  o.s.boot.web.embedded.tomcat.TomcatWebServer - Tomcat started on port(s): 8080 (http) with context path ''
2021-02-28 13:56:00.140 [main] INFO  s.d.s.web.plugins.DocumentationPluginsBootstrapper - Context refreshed
2021-02-28 13:56:00.156 [main] INFO  s.d.s.web.plugins.DocumentationPluginsBootstrapper - Found 1 custom documentation plugin(s)
2021-02-28 13:56:00.181 [main] INFO  s.d.spring.web.scanners.ApiListingReferenceScanner - Scanning for api listing references
2021-02-28 13:56:00.324 [main] INFO  s.d.s.w.r.operation.CachingOperationNameGenerator - Generating unique operation named: loginUsingPOST_1
2021-02-28 13:56:00.350 [main] INFO  pers.qjw.seckill.SeckillApplication - Started SeckillApplication in 5.182 seconds (JVM running for 6.183)
2021-02-28 13:56:01.439 [http-nio-8080-exec-1] INFO  o.a.c.core.ContainerBase.[Tomcat].[localhost].[/] - Initializing Spring DispatcherServlet 'dispatcherServlet'
2021-02-28 13:56:01.439 [http-nio-8080-exec-1] INFO  org.springframework.web.servlet.DispatcherServlet - Initializing Servlet 'dispatcherServlet'
2021-02-28 13:56:01.440 [http-nio-8080-exec-1] INFO  org.springframework.web.servlet.DispatcherServlet - Completed initialization in 1 ms
2021-02-28 13:56:14.880 [main] INFO  pers.qjw.seckill.SeckillApplication - Starting SeckillApplication using Java 11.0.7 on DESKTOP-ULASHU2 with PID 14072 (C:\Software\笔记\git_project\seckill\seckill-item\target\classes started by qiujiawen in C:\Software\笔记\git_project\seckill)
2021-02-28 13:56:14.882 [main] INFO  pers.qjw.seckill.SeckillApplication - No active profile set, falling back to default profiles: default
2021-02-28 13:56:15.857 [main] INFO  o.s.d.r.config.RepositoryConfigurationDelegate - Multiple Spring Data modules found, entering strict repository configuration mode!
2021-02-28 13:56:15.859 [main] INFO  o.s.d.r.config.RepositoryConfigurationDelegate - Bootstrapping Spring Data Redis repositories in DEFAULT mode.
2021-02-28 13:56:15.884 [main] INFO  o.s.d.r.config.RepositoryConfigurationDelegate - Finished Spring Data repository scanning in 12 ms. Found 0 Redis repository interfaces.
2021-02-28 13:56:16.325 [main] INFO  o.s.boot.web.embedded.tomcat.TomcatWebServer - Tomcat initialized with port(s): 8080 (http)
2021-02-28 13:56:16.333 [main] INFO  org.apache.coyote.http11.Http11NioProtocol - Initializing ProtocolHandler ["http-nio-8080"]
2021-02-28 13:56:16.333 [main] INFO  org.apache.catalina.core.StandardService - Starting service [Tomcat]
2021-02-28 13:56:16.334 [main] INFO  org.apache.catalina.core.StandardEngine - Starting Servlet engine: [Apache Tomcat/9.0.41]
2021-02-28 13:56:16.412 [main] INFO  o.a.c.core.ContainerBase.[Tomcat].[localhost].[/] - Initializing Spring embedded WebApplicationContext
2021-02-28 13:56:16.412 [main] INFO  o.s.b.w.s.c.ServletWebServerApplicationContext - Root WebApplicationContext: initialization completed in 1335 ms
2021-02-28 13:56:16.658 [main] INFO  c.a.d.s.b.a.DruidDataSourceAutoConfigure - Init DruidDataSource
2021-02-28 13:56:17.088 [main] INFO  com.alibaba.druid.pool.DruidDataSource - {dataSource-1} inited
2021-02-28 13:56:17.517 [main] INFO  s.d.s.w.PropertySourcedRequestMappingHandlerMapping - Mapped URL path [/v2/api-docs] onto method [springfox.documentation.swagger2.web.Swagger2Controller#getDocumentation(String, HttpServletRequest)]
2021-02-28 13:56:17.614 [main] INFO  o.s.scheduling.concurrent.ThreadPoolTaskExecutor - Initializing ExecutorService 'applicationTaskExecutor'
2021-02-28 13:56:17.662 [main] INFO  o.s.b.a.web.servlet.WelcomePageHandlerMapping - Adding welcome page template: index
2021-02-28 13:56:17.909 [main] INFO  org.apache.coyote.http11.Http11NioProtocol - Starting ProtocolHandler ["http-nio-8080"]
2021-02-28 13:56:17.930 [main] INFO  o.s.boot.web.embedded.tomcat.TomcatWebServer - Tomcat started on port(s): 8080 (http) with context path ''
2021-02-28 13:56:17.931 [main] INFO  s.d.s.web.plugins.DocumentationPluginsBootstrapper - Context refreshed
2021-02-28 13:56:17.946 [main] INFO  s.d.s.web.plugins.DocumentationPluginsBootstrapper - Found 1 custom documentation plugin(s)
2021-02-28 13:56:17.974 [main] INFO  s.d.spring.web.scanners.ApiListingReferenceScanner - Scanning for api listing references
2021-02-28 13:56:18.109 [main] INFO  s.d.s.w.r.operation.CachingOperationNameGenerator - Generating unique operation named: loginUsingPOST_1
2021-02-28 13:56:18.133 [main] INFO  pers.qjw.seckill.SeckillApplication - Started SeckillApplication in 4.159 seconds (JVM running for 5.654)
2021-02-28 14:00:45.526 [http-nio-8080-exec-1] INFO  o.a.c.core.ContainerBase.[Tomcat].[localhost].[/] - Initializing Spring DispatcherServlet 'dispatcherServlet'
2021-02-28 14:00:45.527 [http-nio-8080-exec-1] INFO  org.springframework.web.servlet.DispatcherServlet - Initializing Servlet 'dispatcherServlet'
2021-02-28 14:00:45.529 [http-nio-8080-exec-1] INFO  org.springframework.web.servlet.DispatcherServlet - Completed initialization in 2 ms
2021-02-28 14:06:07.379 [main] INFO  pers.qjw.seckill.SeckillApplication - Starting SeckillApplication using Java 11.0.7 on DESKTOP-ULASHU2 with PID 7704 (C:\Software\笔记\git_project\seckill\seckill-item\target\classes started by qiujiawen in C:\Software\笔记\git_project\seckill)
2021-02-28 14:06:07.382 [main] INFO  pers.qjw.seckill.SeckillApplication - No active profile set, falling back to default profiles: default
2021-02-28 14:06:08.313 [main] INFO  o.s.d.r.config.RepositoryConfigurationDelegate - Multiple Spring Data modules found, entering strict repository configuration mode!
2021-02-28 14:06:08.315 [main] INFO  o.s.d.r.config.RepositoryConfigurationDelegate - Bootstrapping Spring Data Redis repositories in DEFAULT mode.
2021-02-28 14:06:08.341 [main] INFO  o.s.d.r.config.RepositoryConfigurationDelegate - Finished Spring Data repository scanning in 12 ms. Found 0 Redis repository interfaces.
2021-02-28 14:06:08.768 [main] INFO  o.s.boot.web.embedded.tomcat.TomcatWebServer - Tomcat initialized with port(s): 8080 (http)
2021-02-28 14:06:08.776 [main] INFO  org.apache.coyote.http11.Http11NioProtocol - Initializing ProtocolHandler ["http-nio-8080"]
2021-02-28 14:06:08.777 [main] INFO  org.apache.catalina.core.StandardService - Starting service [Tomcat]
2021-02-28 14:06:08.777 [main] INFO  org.apache.catalina.core.StandardEngine - Starting Servlet engine: [Apache Tomcat/9.0.41]
2021-02-28 14:06:08.855 [main] INFO  o.a.c.core.ContainerBase.[Tomcat].[localhost].[/] - Initializing Spring embedded WebApplicationContext
2021-02-28 14:06:08.855 [main] INFO  o.s.b.w.s.c.ServletWebServerApplicationContext - Root WebApplicationContext: initialization completed in 1296 ms
2021-02-28 14:06:09.094 [main] INFO  c.a.d.s.b.a.DruidDataSourceAutoConfigure - Init DruidDataSource
2021-02-28 14:06:09.507 [main] INFO  com.alibaba.druid.pool.DruidDataSource - {dataSource-1} inited
2021-02-28 14:06:09.851 [main] INFO  s.d.s.w.PropertySourcedRequestMappingHandlerMapping - Mapped URL path [/v2/api-docs] onto method [springfox.documentation.swagger2.web.Swagger2Controller#getDocumentation(String, HttpServletRequest)]
2021-02-28 14:06:09.918 [main] INFO  o.s.scheduling.concurrent.ThreadPoolTaskExecutor - Initializing ExecutorService 'applicationTaskExecutor'
2021-02-28 14:06:09.965 [main] INFO  o.s.b.a.web.servlet.WelcomePageHandlerMapping - Adding welcome page template: index
2021-02-28 14:06:10.147 [main] INFO  org.apache.coyote.http11.Http11NioProtocol - Starting ProtocolHandler ["http-nio-8080"]
2021-02-28 14:06:10.179 [main] INFO  o.s.boot.web.embedded.tomcat.TomcatWebServer - Tomcat started on port(s): 8080 (http) with context path ''
2021-02-28 14:06:10.180 [main] INFO  s.d.s.web.plugins.DocumentationPluginsBootstrapper - Context refreshed
2021-02-28 14:06:10.194 [main] INFO  s.d.s.web.plugins.DocumentationPluginsBootstrapper - Found 1 custom documentation plugin(s)
2021-02-28 14:06:10.220 [main] INFO  s.d.spring.web.scanners.ApiListingReferenceScanner - Scanning for api listing references
2021-02-28 14:06:10.346 [main] INFO  s.d.s.w.r.operation.CachingOperationNameGenerator - Generating unique operation named: loginUsingPOST_1
2021-02-28 14:06:10.371 [main] INFO  pers.qjw.seckill.SeckillApplication - Started SeckillApplication in 3.651 seconds (JVM running for 4.726)
2021-02-28 14:06:18.468 [http-nio-8080-exec-1] INFO  o.a.c.core.ContainerBase.[Tomcat].[localhost].[/] - Initializing Spring DispatcherServlet 'dispatcherServlet'
2021-02-28 14:06:18.469 [http-nio-8080-exec-1] INFO  org.springframework.web.servlet.DispatcherServlet - Initializing Servlet 'dispatcherServlet'
2021-02-28 14:06:18.471 [http-nio-8080-exec-1] INFO  org.springframework.web.servlet.DispatcherServlet - Completed initialization in 1 ms
2021-02-28 14:09:32.379 [main] INFO  pers.qjw.seckill.SeckillApplication - Starting SeckillApplication using Java 11.0.7 on DESKTOP-ULASHU2 with PID 20452 (C:\Software\笔记\git_project\seckill\seckill-item\target\classes started by qiujiawen in C:\Software\笔记\git_project\seckill)
2021-02-28 14:09:32.382 [main] INFO  pers.qjw.seckill.SeckillApplication - No active profile set, falling back to default profiles: default
2021-02-28 14:09:33.448 [main] INFO  o.s.d.r.config.RepositoryConfigurationDelegate - Multiple Spring Data modules found, entering strict repository configuration mode!
2021-02-28 14:09:33.451 [main] INFO  o.s.d.r.config.RepositoryConfigurationDelegate - Bootstrapping Spring Data Redis repositories in DEFAULT mode.
2021-02-28 14:09:33.475 [main] INFO  o.s.d.r.config.RepositoryConfigurationDelegate - Finished Spring Data repository scanning in 11 ms. Found 0 Redis repository interfaces.
2021-02-28 14:09:33.963 [main] INFO  o.s.boot.web.embedded.tomcat.TomcatWebServer - Tomcat initialized with port(s): 8080 (http)
2021-02-28 14:09:33.978 [main] INFO  org.apache.coyote.http11.Http11NioProtocol - Initializing ProtocolHandler ["http-nio-8080"]
2021-02-28 14:09:33.979 [main] INFO  org.apache.catalina.core.StandardService - Starting service [Tomcat]
2021-02-28 14:09:33.980 [main] INFO  org.apache.catalina.core.StandardEngine - Starting Servlet engine: [Apache Tomcat/9.0.41]
2021-02-28 14:09:34.106 [main] INFO  o.a.c.core.ContainerBase.[Tomcat].[localhost].[/] - Initializing Spring embedded WebApplicationContext
2021-02-28 14:09:34.106 [main] INFO  o.s.b.w.s.c.ServletWebServerApplicationContext - Root WebApplicationContext: initialization completed in 1493 ms
2021-02-28 14:09:34.422 [main] INFO  c.a.d.s.b.a.DruidDataSourceAutoConfigure - Init DruidDataSource
2021-02-28 14:09:34.891 [main] INFO  com.alibaba.druid.pool.DruidDataSource - {dataSource-1} inited
2021-02-28 14:09:35.558 [main] INFO  s.d.s.w.PropertySourcedRequestMappingHandlerMapping - Mapped URL path [/v2/api-docs] onto method [springfox.documentation.swagger2.web.Swagger2Controller#getDocumentation(String, HttpServletRequest)]
2021-02-28 14:09:35.668 [main] INFO  o.s.scheduling.concurrent.ThreadPoolTaskExecutor - Initializing ExecutorService 'applicationTaskExecutor'
2021-02-28 14:09:35.720 [main] INFO  o.s.b.a.web.servlet.WelcomePageHandlerMapping - Adding welcome page template: index
2021-02-28 14:09:35.935 [main] INFO  org.apache.coyote.http11.Http11NioProtocol - Starting ProtocolHandler ["http-nio-8080"]
2021-02-28 14:09:35.955 [main] INFO  o.s.boot.web.embedded.tomcat.TomcatWebServer - Tomcat started on port(s): 8080 (http) with context path ''
2021-02-28 14:09:35.956 [main] INFO  s.d.s.web.plugins.DocumentationPluginsBootstrapper - Context refreshed
2021-02-28 14:09:35.970 [main] INFO  s.d.s.web.plugins.DocumentationPluginsBootstrapper - Found 1 custom documentation plugin(s)
2021-02-28 14:09:35.996 [main] INFO  s.d.spring.web.scanners.ApiListingReferenceScanner - Scanning for api listing references
2021-02-28 14:09:36.120 [http-nio-8080-exec-1] INFO  o.a.c.core.ContainerBase.[Tomcat].[localhost].[/] - Initializing Spring DispatcherServlet 'dispatcherServlet'
2021-02-28 14:09:36.121 [http-nio-8080-exec-1] INFO  org.springframework.web.servlet.DispatcherServlet - Initializing Servlet 'dispatcherServlet'
2021-02-28 14:09:36.122 [http-nio-8080-exec-1] INFO  org.springframework.web.servlet.DispatcherServlet - Completed initialization in 1 ms
2021-02-28 14:09:36.133 [main] INFO  s.d.s.w.r.operation.CachingOperationNameGenerator - Generating unique operation named: loginUsingPOST_1
2021-02-28 14:09:36.179 [main] INFO  pers.qjw.seckill.SeckillApplication - Started SeckillApplication in 4.464 seconds (JVM running for 5.716)
2021-02-28 14:10:40.266 [main] INFO  pers.qjw.seckill.SeckillApplication - Starting SeckillApplication using Java 11.0.7 on DESKTOP-ULASHU2 with PID 16920 (C:\Software\笔记\git_project\seckill\seckill-item\target\classes started by qiujiawen in C:\Software\笔记\git_project\seckill)
2021-02-28 14:10:40.269 [main] INFO  pers.qjw.seckill.SeckillApplication - No active profile set, falling back to default profiles: default
2021-02-28 14:10:41.220 [main] INFO  o.s.d.r.config.RepositoryConfigurationDelegate - Multiple Spring Data modules found, entering strict repository configuration mode!
2021-02-28 14:10:41.224 [main] INFO  o.s.d.r.config.RepositoryConfigurationDelegate - Bootstrapping Spring Data Redis repositories in DEFAULT mode.
2021-02-28 14:10:41.249 [main] INFO  o.s.d.r.config.RepositoryConfigurationDelegate - Finished Spring Data repository scanning in 12 ms. Found 0 Redis repository interfaces.
2021-02-28 14:10:41.704 [main] INFO  o.s.boot.web.embedded.tomcat.TomcatWebServer - Tomcat initialized with port(s): 8080 (http)
2021-02-28 14:10:41.712 [main] INFO  org.apache.coyote.http11.Http11NioProtocol - Initializing ProtocolHandler ["http-nio-8080"]
2021-02-28 14:10:41.712 [main] INFO  org.apache.catalina.core.StandardService - Starting service [Tomcat]
2021-02-28 14:10:41.712 [main] INFO  org.apache.catalina.core.StandardEngine - Starting Servlet engine: [Apache Tomcat/9.0.41]
2021-02-28 14:10:41.789 [main] INFO  o.a.c.core.ContainerBase.[Tomcat].[localhost].[/] - Initializing Spring embedded WebApplicationContext
2021-02-28 14:10:41.789 [main] INFO  o.s.b.w.s.c.ServletWebServerApplicationContext - Root WebApplicationContext: initialization completed in 1328 ms
2021-02-28 14:10:42.032 [main] INFO  c.a.d.s.b.a.DruidDataSourceAutoConfigure - Init DruidDataSource
2021-02-28 14:10:42.444 [main] INFO  com.alibaba.druid.pool.DruidDataSource - {dataSource-1} inited
2021-02-28 14:10:42.784 [main] INFO  s.d.s.w.PropertySourcedRequestMappingHandlerMapping - Mapped URL path [/v2/api-docs] onto method [springfox.documentation.swagger2.web.Swagger2Controller#getDocumentation(String, HttpServletRequest)]
2021-02-28 14:10:42.852 [main] INFO  o.s.scheduling.concurrent.ThreadPoolTaskExecutor - Initializing ExecutorService 'applicationTaskExecutor'
2021-02-28 14:10:42.899 [main] INFO  o.s.b.a.web.servlet.WelcomePageHandlerMapping - Adding welcome page template: index
2021-02-28 14:10:43.088 [main] INFO  org.apache.coyote.http11.Http11NioProtocol - Starting ProtocolHandler ["http-nio-8080"]
2021-02-28 14:10:43.119 [main] INFO  o.s.boot.web.embedded.tomcat.TomcatWebServer - Tomcat started on port(s): 8080 (http) with context path ''
2021-02-28 14:10:43.120 [main] INFO  s.d.s.web.plugins.DocumentationPluginsBootstrapper - Context refreshed
2021-02-28 14:10:43.134 [main] INFO  s.d.s.web.plugins.DocumentationPluginsBootstrapper - Found 1 custom documentation plugin(s)
2021-02-28 14:10:43.160 [main] INFO  s.d.spring.web.scanners.ApiListingReferenceScanner - Scanning for api listing references
2021-02-28 14:10:43.286 [main] INFO  s.d.s.w.r.operation.CachingOperationNameGenerator - Generating unique operation named: loginUsingPOST_1
2021-02-28 14:10:43.309 [main] INFO  pers.qjw.seckill.SeckillApplication - Started SeckillApplication in 3.704 seconds (JVM running for 4.642)
2021-02-28 14:10:45.531 [http-nio-8080-exec-1] INFO  o.a.c.core.ContainerBase.[Tomcat].[localhost].[/] - Initializing Spring DispatcherServlet 'dispatcherServlet'
2021-02-28 14:10:45.532 [http-nio-8080-exec-1] INFO  org.springframework.web.servlet.DispatcherServlet - Initializing Servlet 'dispatcherServlet'
2021-02-28 14:10:45.533 [http-nio-8080-exec-1] INFO  org.springframework.web.servlet.DispatcherServlet - Completed initialization in 1 ms
2021-02-28 14:12:24.659 [main] INFO  pers.qjw.seckill.SeckillApplication - Starting SeckillApplication using Java 11.0.7 on DESKTOP-ULASHU2 with PID 13992 (C:\Software\笔记\git_project\seckill\seckill-item\target\classes started by qiujiawen in C:\Software\笔记\git_project\seckill)
2021-02-28 14:12:24.664 [main] INFO  pers.qjw.seckill.SeckillApplication - No active profile set, falling back to default profiles: default
2021-02-28 14:12:25.632 [main] INFO  o.s.d.r.config.RepositoryConfigurationDelegate - Multiple Spring Data modules found, entering strict repository configuration mode!
2021-02-28 14:12:25.635 [main] INFO  o.s.d.r.config.RepositoryConfigurationDelegate - Bootstrapping Spring Data Redis repositories in DEFAULT mode.
2021-02-28 14:12:25.659 [main] INFO  o.s.d.r.config.RepositoryConfigurationDelegate - Finished Spring Data repository scanning in 11 ms. Found 0 Redis repository interfaces.
2021-02-28 14:12:26.124 [main] INFO  o.s.boot.web.embedded.tomcat.TomcatWebServer - Tomcat initialized with port(s): 8080 (http)
2021-02-28 14:12:26.133 [main] INFO  org.apache.coyote.http11.Http11NioProtocol - Initializing ProtocolHandler ["http-nio-8080"]
2021-02-28 14:12:26.133 [main] INFO  org.apache.catalina.core.StandardService - Starting service [Tomcat]
2021-02-28 14:12:26.134 [main] INFO  org.apache.catalina.core.StandardEngine - Starting Servlet engine: [Apache Tomcat/9.0.41]
2021-02-28 14:12:26.219 [main] INFO  o.a.c.core.ContainerBase.[Tomcat].[localhost].[/] - Initializing Spring embedded WebApplicationContext
2021-02-28 14:12:26.219 [main] INFO  o.s.b.w.s.c.ServletWebServerApplicationContext - Root WebApplicationContext: initialization completed in 1339 ms
2021-02-28 14:12:26.473 [main] INFO  c.a.d.s.b.a.DruidDataSourceAutoConfigure - Init DruidDataSource
2021-02-28 14:12:26.892 [main] INFO  com.alibaba.druid.pool.DruidDataSource - {dataSource-1} inited
2021-02-28 14:12:27.254 [main] INFO  s.d.s.w.PropertySourcedRequestMappingHandlerMapping - Mapped URL path [/v2/api-docs] onto method [springfox.documentation.swagger2.web.Swagger2Controller#getDocumentation(String, HttpServletRequest)]
2021-02-28 14:12:27.323 [main] INFO  o.s.scheduling.concurrent.ThreadPoolTaskExecutor - Initializing ExecutorService 'applicationTaskExecutor'
2021-02-28 14:12:27.368 [main] INFO  o.s.b.a.web.servlet.WelcomePageHandlerMapping - Adding welcome page template: index
2021-02-28 14:12:27.553 [main] INFO  org.apache.coyote.http11.Http11NioProtocol - Starting ProtocolHandler ["http-nio-8080"]
2021-02-28 14:12:27.585 [main] INFO  o.s.boot.web.embedded.tomcat.TomcatWebServer - Tomcat started on port(s): 8080 (http) with context path ''
2021-02-28 14:12:27.586 [main] INFO  s.d.s.web.plugins.DocumentationPluginsBootstrapper - Context refreshed
2021-02-28 14:12:27.603 [main] INFO  s.d.s.web.plugins.DocumentationPluginsBootstrapper - Found 1 custom documentation plugin(s)
2021-02-28 14:12:27.641 [main] INFO  s.d.spring.web.scanners.ApiListingReferenceScanner - Scanning for api listing references
2021-02-28 14:12:27.784 [main] INFO  s.d.s.w.r.operation.CachingOperationNameGenerator - Generating unique operation named: loginUsingPOST_1
2021-02-28 14:12:27.806 [main] INFO  pers.qjw.seckill.SeckillApplication - Started SeckillApplication in 3.842 seconds (JVM running for 4.849)
2021-02-28 14:12:30.548 [http-nio-8080-exec-1] INFO  o.a.c.core.ContainerBase.[Tomcat].[localhost].[/] - Initializing Spring DispatcherServlet 'dispatcherServlet'
2021-02-28 14:12:30.549 [http-nio-8080-exec-1] INFO  org.springframework.web.servlet.DispatcherServlet - Initializing Servlet 'dispatcherServlet'
2021-02-28 14:12:30.550 [http-nio-8080-exec-1] INFO  org.springframework.web.servlet.DispatcherServlet - Completed initialization in 1 ms
2021-02-28 14:14:34.287 [main] INFO  pers.qjw.seckill.SeckillApplication - Starting SeckillApplication using Java 11.0.7 on DESKTOP-ULASHU2 with PID 14324 (C:\Software\笔记\git_project\seckill\seckill-item\target\classes started by qiujiawen in C:\Software\笔记\git_project\seckill)
2021-02-28 14:14:34.290 [main] INFO  pers.qjw.seckill.SeckillApplication - No active profile set, falling back to default profiles: default
2021-02-28 14:14:35.233 [main] INFO  o.s.d.r.config.RepositoryConfigurationDelegate - Multiple Spring Data modules found, entering strict repository configuration mode!
2021-02-28 14:14:35.236 [main] INFO  o.s.d.r.config.RepositoryConfigurationDelegate - Bootstrapping Spring Data Redis repositories in DEFAULT mode.
2021-02-28 14:14:35.258 [main] INFO  o.s.d.r.config.RepositoryConfigurationDelegate - Finished Spring Data repository scanning in 11 ms. Found 0 Redis repository interfaces.
2021-02-28 14:14:35.675 [main] INFO  o.s.boot.web.embedded.tomcat.TomcatWebServer - Tomcat initialized with port(s): 8080 (http)
2021-02-28 14:14:35.683 [main] INFO  org.apache.coyote.http11.Http11NioProtocol - Initializing ProtocolHandler ["http-nio-8080"]
2021-02-28 14:14:35.683 [main] INFO  org.apache.catalina.core.StandardService - Starting service [Tomcat]
2021-02-28 14:14:35.684 [main] INFO  org.apache.catalina.core.StandardEngine - Starting Servlet engine: [Apache Tomcat/9.0.41]
2021-02-28 14:14:35.760 [main] INFO  o.a.c.core.ContainerBase.[Tomcat].[localhost].[/] - Initializing Spring embedded WebApplicationContext
2021-02-28 14:14:35.760 [main] INFO  o.s.b.w.s.c.ServletWebServerApplicationContext - Root WebApplicationContext: initialization completed in 1273 ms
2021-02-28 14:14:35.999 [main] INFO  c.a.d.s.b.a.DruidDataSourceAutoConfigure - Init DruidDataSource
2021-02-28 14:14:36.414 [main] INFO  com.alibaba.druid.pool.DruidDataSource - {dataSource-1} inited
2021-02-28 14:14:36.762 [main] INFO  s.d.s.w.PropertySourcedRequestMappingHandlerMapping - Mapped URL path [/v2/api-docs] onto method [springfox.documentation.swagger2.web.Swagger2Controller#getDocumentation(String, HttpServletRequest)]
2021-02-28 14:14:36.829 [main] INFO  o.s.scheduling.concurrent.ThreadPoolTaskExecutor - Initializing ExecutorService 'applicationTaskExecutor'
2021-02-28 14:14:36.876 [main] INFO  o.s.b.a.web.servlet.WelcomePageHandlerMapping - Adding welcome page template: index
2021-02-28 14:14:37.069 [main] INFO  org.apache.coyote.http11.Http11NioProtocol - Starting ProtocolHandler ["http-nio-8080"]
2021-02-28 14:14:37.090 [main] INFO  o.s.boot.web.embedded.tomcat.TomcatWebServer - Tomcat started on port(s): 8080 (http) with context path ''
2021-02-28 14:14:37.092 [main] INFO  s.d.s.web.plugins.DocumentationPluginsBootstrapper - Context refreshed
2021-02-28 14:14:37.105 [main] INFO  s.d.s.web.plugins.DocumentationPluginsBootstrapper - Found 1 custom documentation plugin(s)
2021-02-28 14:14:37.131 [main] INFO  s.d.spring.web.scanners.ApiListingReferenceScanner - Scanning for api listing references
2021-02-28 14:14:37.255 [main] INFO  s.d.s.w.r.operation.CachingOperationNameGenerator - Generating unique operation named: loginUsingPOST_1
2021-02-28 14:14:37.277 [main] INFO  pers.qjw.seckill.SeckillApplication - Started SeckillApplication in 3.724 seconds (JVM running for 4.873)
2021-02-28 14:24:13.216 [http-nio-8080-exec-1] INFO  o.a.c.core.ContainerBase.[Tomcat].[localhost].[/] - Initializing Spring DispatcherServlet 'dispatcherServlet'
2021-02-28 14:24:13.217 [http-nio-8080-exec-1] INFO  org.springframework.web.servlet.DispatcherServlet - Initializing Servlet 'dispatcherServlet'
2021-02-28 14:24:13.218 [http-nio-8080-exec-1] INFO  org.springframework.web.servlet.DispatcherServlet - Completed initialization in 1 ms
2021-02-28 14:25:29.688 [main] INFO  pers.qjw.seckill.SeckillApplication - Starting SeckillApplication using Java 11.0.7 on DESKTOP-ULASHU2 with PID 932 (C:\Software\笔记\git_project\seckill\seckill-item\target\classes started by qiujiawen in C:\Software\笔记\git_project\seckill)
2021-02-28 14:25:29.690 [main] INFO  pers.qjw.seckill.SeckillApplication - No active profile set, falling back to default profiles: default
2021-02-28 14:25:30.642 [main] INFO  o.s.d.r.config.RepositoryConfigurationDelegate - Multiple Spring Data modules found, entering strict repository configuration mode!
2021-02-28 14:25:30.644 [main] INFO  o.s.d.r.config.RepositoryConfigurationDelegate - Bootstrapping Spring Data Redis repositories in DEFAULT mode.
2021-02-28 14:25:30.669 [main] INFO  o.s.d.r.config.RepositoryConfigurationDelegate - Finished Spring Data repository scanning in 12 ms. Found 0 Redis repository interfaces.
2021-02-28 14:25:31.147 [main] INFO  o.s.boot.web.embedded.tomcat.TomcatWebServer - Tomcat initialized with port(s): 8080 (http)
2021-02-28 14:25:31.157 [main] INFO  org.apache.coyote.http11.Http11NioProtocol - Initializing ProtocolHandler ["http-nio-8080"]
2021-02-28 14:25:31.158 [main] INFO  org.apache.catalina.core.StandardService - Starting service [Tomcat]
2021-02-28 14:25:31.158 [main] INFO  org.apache.catalina.core.StandardEngine - Starting Servlet engine: [Apache Tomcat/9.0.41]
2021-02-28 14:25:31.238 [main] INFO  o.a.c.core.ContainerBase.[Tomcat].[localhost].[/] - Initializing Spring embedded WebApplicationContext
2021-02-28 14:25:31.238 [main] INFO  o.s.b.w.s.c.ServletWebServerApplicationContext - Root WebApplicationContext: initialization completed in 1363 ms
2021-02-28 14:25:31.484 [main] INFO  c.a.d.s.b.a.DruidDataSourceAutoConfigure - Init DruidDataSource
2021-02-28 14:25:31.908 [main] INFO  com.alibaba.druid.pool.DruidDataSource - {dataSource-1} inited
2021-02-28 14:25:32.288 [main] INFO  s.d.s.w.PropertySourcedRequestMappingHandlerMapping - Mapped URL path [/v2/api-docs] onto method [springfox.documentation.swagger2.web.Swagger2Controller#getDocumentation(String, HttpServletRequest)]
2021-02-28 14:25:32.369 [main] INFO  o.s.scheduling.concurrent.ThreadPoolTaskExecutor - Initializing ExecutorService 'applicationTaskExecutor'
2021-02-28 14:25:32.428 [main] INFO  o.s.b.a.web.servlet.WelcomePageHandlerMapping - Adding welcome page template: index
2021-02-28 14:25:32.634 [main] INFO  org.apache.coyote.http11.Http11NioProtocol - Starting ProtocolHandler ["http-nio-8080"]
2021-02-28 14:25:32.667 [main] INFO  o.s.boot.web.embedded.tomcat.TomcatWebServer - Tomcat started on port(s): 8080 (http) with context path ''
2021-02-28 14:25:32.668 [main] INFO  s.d.s.web.plugins.DocumentationPluginsBootstrapper - Context refreshed
2021-02-28 14:25:32.683 [main] INFO  s.d.s.web.plugins.DocumentationPluginsBootstrapper - Found 1 custom documentation plugin(s)
2021-02-28 14:25:32.711 [main] INFO  s.d.spring.web.scanners.ApiListingReferenceScanner - Scanning for api listing references
2021-02-28 14:25:32.771 [http-nio-8080-exec-1] INFO  o.a.c.core.ContainerBase.[Tomcat].[localhost].[/] - Initializing Spring DispatcherServlet 'dispatcherServlet'
2021-02-28 14:25:32.774 [http-nio-8080-exec-1] INFO  org.springframework.web.servlet.DispatcherServlet - Initializing Servlet 'dispatcherServlet'
2021-02-28 14:25:32.777 [http-nio-8080-exec-1] INFO  org.springframework.web.servlet.DispatcherServlet - Completed initialization in 2 ms
2021-02-28 14:25:32.999 [main] INFO  s.d.s.w.r.operation.CachingOperationNameGenerator - Generating unique operation named: loginUsingPOST_1
2021-02-28 14:25:33.029 [main] INFO  pers.qjw.seckill.SeckillApplication - Started SeckillApplication in 4.287 seconds (JVM running for 5.159)
2021-02-28 14:28:09.827 [main] INFO  pers.qjw.seckill.SeckillApplication - Starting SeckillApplication using Java 11.0.7 on DESKTOP-ULASHU2 with PID 18452 (C:\Software\笔记\git_project\seckill\seckill-item\target\classes started by qiujiawen in C:\Software\笔记\git_project\seckill)
2021-02-28 14:28:09.829 [main] INFO  pers.qjw.seckill.SeckillApplication - No active profile set, falling back to default profiles: default
2021-02-28 14:28:10.909 [main] INFO  o.s.d.r.config.RepositoryConfigurationDelegate - Multiple Spring Data modules found, entering strict repository configuration mode!
2021-02-28 14:28:10.914 [main] INFO  o.s.d.r.config.RepositoryConfigurationDelegate - Bootstrapping Spring Data Redis repositories in DEFAULT mode.
2021-02-28 14:28:10.940 [main] INFO  o.s.d.r.config.RepositoryConfigurationDelegate - Finished Spring Data repository scanning in 12 ms. Found 0 Redis repository interfaces.
2021-02-28 14:28:12.175 [main] INFO  o.s.boot.web.embedded.tomcat.TomcatWebServer - Tomcat initialized with port(s): 8080 (http)
2021-02-28 14:28:12.188 [main] INFO  org.apache.coyote.http11.Http11NioProtocol - Initializing ProtocolHandler ["http-nio-8080"]
2021-02-28 14:28:12.189 [main] INFO  org.apache.catalina.core.StandardService - Starting service [Tomcat]
2021-02-28 14:28:12.190 [main] INFO  org.apache.catalina.core.StandardEngine - Starting Servlet engine: [Apache Tomcat/9.0.41]
2021-02-28 14:28:12.276 [main] INFO  o.a.c.core.ContainerBase.[Tomcat].[localhost].[/] - Initializing Spring embedded WebApplicationContext
2021-02-28 14:28:12.277 [main] INFO  o.s.b.w.s.c.ServletWebServerApplicationContext - Root WebApplicationContext: initialization completed in 2214 ms
2021-02-28 14:28:12.532 [main] INFO  c.a.d.s.b.a.DruidDataSourceAutoConfigure - Init DruidDataSource
2021-02-28 14:28:12.956 [main] INFO  com.alibaba.druid.pool.DruidDataSource - {dataSource-1} inited
2021-02-28 14:28:13.347 [main] INFO  s.d.s.w.PropertySourcedRequestMappingHandlerMapping - Mapped URL path [/v2/api-docs] onto method [springfox.documentation.swagger2.web.Swagger2Controller#getDocumentation(String, HttpServletRequest)]
2021-02-28 14:28:13.417 [main] INFO  o.s.scheduling.concurrent.ThreadPoolTaskExecutor - Initializing ExecutorService 'applicationTaskExecutor'
2021-02-28 14:28:13.463 [main] INFO  o.s.b.a.web.servlet.WelcomePageHandlerMapping - Adding welcome page template: index
2021-02-28 14:28:13.665 [main] INFO  org.apache.coyote.http11.Http11NioProtocol - Starting ProtocolHandler ["http-nio-8080"]
2021-02-28 14:28:13.683 [main] INFO  o.s.boot.web.embedded.tomcat.TomcatWebServer - Tomcat started on port(s): 8080 (http) with context path ''
2021-02-28 14:28:13.684 [main] INFO  s.d.s.web.plugins.DocumentationPluginsBootstrapper - Context refreshed
2021-02-28 14:28:13.699 [main] INFO  s.d.s.web.plugins.DocumentationPluginsBootstrapper - Found 1 custom documentation plugin(s)
2021-02-28 14:28:13.726 [main] INFO  s.d.spring.web.scanners.ApiListingReferenceScanner - Scanning for api listing references
2021-02-28 14:28:13.855 [main] INFO  s.d.s.w.r.operation.CachingOperationNameGenerator - Generating unique operation named: loginUsingPOST_1
2021-02-28 14:28:13.876 [main] INFO  pers.qjw.seckill.SeckillApplication - Started SeckillApplication in 4.729 seconds (JVM running for 5.848)
2021-02-28 14:28:18.897 [http-nio-8080-exec-2] INFO  o.a.c.core.ContainerBase.[Tomcat].[localhost].[/] - Initializing Spring DispatcherServlet 'dispatcherServlet'
2021-02-28 14:28:18.897 [http-nio-8080-exec-2] INFO  org.springframework.web.servlet.DispatcherServlet - Initializing Servlet 'dispatcherServlet'
2021-02-28 14:28:18.898 [http-nio-8080-exec-2] INFO  org.springframework.web.servlet.DispatcherServlet - Completed initialization in 1 ms
2021-02-28 14:32:17.437 [main] INFO  pers.qjw.seckill.SeckillApplication - Starting SeckillApplication using Java 11.0.7 on DESKTOP-ULASHU2 with PID 10212 (C:\Software\笔记\git_project\seckill\seckill-item\target\classes started by qiujiawen in C:\Software\笔记\git_project\seckill)
2021-02-28 14:32:17.440 [main] INFO  pers.qjw.seckill.SeckillApplication - No active profile set, falling back to default profiles: default
2021-02-28 14:32:18.424 [main] INFO  o.s.d.r.config.RepositoryConfigurationDelegate - Multiple Spring Data modules found, entering strict repository configuration mode!
2021-02-28 14:32:18.427 [main] INFO  o.s.d.r.config.RepositoryConfigurationDelegate - Bootstrapping Spring Data Redis repositories in DEFAULT mode.
2021-02-28 14:32:18.450 [main] INFO  o.s.d.r.config.RepositoryConfigurationDelegate - Finished Spring Data repository scanning in 11 ms. Found 0 Redis repository interfaces.
2021-02-28 14:32:18.904 [main] INFO  o.s.boot.web.embedded.tomcat.TomcatWebServer - Tomcat initialized with port(s): 8080 (http)
2021-02-28 14:32:18.913 [main] INFO  org.apache.coyote.http11.Http11NioProtocol - Initializing ProtocolHandler ["http-nio-8080"]
2021-02-28 14:32:18.913 [main] INFO  org.apache.catalina.core.StandardService - Starting service [Tomcat]
2021-02-28 14:32:18.913 [main] INFO  org.apache.catalina.core.StandardEngine - Starting Servlet engine: [Apache Tomcat/9.0.41]
2021-02-28 14:32:18.991 [main] INFO  o.a.c.core.ContainerBase.[Tomcat].[localhost].[/] - Initializing Spring embedded WebApplicationContext
2021-02-28 14:32:18.992 [main] INFO  o.s.b.w.s.c.ServletWebServerApplicationContext - Root WebApplicationContext: initialization completed in 1373 ms
2021-02-28 14:32:19.238 [main] INFO  c.a.d.s.b.a.DruidDataSourceAutoConfigure - Init DruidDataSource
2021-02-28 14:32:19.650 [main] INFO  com.alibaba.druid.pool.DruidDataSource - {dataSource-1} inited
2021-02-28 14:32:19.999 [main] INFO  s.d.s.w.PropertySourcedRequestMappingHandlerMapping - Mapped URL path [/v2/api-docs] onto method [springfox.documentation.swagger2.web.Swagger2Controller#getDocumentation(String, HttpServletRequest)]
2021-02-28 14:32:20.068 [main] INFO  o.s.scheduling.concurrent.ThreadPoolTaskExecutor - Initializing ExecutorService 'applicationTaskExecutor'
2021-02-28 14:32:20.115 [main] INFO  o.s.b.a.web.servlet.WelcomePageHandlerMapping - Adding welcome page template: index
2021-02-28 14:32:20.307 [main] INFO  org.apache.coyote.http11.Http11NioProtocol - Starting ProtocolHandler ["http-nio-8080"]
2021-02-28 14:32:20.339 [main] INFO  o.s.boot.web.embedded.tomcat.TomcatWebServer - Tomcat started on port(s): 8080 (http) with context path ''
2021-02-28 14:32:20.340 [main] INFO  s.d.s.web.plugins.DocumentationPluginsBootstrapper - Context refreshed
2021-02-28 14:32:20.354 [main] INFO  s.d.s.web.plugins.DocumentationPluginsBootstrapper - Found 1 custom documentation plugin(s)
2021-02-28 14:32:20.381 [main] INFO  s.d.spring.web.scanners.ApiListingReferenceScanner - Scanning for api listing references
2021-02-28 14:32:20.507 [main] INFO  s.d.s.w.r.operation.CachingOperationNameGenerator - Generating unique operation named: loginUsingPOST_1
2021-02-28 14:32:20.530 [main] INFO  pers.qjw.seckill.SeckillApplication - Started SeckillApplication in 3.869 seconds (JVM running for 4.922)
2021-02-28 14:32:25.553 [http-nio-8080-exec-1] INFO  o.a.c.core.ContainerBase.[Tomcat].[localhost].[/] - Initializing Spring DispatcherServlet 'dispatcherServlet'
2021-02-28 14:32:25.554 [http-nio-8080-exec-1] INFO  org.springframework.web.servlet.DispatcherServlet - Initializing Servlet 'dispatcherServlet'
2021-02-28 14:32:25.554 [http-nio-8080-exec-1] INFO  org.springframework.web.servlet.DispatcherServlet - Completed initialization in 0 ms
2021-02-28 14:34:07.876 [main] INFO  pers.qjw.seckill.SeckillApplication - Starting SeckillApplication using Java 11.0.7 on DESKTOP-ULASHU2 with PID 15804 (C:\Software\笔记\git_project\seckill\seckill-item\target\classes started by qiujiawen in C:\Software\笔记\git_project\seckill)
2021-02-28 14:34:07.879 [main] INFO  pers.qjw.seckill.SeckillApplication - No active profile set, falling back to default profiles: default
2021-02-28 14:34:08.820 [main] INFO  o.s.d.r.config.RepositoryConfigurationDelegate - Multiple Spring Data modules found, entering strict repository configuration mode!
2021-02-28 14:34:08.822 [main] INFO  o.s.d.r.config.RepositoryConfigurationDelegate - Bootstrapping Spring Data Redis repositories in DEFAULT mode.
2021-02-28 14:34:08.845 [main] INFO  o.s.d.r.config.RepositoryConfigurationDelegate - Finished Spring Data repository scanning in 11 ms. Found 0 Redis repository interfaces.
2021-02-28 14:34:09.293 [main] INFO  o.s.boot.web.embedded.tomcat.TomcatWebServer - Tomcat initialized with port(s): 8080 (http)
2021-02-28 14:34:09.302 [main] INFO  org.apache.coyote.http11.Http11NioProtocol - Initializing ProtocolHandler ["http-nio-8080"]
2021-02-28 14:34:09.303 [main] INFO  org.apache.catalina.core.StandardService - Starting service [Tomcat]
2021-02-28 14:34:09.303 [main] INFO  org.apache.catalina.core.StandardEngine - Starting Servlet engine: [Apache Tomcat/9.0.41]
2021-02-28 14:34:09.379 [main] INFO  o.a.c.core.ContainerBase.[Tomcat].[localhost].[/] - Initializing Spring embedded WebApplicationContext
2021-02-28 14:34:09.379 [main] INFO  o.s.b.w.s.c.ServletWebServerApplicationContext - Root WebApplicationContext: initialization completed in 1309 ms
2021-02-28 14:34:09.623 [main] INFO  c.a.d.s.b.a.DruidDataSourceAutoConfigure - Init DruidDataSource
2021-02-28 14:34:10.029 [main] INFO  com.alibaba.druid.pool.DruidDataSource - {dataSource-1} inited
2021-02-28 14:34:10.382 [main] INFO  s.d.s.w.PropertySourcedRequestMappingHandlerMapping - Mapped URL path [/v2/api-docs] onto method [springfox.documentation.swagger2.web.Swagger2Controller#getDocumentation(String, HttpServletRequest)]
2021-02-28 14:34:10.451 [main] INFO  o.s.scheduling.concurrent.ThreadPoolTaskExecutor - Initializing ExecutorService 'applicationTaskExecutor'
2021-02-28 14:34:10.497 [main] INFO  o.s.b.a.web.servlet.WelcomePageHandlerMapping - Adding welcome page template: index
2021-02-28 14:34:10.699 [main] INFO  org.apache.coyote.http11.Http11NioProtocol - Starting ProtocolHandler ["http-nio-8080"]
2021-02-28 14:34:10.731 [main] INFO  o.s.boot.web.embedded.tomcat.TomcatWebServer - Tomcat started on port(s): 8080 (http) with context path ''
2021-02-28 14:34:10.732 [main] INFO  s.d.s.web.plugins.DocumentationPluginsBootstrapper - Context refreshed
2021-02-28 14:34:10.746 [main] INFO  s.d.s.web.plugins.DocumentationPluginsBootstrapper - Found 1 custom documentation plugin(s)
2021-02-28 14:34:10.771 [main] INFO  s.d.spring.web.scanners.ApiListingReferenceScanner - Scanning for api listing references
2021-02-28 14:34:10.898 [main] INFO  s.d.s.w.r.operation.CachingOperationNameGenerator - Generating unique operation named: loginUsingPOST_1
2021-02-28 14:34:10.918 [main] INFO  pers.qjw.seckill.SeckillApplication - Started SeckillApplication in 3.867 seconds (JVM running for 4.86)
2021-02-28 14:34:13.173 [http-nio-8080-exec-1] INFO  o.a.c.core.ContainerBase.[Tomcat].[localhost].[/] - Initializing Spring DispatcherServlet 'dispatcherServlet'
2021-02-28 14:34:13.175 [http-nio-8080-exec-1] INFO  org.springframework.web.servlet.DispatcherServlet - Initializing Servlet 'dispatcherServlet'
2021-02-28 14:34:13.176 [http-nio-8080-exec-1] INFO  org.springframework.web.servlet.DispatcherServlet - Completed initialization in 1 ms
2021-02-28 14:36:35.186 [main] INFO  pers.qjw.seckill.SeckillApplication - Starting SeckillApplication using Java 11.0.7 on DESKTOP-ULASHU2 with PID 7856 (C:\Software\笔记\git_project\seckill\seckill-item\target\classes started by qiujiawen in C:\Software\笔记\git_project\seckill)
2021-02-28 14:36:35.191 [main] INFO  pers.qjw.seckill.SeckillApplication - No active profile set, falling back to default profiles: default
2021-02-28 14:36:36.257 [main] INFO  o.s.d.r.config.RepositoryConfigurationDelegate - Multiple Spring Data modules found, entering strict repository configuration mode!
2021-02-28 14:36:36.261 [main] INFO  o.s.d.r.config.RepositoryConfigurationDelegate - Bootstrapping Spring Data Redis repositories in DEFAULT mode.
2021-02-28 14:36:36.290 [main] INFO  o.s.d.r.config.RepositoryConfigurationDelegate - Finished Spring Data repository scanning in 14 ms. Found 0 Redis repository interfaces.
2021-02-28 14:36:36.766 [main] INFO  o.s.boot.web.embedded.tomcat.TomcatWebServer - Tomcat initialized with port(s): 8080 (http)
2021-02-28 14:36:36.774 [main] INFO  org.apache.coyote.http11.Http11NioProtocol - Initializing ProtocolHandler ["http-nio-8080"]
2021-02-28 14:36:36.775 [main] INFO  org.apache.catalina.core.StandardService - Starting service [Tomcat]
2021-02-28 14:36:36.775 [main] INFO  org.apache.catalina.core.StandardEngine - Starting Servlet engine: [Apache Tomcat/9.0.41]
2021-02-28 14:36:36.855 [main] INFO  o.a.c.core.ContainerBase.[Tomcat].[localhost].[/] - Initializing Spring embedded WebApplicationContext
2021-02-28 14:36:36.855 [main] INFO  o.s.b.w.s.c.ServletWebServerApplicationContext - Root WebApplicationContext: initialization completed in 1448 ms
2021-02-28 14:36:37.117 [main] INFO  c.a.d.s.b.a.DruidDataSourceAutoConfigure - Init DruidDataSource
2021-02-28 14:36:37.542 [main] INFO  com.alibaba.druid.pool.DruidDataSource - {dataSource-1} inited
2021-02-28 14:36:37.899 [main] INFO  s.d.s.w.PropertySourcedRequestMappingHandlerMapping - Mapped URL path [/v2/api-docs] onto method [springfox.documentation.swagger2.web.Swagger2Controller#getDocumentation(String, HttpServletRequest)]
2021-02-28 14:36:37.988 [main] INFO  o.s.scheduling.concurrent.ThreadPoolTaskExecutor - Initializing ExecutorService 'applicationTaskExecutor'
2021-02-28 14:36:38.038 [main] INFO  o.s.b.a.web.servlet.WelcomePageHandlerMapping - Adding welcome page template: index
2021-02-28 14:36:38.259 [main] INFO  org.apache.coyote.http11.Http11NioProtocol - Starting ProtocolHandler ["http-nio-8080"]
2021-02-28 14:36:38.280 [main] INFO  o.s.boot.web.embedded.tomcat.TomcatWebServer - Tomcat started on port(s): 8080 (http) with context path ''
2021-02-28 14:36:38.282 [main] INFO  s.d.s.web.plugins.DocumentationPluginsBootstrapper - Context refreshed
2021-02-28 14:36:38.297 [main] INFO  s.d.s.web.plugins.DocumentationPluginsBootstrapper - Found 1 custom documentation plugin(s)
2021-02-28 14:36:38.325 [main] INFO  s.d.spring.web.scanners.ApiListingReferenceScanner - Scanning for api listing references
2021-02-28 14:36:38.459 [http-nio-8080-exec-1] INFO  o.a.c.core.ContainerBase.[Tomcat].[localhost].[/] - Initializing Spring DispatcherServlet 'dispatcherServlet'
2021-02-28 14:36:38.460 [http-nio-8080-exec-1] INFO  org.springframework.web.servlet.DispatcherServlet - Initializing Servlet 'dispatcherServlet'
2021-02-28 14:36:38.461 [http-nio-8080-exec-1] INFO  org.springframework.web.servlet.DispatcherServlet - Completed initialization in 1 ms
2021-02-28 14:36:38.514 [main] INFO  pers.qjw.seckill.SeckillApplication - Started SeckillApplication in 4.112 seconds (JVM running for 5.202)
2021-02-28 14:41:40.661 [main] INFO  pers.qjw.seckill.SeckillApplication - Starting SeckillApplication using Java 11.0.7 on DESKTOP-ULASHU2 with PID 1244 (C:\Software\笔记\git_project\seckill\seckill-item\target\classes started by qiujiawen in C:\Software\笔记\git_project\seckill)
2021-02-28 14:41:40.664 [main] INFO  pers.qjw.seckill.SeckillApplication - No active profile set, falling back to default profiles: default
2021-02-28 14:41:41.910 [main] INFO  o.s.d.r.config.RepositoryConfigurationDelegate - Multiple Spring Data modules found, entering strict repository configuration mode!
2021-02-28 14:41:41.913 [main] INFO  o.s.d.r.config.RepositoryConfigurationDelegate - Bootstrapping Spring Data Redis repositories in DEFAULT mode.
2021-02-28 14:41:41.941 [main] INFO  o.s.d.r.config.RepositoryConfigurationDelegate - Finished Spring Data repository scanning in 12 ms. Found 0 Redis repository interfaces.
2021-02-28 14:41:42.486 [main] INFO  o.s.boot.web.embedded.tomcat.TomcatWebServer - Tomcat initialized with port(s): 8080 (http)
2021-02-28 14:41:42.494 [main] INFO  org.apache.coyote.http11.Http11NioProtocol - Initializing ProtocolHandler ["http-nio-8080"]
2021-02-28 14:41:42.495 [main] INFO  org.apache.catalina.core.StandardService - Starting service [Tomcat]
2021-02-28 14:41:42.495 [main] INFO  org.apache.catalina.core.StandardEngine - Starting Servlet engine: [Apache Tomcat/9.0.41]
2021-02-28 14:41:42.581 [main] INFO  o.a.c.core.ContainerBase.[Tomcat].[localhost].[/] - Initializing Spring embedded WebApplicationContext
2021-02-28 14:41:42.581 [main] INFO  o.s.b.w.s.c.ServletWebServerApplicationContext - Root WebApplicationContext: initialization completed in 1685 ms
2021-02-28 14:41:42.866 [main] INFO  c.a.d.s.b.a.DruidDataSourceAutoConfigure - Init DruidDataSource
2021-02-28 14:41:43.343 [main] INFO  com.alibaba.druid.pool.DruidDataSource - {dataSource-1} inited
2021-02-28 14:41:43.762 [main] INFO  s.d.s.w.PropertySourcedRequestMappingHandlerMapping - Mapped URL path [/v2/api-docs] onto method [springfox.documentation.swagger2.web.Swagger2Controller#getDocumentation(String, HttpServletRequest)]
2021-02-28 14:41:43.841 [main] INFO  o.s.scheduling.concurrent.ThreadPoolTaskExecutor - Initializing ExecutorService 'applicationTaskExecutor'
2021-02-28 14:41:43.895 [main] INFO  o.s.b.a.web.servlet.WelcomePageHandlerMapping - Adding welcome page template: index
2021-02-28 14:41:44.148 [main] INFO  org.apache.coyote.http11.Http11NioProtocol - Starting ProtocolHandler ["http-nio-8080"]
2021-02-28 14:41:44.189 [main] INFO  o.s.boot.web.embedded.tomcat.TomcatWebServer - Tomcat started on port(s): 8080 (http) with context path ''
2021-02-28 14:41:44.189 [main] INFO  s.d.s.web.plugins.DocumentationPluginsBootstrapper - Context refreshed
2021-02-28 14:41:44.209 [main] INFO  s.d.s.web.plugins.DocumentationPluginsBootstrapper - Found 1 custom documentation plugin(s)
2021-02-28 14:41:44.244 [main] INFO  s.d.spring.web.scanners.ApiListingReferenceScanner - Scanning for api listing references
2021-02-28 14:41:44.422 [main] INFO  pers.qjw.seckill.SeckillApplication - Started SeckillApplication in 4.76 seconds (JVM running for 5.974)
2021-02-28 14:43:43.292 [http-nio-8080-exec-1] INFO  o.a.c.core.ContainerBase.[Tomcat].[localhost].[/] - Initializing Spring DispatcherServlet 'dispatcherServlet'
2021-02-28 14:43:43.298 [http-nio-8080-exec-1] INFO  org.springframework.web.servlet.DispatcherServlet - Initializing Servlet 'dispatcherServlet'
2021-02-28 14:43:43.300 [http-nio-8080-exec-1] INFO  org.springframework.web.servlet.DispatcherServlet - Completed initialization in 2 ms
2021-02-28 14:49:40.961 [main] INFO  pers.qjw.seckill.SeckillApplication - Starting SeckillApplication using Java 11.0.7 on DESKTOP-ULASHU2 with PID 7040 (C:\Software\笔记\git_project\seckill\seckill-item\target\classes started by qiujiawen in C:\Software\笔记\git_project\seckill)
2021-02-28 14:49:40.963 [main] INFO  pers.qjw.seckill.SeckillApplication - No active profile set, falling back to default profiles: default
2021-02-28 14:49:42.035 [main] INFO  o.s.d.r.config.RepositoryConfigurationDelegate - Multiple Spring Data modules found, entering strict repository configuration mode!
2021-02-28 14:49:42.038 [main] INFO  o.s.d.r.config.RepositoryConfigurationDelegate - Bootstrapping Spring Data Redis repositories in DEFAULT mode.
2021-02-28 14:49:42.062 [main] INFO  o.s.d.r.config.RepositoryConfigurationDelegate - Finished Spring Data repository scanning in 11 ms. Found 0 Redis repository interfaces.
2021-02-28 14:49:42.532 [main] INFO  o.s.boot.web.embedded.tomcat.TomcatWebServer - Tomcat initialized with port(s): 8080 (http)
2021-02-28 14:49:42.541 [main] INFO  org.apache.coyote.http11.Http11NioProtocol - Initializing ProtocolHandler ["http-nio-8080"]
2021-02-28 14:49:42.541 [main] INFO  org.apache.catalina.core.StandardService - Starting service [Tomcat]
2021-02-28 14:49:42.541 [main] INFO  org.apache.catalina.core.StandardEngine - Starting Servlet engine: [Apache Tomcat/9.0.41]
2021-02-28 14:49:42.621 [main] INFO  o.a.c.core.ContainerBase.[Tomcat].[localhost].[/] - Initializing Spring embedded WebApplicationContext
2021-02-28 14:49:42.622 [main] INFO  o.s.b.w.s.c.ServletWebServerApplicationContext - Root WebApplicationContext: initialization completed in 1392 ms
2021-02-28 14:49:42.882 [main] INFO  c.a.d.s.b.a.DruidDataSourceAutoConfigure - Init DruidDataSource
2021-02-28 14:49:43.321 [main] INFO  com.alibaba.druid.pool.DruidDataSource - {dataSource-1} inited
2021-02-28 14:49:43.684 [main] INFO  s.d.s.w.PropertySourcedRequestMappingHandlerMapping - Mapped URL path [/v2/api-docs] onto method [springfox.documentation.swagger2.web.Swagger2Controller#getDocumentation(String, HttpServletRequest)]
2021-02-28 14:49:43.755 [main] INFO  o.s.scheduling.concurrent.ThreadPoolTaskExecutor - Initializing ExecutorService 'applicationTaskExecutor'
2021-02-28 14:49:43.811 [main] INFO  o.s.b.a.web.servlet.WelcomePageHandlerMapping - Adding welcome page template: index
2021-02-28 14:49:44.023 [main] INFO  org.apache.coyote.http11.Http11NioProtocol - Starting ProtocolHandler ["http-nio-8080"]
2021-02-28 14:49:44.042 [main] INFO  o.s.boot.web.embedded.tomcat.TomcatWebServer - Tomcat started on port(s): 8080 (http) with context path ''
2021-02-28 14:49:44.043 [main] INFO  s.d.s.web.plugins.DocumentationPluginsBootstrapper - Context refreshed
2021-02-28 14:49:44.057 [main] INFO  s.d.s.web.plugins.DocumentationPluginsBootstrapper - Found 1 custom documentation plugin(s)
2021-02-28 14:49:44.084 [main] INFO  s.d.spring.web.scanners.ApiListingReferenceScanner - Scanning for api listing references
2021-02-28 14:49:44.241 [main] INFO  pers.qjw.seckill.SeckillApplication - Started SeckillApplication in 4.101 seconds (JVM running for 5.237)
2021-02-28 14:49:48.116 [http-nio-8080-exec-1] INFO  o.a.c.core.ContainerBase.[Tomcat].[localhost].[/] - Initializing Spring DispatcherServlet 'dispatcherServlet'
2021-02-28 14:49:48.117 [http-nio-8080-exec-1] INFO  org.springframework.web.servlet.DispatcherServlet - Initializing Servlet 'dispatcherServlet'
2021-02-28 14:49:48.119 [http-nio-8080-exec-1] INFO  org.springframework.web.servlet.DispatcherServlet - Completed initialization in 1 ms
2021-02-28 18:34:11.750 [main] INFO  pers.qjw.seckill.SeckillApplication - Starting SeckillApplication using Java 11.0.7 on DESKTOP-ULASHU2 with PID 14384 (C:\Software\笔记\git_project\seckill\seckill-item\target\classes started by qiujiawen in C:\Software\笔记\git_project\seckill)
2021-02-28 18:34:11.753 [main] INFO  pers.qjw.seckill.SeckillApplication - No active profile set, falling back to default profiles: default
2021-02-28 18:34:13.370 [main] INFO  o.s.d.r.config.RepositoryConfigurationDelegate - Multiple Spring Data modules found, entering strict repository configuration mode!
2021-02-28 18:34:13.373 [main] INFO  o.s.d.r.config.RepositoryConfigurationDelegate - Bootstrapping Spring Data Redis repositories in DEFAULT mode.
2021-02-28 18:34:13.408 [main] INFO  o.s.d.r.config.RepositoryConfigurationDelegate - Finished Spring Data repository scanning in 14 ms. Found 0 Redis repository interfaces.
2021-02-28 18:34:14.042 [main] INFO  o.s.boot.web.embedded.tomcat.TomcatWebServer - Tomcat initialized with port(s): 8080 (http)
2021-02-28 18:34:14.065 [main] INFO  org.apache.coyote.http11.Http11NioProtocol - Initializing ProtocolHandler ["http-nio-8080"]
2021-02-28 18:34:14.066 [main] INFO  org.apache.catalina.core.StandardService - Starting service [Tomcat]
2021-02-28 18:34:14.070 [main] INFO  org.apache.catalina.core.StandardEngine - Starting Servlet engine: [Apache Tomcat/9.0.41]
2021-02-28 18:34:14.257 [main] INFO  o.a.c.core.ContainerBase.[Tomcat].[localhost].[/] - Initializing Spring embedded WebApplicationContext
2021-02-28 18:34:14.258 [main] INFO  o.s.b.w.s.c.ServletWebServerApplicationContext - Root WebApplicationContext: initialization completed in 2270 ms
2021-02-28 18:34:14.825 [main] INFO  c.a.d.s.b.a.DruidDataSourceAutoConfigure - Init DruidDataSource
2021-02-28 18:34:15.640 [main] INFO  com.alibaba.druid.pool.DruidDataSource - {dataSource-1} inited
2021-02-28 18:34:16.217 [main] INFO  s.d.s.w.PropertySourcedRequestMappingHandlerMapping - Mapped URL path [/v2/api-docs] onto method [springfox.documentation.swagger2.web.Swagger2Controller#getDocumentation(String, HttpServletRequest)]
2021-02-28 18:34:16.327 [main] INFO  o.s.scheduling.concurrent.ThreadPoolTaskExecutor - Initializing ExecutorService 'applicationTaskExecutor'
2021-02-28 18:34:16.399 [main] INFO  o.s.b.a.web.servlet.WelcomePageHandlerMapping - Adding welcome page template: index
2021-02-28 18:34:16.700 [main] INFO  org.apache.coyote.http11.Http11NioProtocol - Starting ProtocolHandler ["http-nio-8080"]
2021-02-28 18:34:16.723 [main] INFO  o.s.boot.web.embedded.tomcat.TomcatWebServer - Tomcat started on port(s): 8080 (http) with context path ''
2021-02-28 18:34:16.724 [main] INFO  s.d.s.web.plugins.DocumentationPluginsBootstrapper - Context refreshed
2021-02-28 18:34:16.744 [main] INFO  s.d.s.web.plugins.DocumentationPluginsBootstrapper - Found 1 custom documentation plugin(s)
2021-02-28 18:34:16.776 [main] INFO  s.d.spring.web.scanners.ApiListingReferenceScanner - Scanning for api listing references
2021-02-28 18:34:16.990 [main] INFO  pers.qjw.seckill.SeckillApplication - Started SeckillApplication in 5.839 seconds (JVM running for 6.938)
2021-02-28 18:34:23.757 [http-nio-8080-exec-1] INFO  o.a.c.core.ContainerBase.[Tomcat].[localhost].[/] - Initializing Spring DispatcherServlet 'dispatcherServlet'
2021-02-28 18:34:23.758 [http-nio-8080-exec-1] INFO  org.springframework.web.servlet.DispatcherServlet - Initializing Servlet 'dispatcherServlet'
2021-02-28 18:34:23.760 [http-nio-8080-exec-1] INFO  org.springframework.web.servlet.DispatcherServlet - Completed initialization in 2 ms
2021-02-28 18:41:42.955 [main] INFO  pers.qjw.seckill.SeckillApplication - Starting SeckillApplication using Java 11.0.7 on DESKTOP-ULASHU2 with PID 20492 (C:\Software\笔记\git_project\seckill\seckill-item\target\classes started by qiujiawen in C:\Software\笔记\git_project\seckill)
2021-02-28 18:41:42.959 [main] INFO  pers.qjw.seckill.SeckillApplication - No active profile set, falling back to default profiles: default
2021-02-28 18:41:44.182 [main] INFO  o.s.d.r.config.RepositoryConfigurationDelegate - Multiple Spring Data modules found, entering strict repository configuration mode!
2021-02-28 18:41:44.185 [main] INFO  o.s.d.r.config.RepositoryConfigurationDelegate - Bootstrapping Spring Data Redis repositories in DEFAULT mode.
2021-02-28 18:41:44.212 [main] INFO  o.s.d.r.config.RepositoryConfigurationDelegate - Finished Spring Data repository scanning in 12 ms. Found 0 Redis repository interfaces.
2021-02-28 18:41:44.693 [main] INFO  o.s.boot.web.embedded.tomcat.TomcatWebServer - Tomcat initialized with port(s): 8080 (http)
2021-02-28 18:41:44.703 [main] INFO  org.apache.coyote.http11.Http11NioProtocol - Initializing ProtocolHandler ["http-nio-8080"]
2021-02-28 18:41:44.704 [main] INFO  org.apache.catalina.core.StandardService - Starting service [Tomcat]
2021-02-28 18:41:44.704 [main] INFO  org.apache.catalina.core.StandardEngine - Starting Servlet engine: [Apache Tomcat/9.0.41]
2021-02-28 18:41:44.814 [main] INFO  o.a.c.core.ContainerBase.[Tomcat].[localhost].[/] - Initializing Spring embedded WebApplicationContext
2021-02-28 18:41:44.814 [main] INFO  o.s.b.w.s.c.ServletWebServerApplicationContext - Root WebApplicationContext: initialization completed in 1570 ms
2021-02-28 18:41:45.172 [main] INFO  c.a.d.s.b.a.DruidDataSourceAutoConfigure - Init DruidDataSource
2021-02-28 18:41:45.840 [main] INFO  com.alibaba.druid.pool.DruidDataSource - {dataSource-1} inited
2021-02-28 18:41:46.229 [main] INFO  s.d.s.w.PropertySourcedRequestMappingHandlerMapping - Mapped URL path [/v2/api-docs] onto method [springfox.documentation.swagger2.web.Swagger2Controller#getDocumentation(String, HttpServletRequest)]
2021-02-28 18:41:46.320 [main] INFO  o.s.scheduling.concurrent.ThreadPoolTaskExecutor - Initializing ExecutorService 'applicationTaskExecutor'
2021-02-28 18:41:46.377 [main] INFO  o.s.b.a.web.servlet.WelcomePageHandlerMapping - Adding welcome page template: index
2021-02-28 18:41:46.579 [main] INFO  org.apache.coyote.http11.Http11NioProtocol - Starting ProtocolHandler ["http-nio-8080"]
2021-02-28 18:41:46.599 [main] INFO  o.s.boot.web.embedded.tomcat.TomcatWebServer - Tomcat started on port(s): 8080 (http) with context path ''
2021-02-28 18:41:46.601 [main] INFO  s.d.s.web.plugins.DocumentationPluginsBootstrapper - Context refreshed
2021-02-28 18:41:46.618 [main] INFO  s.d.s.web.plugins.DocumentationPluginsBootstrapper - Found 1 custom documentation plugin(s)
2021-02-28 18:41:46.647 [main] INFO  s.d.spring.web.scanners.ApiListingReferenceScanner - Scanning for api listing references
2021-02-28 18:41:46.823 [main] INFO  pers.qjw.seckill.SeckillApplication - Started SeckillApplication in 4.888 seconds (JVM running for 6.073)
2021-02-28 18:41:48.664 [http-nio-8080-exec-1] INFO  o.a.c.core.ContainerBase.[Tomcat].[localhost].[/] - Initializing Spring DispatcherServlet 'dispatcherServlet'
2021-02-28 18:41:48.667 [http-nio-8080-exec-1] INFO  org.springframework.web.servlet.DispatcherServlet - Initializing Servlet 'dispatcherServlet'
2021-02-28 18:41:48.669 [http-nio-8080-exec-1] INFO  org.springframework.web.servlet.DispatcherServlet - Completed initialization in 1 ms
2021-02-28 18:42:17.506 [main] INFO  pers.qjw.seckill.SeckillApplication - Starting SeckillApplication using Java 11.0.7 on DESKTOP-ULASHU2 with PID 9948 (C:\Software\笔记\git_project\seckill\seckill-item\target\classes started by qiujiawen in C:\Software\笔记\git_project\seckill)
2021-02-28 18:42:17.509 [main] INFO  pers.qjw.seckill.SeckillApplication - No active profile set, falling back to default profiles: default
2021-02-28 18:42:18.585 [main] INFO  o.s.d.r.config.RepositoryConfigurationDelegate - Multiple Spring Data modules found, entering strict repository configuration mode!
2021-02-28 18:42:18.588 [main] INFO  o.s.d.r.config.RepositoryConfigurationDelegate - Bootstrapping Spring Data Redis repositories in DEFAULT mode.
2021-02-28 18:42:18.615 [main] INFO  o.s.d.r.config.RepositoryConfigurationDelegate - Finished Spring Data repository scanning in 12 ms. Found 0 Redis repository interfaces.
2021-02-28 18:42:19.084 [main] INFO  o.s.boot.web.embedded.tomcat.TomcatWebServer - Tomcat initialized with port(s): 8080 (http)
2021-02-28 18:42:19.093 [main] INFO  org.apache.coyote.http11.Http11NioProtocol - Initializing ProtocolHandler ["http-nio-8080"]
2021-02-28 18:42:19.094 [main] INFO  org.apache.catalina.core.StandardService - Starting service [Tomcat]
2021-02-28 18:42:19.094 [main] INFO  org.apache.catalina.core.StandardEngine - Starting Servlet engine: [Apache Tomcat/9.0.41]
2021-02-28 18:42:19.178 [main] INFO  o.a.c.core.ContainerBase.[Tomcat].[localhost].[/] - Initializing Spring embedded WebApplicationContext
2021-02-28 18:42:19.178 [main] INFO  o.s.b.w.s.c.ServletWebServerApplicationContext - Root WebApplicationContext: initialization completed in 1435 ms
2021-02-28 18:42:19.445 [main] INFO  c.a.d.s.b.a.DruidDataSourceAutoConfigure - Init DruidDataSource
2021-02-28 18:42:19.916 [main] INFO  com.alibaba.druid.pool.DruidDataSource - {dataSource-1} inited
2021-02-28 18:42:20.400 [main] INFO  s.d.s.w.PropertySourcedRequestMappingHandlerMapping - Mapped URL path [/v2/api-docs] onto method [springfox.documentation.swagger2.web.Swagger2Controller#getDocumentation(String, HttpServletRequest)]
2021-02-28 18:42:20.514 [main] INFO  o.s.scheduling.concurrent.ThreadPoolTaskExecutor - Initializing ExecutorService 'applicationTaskExecutor'
2021-02-28 18:42:20.576 [main] INFO  o.s.b.a.web.servlet.WelcomePageHandlerMapping - Adding welcome page template: index
2021-02-28 18:42:21.058 [main] INFO  org.apache.coyote.http11.Http11NioProtocol - Starting ProtocolHandler ["http-nio-8080"]
2021-02-28 18:42:21.214 [main] INFO  o.s.boot.web.embedded.tomcat.TomcatWebServer - Tomcat started on port(s): 8080 (http) with context path ''
2021-02-28 18:42:21.215 [main] INFO  s.d.s.web.plugins.DocumentationPluginsBootstrapper - Context refreshed
2021-02-28 18:42:21.236 [main] INFO  s.d.s.web.plugins.DocumentationPluginsBootstrapper - Found 1 custom documentation plugin(s)
2021-02-28 18:42:21.287 [main] INFO  s.d.spring.web.scanners.ApiListingReferenceScanner - Scanning for api listing references
2021-02-28 18:42:21.315 [http-nio-8080-exec-10] INFO  o.a.c.core.ContainerBase.[Tomcat].[localhost].[/] - Initializing Spring DispatcherServlet 'dispatcherServlet'
2021-02-28 18:42:21.316 [http-nio-8080-exec-10] INFO  org.springframework.web.servlet.DispatcherServlet - Initializing Servlet 'dispatcherServlet'
2021-02-28 18:42:21.317 [http-nio-8080-exec-10] INFO  org.springframework.web.servlet.DispatcherServlet - Completed initialization in 1 ms
2021-02-28 18:42:21.581 [main] INFO  pers.qjw.seckill.SeckillApplication - Started SeckillApplication in 4.836 seconds (JVM running for 6.107)
2021-02-28 18:43:07.142 [main] INFO  pers.qjw.seckill.SeckillApplication - Starting SeckillApplication using Java 11.0.7 on DESKTOP-ULASHU2 with PID 20368 (C:\Software\笔记\git_project\seckill\seckill-item\target\classes started by qiujiawen in C:\Software\笔记\git_project\seckill)
2021-02-28 18:43:07.146 [main] INFO  pers.qjw.seckill.SeckillApplication - No active profile set, falling back to default profiles: default
2021-02-28 18:43:08.385 [main] INFO  o.s.d.r.config.RepositoryConfigurationDelegate - Multiple Spring Data modules found, entering strict repository configuration mode!
2021-02-28 18:43:08.389 [main] INFO  o.s.d.r.config.RepositoryConfigurationDelegate - Bootstrapping Spring Data Redis repositories in DEFAULT mode.
2021-02-28 18:43:08.418 [main] INFO  o.s.d.r.config.RepositoryConfigurationDelegate - Finished Spring Data repository scanning in 13 ms. Found 0 Redis repository interfaces.
2021-02-28 18:43:08.909 [main] INFO  o.s.boot.web.embedded.tomcat.TomcatWebServer - Tomcat initialized with port(s): 8080 (http)
2021-02-28 18:43:08.918 [main] INFO  org.apache.coyote.http11.Http11NioProtocol - Initializing ProtocolHandler ["http-nio-8080"]
2021-02-28 18:43:08.918 [main] INFO  org.apache.catalina.core.StandardService - Starting service [Tomcat]
2021-02-28 18:43:08.918 [main] INFO  org.apache.catalina.core.StandardEngine - Starting Servlet engine: [Apache Tomcat/9.0.41]
2021-02-28 18:43:09.036 [main] INFO  o.a.c.core.ContainerBase.[Tomcat].[localhost].[/] - Initializing Spring embedded WebApplicationContext
2021-02-28 18:43:09.037 [main] INFO  o.s.b.w.s.c.ServletWebServerApplicationContext - Root WebApplicationContext: initialization completed in 1577 ms
2021-02-28 18:43:09.347 [main] INFO  c.a.d.s.b.a.DruidDataSourceAutoConfigure - Init DruidDataSource
2021-02-28 18:43:09.972 [main] INFO  com.alibaba.druid.pool.DruidDataSource - {dataSource-1} inited
2021-02-28 18:43:10.509 [main] INFO  s.d.s.w.PropertySourcedRequestMappingHandlerMapping - Mapped URL path [/v2/api-docs] onto method [springfox.documentation.swagger2.web.Swagger2Controller#getDocumentation(String, HttpServletRequest)]
2021-02-28 18:43:10.584 [main] INFO  o.s.scheduling.concurrent.ThreadPoolTaskExecutor - Initializing ExecutorService 'applicationTaskExecutor'
2021-02-28 18:43:10.650 [main] INFO  o.s.b.a.web.servlet.WelcomePageHandlerMapping - Adding welcome page template: index
2021-02-28 18:43:10.921 [main] INFO  org.apache.coyote.http11.Http11NioProtocol - Starting ProtocolHandler ["http-nio-8080"]
2021-02-28 18:43:10.947 [main] INFO  o.s.boot.web.embedded.tomcat.TomcatWebServer - Tomcat started on port(s): 8080 (http) with context path ''
2021-02-28 18:43:10.949 [main] INFO  s.d.s.web.plugins.DocumentationPluginsBootstrapper - Context refreshed
2021-02-28 18:43:10.981 [main] INFO  s.d.s.web.plugins.DocumentationPluginsBootstrapper - Found 1 custom documentation plugin(s)
2021-02-28 18:43:11.012 [main] INFO  s.d.spring.web.scanners.ApiListingReferenceScanner - Scanning for api listing references
2021-02-28 18:43:11.183 [main] INFO  pers.qjw.seckill.SeckillApplication - Started SeckillApplication in 4.845 seconds (JVM running for 5.943)
2021-02-28 18:43:11.731 [http-nio-8080-exec-1] INFO  o.a.c.core.ContainerBase.[Tomcat].[localhost].[/] - Initializing Spring DispatcherServlet 'dispatcherServlet'
2021-02-28 18:43:11.732 [http-nio-8080-exec-1] INFO  org.springframework.web.servlet.DispatcherServlet - Initializing Servlet 'dispatcherServlet'
2021-02-28 18:43:11.734 [http-nio-8080-exec-1] INFO  org.springframework.web.servlet.DispatcherServlet - Completed initialization in 2 ms
2021-02-28 18:43:47.585 [main] INFO  pers.qjw.seckill.SeckillApplication - Starting SeckillApplication using Java 11.0.7 on DESKTOP-ULASHU2 with PID 19740 (C:\Software\笔记\git_project\seckill\seckill-item\target\classes started by qiujiawen in C:\Software\笔记\git_project\seckill)
2021-02-28 18:43:47.590 [main] INFO  pers.qjw.seckill.SeckillApplication - No active profile set, falling back to default profiles: default
2021-02-28 18:43:48.762 [main] INFO  o.s.d.r.config.RepositoryConfigurationDelegate - Multiple Spring Data modules found, entering strict repository configuration mode!
2021-02-28 18:43:48.768 [main] INFO  o.s.d.r.config.RepositoryConfigurationDelegate - Bootstrapping Spring Data Redis repositories in DEFAULT mode.
2021-02-28 18:43:48.820 [main] INFO  o.s.d.r.config.RepositoryConfigurationDelegate - Finished Spring Data repository scanning in 17 ms. Found 0 Redis repository interfaces.
2021-02-28 18:43:49.351 [main] INFO  o.s.boot.web.embedded.tomcat.TomcatWebServer - Tomcat initialized with port(s): 8080 (http)
2021-02-28 18:43:49.361 [main] INFO  org.apache.coyote.http11.Http11NioProtocol - Initializing ProtocolHandler ["http-nio-8080"]
2021-02-28 18:43:49.361 [main] INFO  org.apache.catalina.core.StandardService - Starting service [Tomcat]
2021-02-28 18:43:49.362 [main] INFO  org.apache.catalina.core.StandardEngine - Starting Servlet engine: [Apache Tomcat/9.0.41]
2021-02-28 18:43:49.459 [main] INFO  o.a.c.core.ContainerBase.[Tomcat].[localhost].[/] - Initializing Spring embedded WebApplicationContext
2021-02-28 18:43:49.460 [main] INFO  o.s.b.w.s.c.ServletWebServerApplicationContext - Root WebApplicationContext: initialization completed in 1532 ms
2021-02-28 18:43:49.774 [main] INFO  c.a.d.s.b.a.DruidDataSourceAutoConfigure - Init DruidDataSource
2021-02-28 18:43:50.308 [main] INFO  com.alibaba.druid.pool.DruidDataSource - {dataSource-1} inited
2021-02-28 18:43:50.860 [main] INFO  s.d.s.w.PropertySourcedRequestMappingHandlerMapping - Mapped URL path [/v2/api-docs] onto method [springfox.documentation.swagger2.web.Swagger2Controller#getDocumentation(String, HttpServletRequest)]
2021-02-28 18:43:50.936 [main] INFO  o.s.scheduling.concurrent.ThreadPoolTaskExecutor - Initializing ExecutorService 'applicationTaskExecutor'
2021-02-28 18:43:50.994 [main] INFO  o.s.b.a.web.servlet.WelcomePageHandlerMapping - Adding welcome page template: index
2021-02-28 18:43:51.227 [main] INFO  org.apache.coyote.http11.Http11NioProtocol - Starting ProtocolHandler ["http-nio-8080"]
2021-02-28 18:43:51.252 [main] INFO  o.s.boot.web.embedded.tomcat.TomcatWebServer - Tomcat started on port(s): 8080 (http) with context path ''
2021-02-28 18:43:51.253 [main] INFO  s.d.s.web.plugins.DocumentationPluginsBootstrapper - Context refreshed
2021-02-28 18:43:51.269 [main] INFO  s.d.s.web.plugins.DocumentationPluginsBootstrapper - Found 1 custom documentation plugin(s)
2021-02-28 18:43:51.320 [main] INFO  s.d.spring.web.scanners.ApiListingReferenceScanner - Scanning for api listing references
2021-02-28 18:43:51.382 [http-nio-8080-exec-1] INFO  o.a.c.core.ContainerBase.[Tomcat].[localhost].[/] - Initializing Spring DispatcherServlet 'dispatcherServlet'
2021-02-28 18:43:51.383 [http-nio-8080-exec-1] INFO  org.springframework.web.servlet.DispatcherServlet - Initializing Servlet 'dispatcherServlet'
2021-02-28 18:43:51.384 [http-nio-8080-exec-1] INFO  org.springframework.web.servlet.DispatcherServlet - Completed initialization in 1 ms
2021-02-28 18:43:51.628 [main] INFO  pers.qjw.seckill.SeckillApplication - Started SeckillApplication in 4.831 seconds (JVM running for 6.01)
2021-02-28 18:58:34.048 [main] INFO  pers.qjw.seckill.SeckillApplication - Starting SeckillApplication using Java 11.0.7 on DESKTOP-ULASHU2 with PID 19384 (C:\Software\笔记\git_project\seckill\seckill-item\target\classes started by qiujiawen in C:\Software\笔记\git_project\seckill)
2021-02-28 18:58:34.050 [main] INFO  pers.qjw.seckill.SeckillApplication - No active profile set, falling back to default profiles: default
2021-02-28 18:58:35.249 [main] INFO  o.s.d.r.config.RepositoryConfigurationDelegate - Multiple Spring Data modules found, entering strict repository configuration mode!
2021-02-28 18:58:35.253 [main] INFO  o.s.d.r.config.RepositoryConfigurationDelegate - Bootstrapping Spring Data Redis repositories in DEFAULT mode.
2021-02-28 18:58:35.283 [main] INFO  o.s.d.r.config.RepositoryConfigurationDelegate - Finished Spring Data repository scanning in 13 ms. Found 0 Redis repository interfaces.
2021-02-28 18:58:35.878 [main] INFO  o.s.boot.web.embedded.tomcat.TomcatWebServer - Tomcat initialized with port(s): 8080 (http)
2021-02-28 18:58:35.888 [main] INFO  org.apache.coyote.http11.Http11NioProtocol - Initializing ProtocolHandler ["http-nio-8080"]
2021-02-28 18:58:35.889 [main] INFO  org.apache.catalina.core.StandardService - Starting service [Tomcat]
2021-02-28 18:58:35.889 [main] INFO  org.apache.catalina.core.StandardEngine - Starting Servlet engine: [Apache Tomcat/9.0.41]
2021-02-28 18:58:35.992 [main] INFO  o.a.c.core.ContainerBase.[Tomcat].[localhost].[/] - Initializing Spring embedded WebApplicationContext
2021-02-28 18:58:35.992 [main] INFO  o.s.b.w.s.c.ServletWebServerApplicationContext - Root WebApplicationContext: initialization completed in 1661 ms
2021-02-28 18:58:36.374 [main] INFO  c.a.d.s.b.a.DruidDataSourceAutoConfigure - Init DruidDataSource
2021-02-28 18:58:36.941 [main] INFO  com.alibaba.druid.pool.DruidDataSource - {dataSource-1} inited
2021-02-28 18:58:37.369 [main] INFO  s.d.s.w.PropertySourcedRequestMappingHandlerMapping - Mapped URL path [/v2/api-docs] onto method [springfox.documentation.swagger2.web.Swagger2Controller#getDocumentation(String, HttpServletRequest)]
2021-02-28 18:58:37.447 [main] INFO  o.s.scheduling.concurrent.ThreadPoolTaskExecutor - Initializing ExecutorService 'applicationTaskExecutor'
2021-02-28 18:58:37.504 [main] INFO  o.s.b.a.web.servlet.WelcomePageHandlerMapping - Adding welcome page template: index
2021-02-28 18:58:37.739 [main] INFO  org.apache.coyote.http11.Http11NioProtocol - Starting ProtocolHandler ["http-nio-8080"]
2021-02-28 18:58:37.760 [main] INFO  o.s.boot.web.embedded.tomcat.TomcatWebServer - Tomcat started on port(s): 8080 (http) with context path ''
2021-02-28 18:58:37.760 [main] INFO  s.d.s.web.plugins.DocumentationPluginsBootstrapper - Context refreshed
2021-02-28 18:58:37.782 [main] INFO  s.d.s.web.plugins.DocumentationPluginsBootstrapper - Found 1 custom documentation plugin(s)
2021-02-28 18:58:37.814 [main] INFO  s.d.spring.web.scanners.ApiListingReferenceScanner - Scanning for api listing references
2021-02-28 18:58:37.942 [http-nio-8080-exec-1] INFO  o.a.c.core.ContainerBase.[Tomcat].[localhost].[/] - Initializing Spring DispatcherServlet 'dispatcherServlet'
2021-02-28 18:58:37.943 [http-nio-8080-exec-1] INFO  org.springframework.web.servlet.DispatcherServlet - Initializing Servlet 'dispatcherServlet'
2021-02-28 18:58:37.944 [http-nio-8080-exec-1] INFO  org.springframework.web.servlet.DispatcherServlet - Completed initialization in 1 ms
2021-02-28 18:58:38.026 [main] INFO  pers.qjw.seckill.SeckillApplication - Started SeckillApplication in 4.784 seconds (JVM running for 5.852)
2021-02-28 19:04:58.334 [main] INFO  pers.qjw.seckill.SeckillApplication - Starting SeckillApplication using Java 11.0.7 on DESKTOP-ULASHU2 with PID 19196 (C:\Software\笔记\git_project\seckill\seckill-item\target\classes started by qiujiawen in C:\Software\笔记\git_project\seckill)
2021-02-28 19:04:58.339 [main] INFO  pers.qjw.seckill.SeckillApplication - No active profile set, falling back to default profiles: default
2021-02-28 19:04:59.720 [main] INFO  o.s.d.r.config.RepositoryConfigurationDelegate - Multiple Spring Data modules found, entering strict repository configuration mode!
2021-02-28 19:04:59.722 [main] INFO  o.s.d.r.config.RepositoryConfigurationDelegate - Bootstrapping Spring Data Redis repositories in DEFAULT mode.
2021-02-28 19:04:59.746 [main] INFO  o.s.d.r.config.RepositoryConfigurationDelegate - Finished Spring Data repository scanning in 12 ms. Found 0 Redis repository interfaces.
2021-02-28 19:05:00.247 [main] INFO  o.s.boot.web.embedded.tomcat.TomcatWebServer - Tomcat initialized with port(s): 8080 (http)
2021-02-28 19:05:00.257 [main] INFO  org.apache.coyote.http11.Http11NioProtocol - Initializing ProtocolHandler ["http-nio-8080"]
2021-02-28 19:05:00.257 [main] INFO  org.apache.catalina.core.StandardService - Starting service [Tomcat]
2021-02-28 19:05:00.257 [main] INFO  org.apache.catalina.core.StandardEngine - Starting Servlet engine: [Apache Tomcat/9.0.41]
2021-02-28 19:05:00.364 [main] INFO  o.a.c.core.ContainerBase.[Tomcat].[localhost].[/] - Initializing Spring embedded WebApplicationContext
2021-02-28 19:05:00.364 [main] INFO  o.s.b.w.s.c.ServletWebServerApplicationContext - Root WebApplicationContext: initialization completed in 1726 ms
2021-02-28 19:05:00.639 [main] INFO  c.a.d.s.b.a.DruidDataSourceAutoConfigure - Init DruidDataSource
2021-02-28 19:05:01.111 [main] INFO  com.alibaba.druid.pool.DruidDataSource - {dataSource-1} inited
2021-02-28 19:05:01.517 [main] INFO  s.d.s.w.PropertySourcedRequestMappingHandlerMapping - Mapped URL path [/v2/api-docs] onto method [springfox.documentation.swagger2.web.Swagger2Controller#getDocumentation(String, HttpServletRequest)]
2021-02-28 19:05:01.602 [main] INFO  o.s.scheduling.concurrent.ThreadPoolTaskExecutor - Initializing ExecutorService 'applicationTaskExecutor'
2021-02-28 19:05:01.658 [main] INFO  o.s.b.a.web.servlet.WelcomePageHandlerMapping - Adding welcome page template: index
2021-02-28 19:05:01.942 [main] INFO  org.apache.coyote.http11.Http11NioProtocol - Starting ProtocolHandler ["http-nio-8080"]
2021-02-28 19:05:01.969 [main] INFO  o.s.boot.web.embedded.tomcat.TomcatWebServer - Tomcat started on port(s): 8080 (http) with context path ''
2021-02-28 19:05:01.973 [main] INFO  s.d.s.web.plugins.DocumentationPluginsBootstrapper - Context refreshed
2021-02-28 19:05:02.002 [main] INFO  s.d.s.web.plugins.DocumentationPluginsBootstrapper - Found 1 custom documentation plugin(s)
2021-02-28 19:05:02.048 [main] INFO  s.d.spring.web.scanners.ApiListingReferenceScanner - Scanning for api listing references
2021-02-28 19:05:02.612 [main] INFO  pers.qjw.seckill.SeckillApplication - Started SeckillApplication in 5.112 seconds (JVM running for 6.309)
2021-02-28 19:05:05.427 [http-nio-8080-exec-1] INFO  o.a.c.core.ContainerBase.[Tomcat].[localhost].[/] - Initializing Spring DispatcherServlet 'dispatcherServlet'
2021-02-28 19:05:05.428 [http-nio-8080-exec-1] INFO  org.springframework.web.servlet.DispatcherServlet - Initializing Servlet 'dispatcherServlet'
2021-02-28 19:05:05.430 [http-nio-8080-exec-1] INFO  org.springframework.web.servlet.DispatcherServlet - Completed initialization in 2 ms
2021-02-28 19:05:32.509 [main] INFO  pers.qjw.seckill.SeckillApplication - Starting SeckillApplication using Java 11.0.7 on DESKTOP-ULASHU2 with PID 5292 (C:\Software\笔记\git_project\seckill\seckill-item\target\classes started by qiujiawen in C:\Software\笔记\git_project\seckill)
2021-02-28 19:05:32.528 [main] INFO  pers.qjw.seckill.SeckillApplication - No active profile set, falling back to default profiles: default
2021-02-28 19:05:33.584 [main] INFO  o.s.d.r.config.RepositoryConfigurationDelegate - Multiple Spring Data modules found, entering strict repository configuration mode!
2021-02-28 19:05:33.587 [main] INFO  o.s.d.r.config.RepositoryConfigurationDelegate - Bootstrapping Spring Data Redis repositories in DEFAULT mode.
2021-02-28 19:05:33.613 [main] INFO  o.s.d.r.config.RepositoryConfigurationDelegate - Finished Spring Data repository scanning in 12 ms. Found 0 Redis repository interfaces.
2021-02-28 19:05:34.128 [main] INFO  o.s.boot.web.embedded.tomcat.TomcatWebServer - Tomcat initialized with port(s): 8080 (http)
2021-02-28 19:05:34.139 [main] INFO  org.apache.coyote.http11.Http11NioProtocol - Initializing ProtocolHandler ["http-nio-8080"]
2021-02-28 19:05:34.139 [main] INFO  org.apache.catalina.core.StandardService - Starting service [Tomcat]
2021-02-28 19:05:34.139 [main] INFO  org.apache.catalina.core.StandardEngine - Starting Servlet engine: [Apache Tomcat/9.0.41]
2021-02-28 19:05:34.234 [main] INFO  o.a.c.core.ContainerBase.[Tomcat].[localhost].[/] - Initializing Spring embedded WebApplicationContext
2021-02-28 19:05:34.234 [main] INFO  o.s.b.w.s.c.ServletWebServerApplicationContext - Root WebApplicationContext: initialization completed in 1493 ms
2021-02-28 19:05:34.506 [main] INFO  c.a.d.s.b.a.DruidDataSourceAutoConfigure - Init DruidDataSource
2021-02-28 19:05:34.942 [main] INFO  com.alibaba.druid.pool.DruidDataSource - {dataSource-1} inited
2021-02-28 19:05:35.457 [main] INFO  s.d.s.w.PropertySourcedRequestMappingHandlerMapping - Mapped URL path [/v2/api-docs] onto method [springfox.documentation.swagger2.web.Swagger2Controller#getDocumentation(String, HttpServletRequest)]
2021-02-28 19:05:35.548 [main] INFO  o.s.scheduling.concurrent.ThreadPoolTaskExecutor - Initializing ExecutorService 'applicationTaskExecutor'
2021-02-28 19:05:35.599 [main] INFO  o.s.b.a.web.servlet.WelcomePageHandlerMapping - Adding welcome page template: index
2021-02-28 19:05:35.875 [main] INFO  org.apache.coyote.http11.Http11NioProtocol - Starting ProtocolHandler ["http-nio-8080"]
2021-02-28 19:05:35.933 [main] INFO  o.s.boot.web.embedded.tomcat.TomcatWebServer - Tomcat started on port(s): 8080 (http) with context path ''
2021-02-28 19:05:35.935 [main] INFO  s.d.s.web.plugins.DocumentationPluginsBootstrapper - Context refreshed
2021-02-28 19:05:35.960 [main] INFO  s.d.s.web.plugins.DocumentationPluginsBootstrapper - Found 1 custom documentation plugin(s)
2021-02-28 19:05:36.003 [main] INFO  s.d.spring.web.scanners.ApiListingReferenceScanner - Scanning for api listing references
2021-02-28 19:05:36.297 [http-nio-8080-exec-1] INFO  o.a.c.core.ContainerBase.[Tomcat].[localhost].[/] - Initializing Spring DispatcherServlet 'dispatcherServlet'
2021-02-28 19:05:36.299 [http-nio-8080-exec-1] INFO  org.springframework.web.servlet.DispatcherServlet - Initializing Servlet 'dispatcherServlet'
2021-02-28 19:05:36.300 [http-nio-8080-exec-1] INFO  org.springframework.web.servlet.DispatcherServlet - Completed initialization in 1 ms
2021-02-28 19:05:36.301 [main] INFO  pers.qjw.seckill.SeckillApplication - Started SeckillApplication in 4.699 seconds (JVM running for 5.778)
