2021-02-26 09:28:52.857 [main] INFO  pers.qjw.seckill.SeckillApplicationTests - Starting SeckillApplicationTests using Java 11.0.7 on DESKTOP-ULASHU2 with PID 17188 (started by qiujiawen in C:\Software\笔记\git_project\seckill\seckill-item)
2021-02-26 09:28:52.896 [main] INFO  pers.qjw.seckill.SeckillApplicationTests - No active profile set, falling back to default profiles: default
2021-02-26 09:28:54.474 [main] INFO  o.s.d.r.config.RepositoryConfigurationDelegate - Multiple Spring Data modules found, entering strict repository configuration mode!
2021-02-26 09:28:54.480 [main] INFO  o.s.d.r.config.RepositoryConfigurationDelegate - Bootstrapping Spring Data Redis repositories in DEFAULT mode.
2021-02-26 09:28:54.517 [main] INFO  o.s.d.r.config.RepositoryConfigurationDelegate - Finished Spring Data repository scanning in 13 ms. Found 0 Redis repository interfaces.
2021-02-26 09:28:55.191 [main] INFO  c.a.d.s.b.a.DruidDataSourceAutoConfigure - Init DruidDataSource
2021-02-26 09:28:56.343 [main] INFO  com.alibaba.druid.pool.DruidDataSource - {dataSource-1} inited
2021-02-26 09:28:57.772 [main] INFO  o.s.scheduling.concurrent.ThreadPoolTaskExecutor - Initializing ExecutorService 'applicationTaskExecutor'
2021-02-26 09:28:57.954 [main] INFO  o.s.b.a.web.servlet.WelcomePageHandlerMapping - Adding welcome page: class path resource [static/index.html]
2021-02-26 09:28:58.525 [main] INFO  pers.qjw.seckill.SeckillApplicationTests - Started SeckillApplicationTests in 6.348 seconds (JVM running for 8.492)
2021-02-26 09:28:59.797 [SpringContextShutdownHook] INFO  o.s.scheduling.concurrent.ThreadPoolTaskExecutor - Shutting down ExecutorService 'applicationTaskExecutor'
2021-02-26 09:29:00.017 [SpringContextShutdownHook] INFO  com.alibaba.druid.pool.DruidDataSource - {dataSource-1} closing ...
2021-02-26 09:29:00.031 [SpringContextShutdownHook] INFO  com.alibaba.druid.pool.DruidDataSource - {dataSource-1} closed
2021-02-26 09:29:07.450 [main] INFO  pers.qjw.seckill.SeckillApplicationTests - Starting SeckillApplicationTests using Java 11.0.7 on DESKTOP-ULASHU2 with PID 6540 (started by qiujiawen in C:\Software\笔记\git_project\seckill\seckill-item)
2021-02-26 09:29:07.459 [main] INFO  pers.qjw.seckill.SeckillApplicationTests - No active profile set, falling back to default profiles: default
2021-02-26 09:29:08.659 [main] INFO  o.s.d.r.config.RepositoryConfigurationDelegate - Multiple Spring Data modules found, entering strict repository configuration mode!
2021-02-26 09:29:08.663 [main] INFO  o.s.d.r.config.RepositoryConfigurationDelegate - Bootstrapping Spring Data Redis repositories in DEFAULT mode.
2021-02-26 09:29:08.690 [main] INFO  o.s.d.r.config.RepositoryConfigurationDelegate - Finished Spring Data repository scanning in 13 ms. Found 0 Redis repository interfaces.
2021-02-26 09:29:09.333 [main] INFO  c.a.d.s.b.a.DruidDataSourceAutoConfigure - Init DruidDataSource
2021-02-26 09:29:10.237 [main] INFO  com.alibaba.druid.pool.DruidDataSource - {dataSource-1} inited
2021-02-26 09:29:11.393 [main] INFO  o.s.scheduling.concurrent.ThreadPoolTaskExecutor - Initializing ExecutorService 'applicationTaskExecutor'
2021-02-26 09:29:11.545 [main] INFO  o.s.b.a.web.servlet.WelcomePageHandlerMapping - Adding welcome page: class path resource [static/index.html]
2021-02-26 09:29:12.100 [main] INFO  pers.qjw.seckill.SeckillApplicationTests - Started SeckillApplicationTests in 5.532 seconds (JVM running for 7.54)
2021-02-26 09:29:12.596 [SpringContextShutdownHook] INFO  o.s.scheduling.concurrent.ThreadPoolTaskExecutor - Shutting down ExecutorService 'applicationTaskExecutor'
2021-02-26 09:29:12.617 [SpringContextShutdownHook] INFO  com.alibaba.druid.pool.DruidDataSource - {dataSource-1} closing ...
2021-02-26 09:29:12.628 [SpringContextShutdownHook] INFO  com.alibaba.druid.pool.DruidDataSource - {dataSource-1} closed
2021-02-26 09:29:40.399 [main] INFO  pers.qjw.seckill.SeckillApplicationTests - Starting SeckillApplicationTests using Java 11.0.7 on DESKTOP-ULASHU2 with PID 15700 (started by qiujiawen in C:\Software\笔记\git_project\seckill\seckill-item)
2021-02-26 09:29:40.401 [main] INFO  pers.qjw.seckill.SeckillApplicationTests - No active profile set, falling back to default profiles: default
2021-02-26 09:29:41.659 [main] INFO  o.s.d.r.config.RepositoryConfigurationDelegate - Multiple Spring Data modules found, entering strict repository configuration mode!
2021-02-26 09:29:41.665 [main] INFO  o.s.d.r.config.RepositoryConfigurationDelegate - Bootstrapping Spring Data Redis repositories in DEFAULT mode.
2021-02-26 09:29:41.713 [main] INFO  o.s.d.r.config.RepositoryConfigurationDelegate - Finished Spring Data repository scanning in 20 ms. Found 0 Redis repository interfaces.
2021-02-26 09:29:42.358 [main] INFO  c.a.d.s.b.a.DruidDataSourceAutoConfigure - Init DruidDataSource
2021-02-26 09:29:43.316 [main] INFO  com.alibaba.druid.pool.DruidDataSource - {dataSource-1} inited
2021-02-26 09:29:44.668 [main] INFO  o.s.scheduling.concurrent.ThreadPoolTaskExecutor - Initializing ExecutorService 'applicationTaskExecutor'
2021-02-26 09:29:44.829 [main] INFO  o.s.b.a.web.servlet.WelcomePageHandlerMapping - Adding welcome page: class path resource [static/index.html]
2021-02-26 09:29:45.471 [main] INFO  pers.qjw.seckill.SeckillApplicationTests - Started SeckillApplicationTests in 5.789 seconds (JVM running for 7.758)
2021-02-26 09:29:46.692 [SpringContextShutdownHook] INFO  o.s.scheduling.concurrent.ThreadPoolTaskExecutor - Shutting down ExecutorService 'applicationTaskExecutor'
2021-02-26 09:29:46.912 [SpringContextShutdownHook] INFO  com.alibaba.druid.pool.DruidDataSource - {dataSource-1} closing ...
2021-02-26 09:29:46.929 [SpringContextShutdownHook] INFO  com.alibaba.druid.pool.DruidDataSource - {dataSource-1} closed
2021-02-26 14:09:44.162 [main] INFO  pers.qjw.seckill.SeckillApplication - Starting SeckillApplication using Java 11.0.7 on DESKTOP-ULASHU2 with PID 19532 (C:\Software\笔记\git_project\seckill\seckill-item\target\classes started by qiujiawen in C:\Software\笔记\git_project\seckill)
2021-02-26 14:09:44.167 [main] INFO  pers.qjw.seckill.SeckillApplication - No active profile set, falling back to default profiles: default
2021-02-26 14:09:45.074 [main] INFO  o.s.d.r.config.RepositoryConfigurationDelegate - Multiple Spring Data modules found, entering strict repository configuration mode!
2021-02-26 14:09:45.077 [main] INFO  o.s.d.r.config.RepositoryConfigurationDelegate - Bootstrapping Spring Data Redis repositories in DEFAULT mode.
2021-02-26 14:09:45.102 [main] INFO  o.s.d.r.config.RepositoryConfigurationDelegate - Finished Spring Data repository scanning in 9 ms. Found 0 Redis repository interfaces.
2021-02-26 14:09:45.551 [main] INFO  o.s.boot.web.embedded.tomcat.TomcatWebServer - Tomcat initialized with port(s): 8080 (http)
2021-02-26 14:09:45.561 [main] INFO  org.apache.coyote.http11.Http11NioProtocol - Initializing ProtocolHandler ["http-nio-8080"]
2021-02-26 14:09:45.561 [main] INFO  org.apache.catalina.core.StandardService - Starting service [Tomcat]
2021-02-26 14:09:45.562 [main] INFO  org.apache.catalina.core.StandardEngine - Starting Servlet engine: [Apache Tomcat/9.0.41]
2021-02-26 14:09:45.639 [main] INFO  o.a.c.core.ContainerBase.[Tomcat].[localhost].[/] - Initializing Spring embedded WebApplicationContext
2021-02-26 14:09:45.640 [main] INFO  o.s.b.w.s.c.ServletWebServerApplicationContext - Root WebApplicationContext: initialization completed in 1249 ms
2021-02-26 14:09:46.023 [main] INFO  o.s.scheduling.concurrent.ThreadPoolTaskExecutor - Initializing ExecutorService 'applicationTaskExecutor'
2021-02-26 14:09:46.204 [main] INFO  c.a.d.s.b.a.DruidDataSourceAutoConfigure - Init DruidDataSource
2021-02-26 14:09:46.695 [main] INFO  com.alibaba.druid.pool.DruidDataSource - {dataSource-1} inited
2021-02-26 14:09:46.918 [main] INFO  org.apache.coyote.http11.Http11NioProtocol - Starting ProtocolHandler ["http-nio-8080"]
2021-02-26 14:09:46.936 [main] INFO  o.s.boot.web.embedded.tomcat.TomcatWebServer - Tomcat started on port(s): 8080 (http) with context path ''
2021-02-26 14:09:46.945 [main] INFO  pers.qjw.seckill.SeckillApplication - Started SeckillApplication in 3.531 seconds (JVM running for 4.581)
2021-02-26 14:10:14.305 [main] INFO  pers.qjw.seckill.SeckillApplication - Starting SeckillApplication using Java 11.0.7 on DESKTOP-ULASHU2 with PID 10488 (C:\Software\笔记\git_project\seckill\seckill-item\target\classes started by qiujiawen in C:\Software\笔记\git_project\seckill)
2021-02-26 14:10:14.310 [main] INFO  pers.qjw.seckill.SeckillApplication - No active profile set, falling back to default profiles: default
2021-02-26 14:10:15.051 [main] INFO  o.s.d.r.config.RepositoryConfigurationDelegate - Multiple Spring Data modules found, entering strict repository configuration mode!
2021-02-26 14:10:15.053 [main] INFO  o.s.d.r.config.RepositoryConfigurationDelegate - Bootstrapping Spring Data Redis repositories in DEFAULT mode.
2021-02-26 14:10:15.076 [main] INFO  o.s.d.r.config.RepositoryConfigurationDelegate - Finished Spring Data repository scanning in 9 ms. Found 0 Redis repository interfaces.
2021-02-26 14:10:15.525 [main] INFO  o.s.boot.web.embedded.tomcat.TomcatWebServer - Tomcat initialized with port(s): 8080 (http)
2021-02-26 14:10:15.534 [main] INFO  org.apache.coyote.http11.Http11NioProtocol - Initializing ProtocolHandler ["http-nio-8080"]
2021-02-26 14:10:15.535 [main] INFO  org.apache.catalina.core.StandardService - Starting service [Tomcat]
2021-02-26 14:10:15.535 [main] INFO  org.apache.catalina.core.StandardEngine - Starting Servlet engine: [Apache Tomcat/9.0.41]
2021-02-26 14:10:15.616 [main] INFO  o.a.c.core.ContainerBase.[Tomcat].[localhost].[/] - Initializing Spring embedded WebApplicationContext
2021-02-26 14:10:15.616 [main] INFO  o.s.b.w.s.c.ServletWebServerApplicationContext - Root WebApplicationContext: initialization completed in 1099 ms
2021-02-26 14:10:15.966 [main] INFO  o.s.scheduling.concurrent.ThreadPoolTaskExecutor - Initializing ExecutorService 'applicationTaskExecutor'
2021-02-26 14:10:16.120 [main] INFO  c.a.d.s.b.a.DruidDataSourceAutoConfigure - Init DruidDataSource
2021-02-26 14:10:16.544 [main] INFO  com.alibaba.druid.pool.DruidDataSource - {dataSource-1} inited
2021-02-26 14:10:16.827 [main] INFO  org.apache.coyote.http11.Http11NioProtocol - Starting ProtocolHandler ["http-nio-8080"]
2021-02-26 14:10:16.846 [main] INFO  o.s.boot.web.embedded.tomcat.TomcatWebServer - Tomcat started on port(s): 8080 (http) with context path ''
2021-02-26 14:10:16.855 [main] INFO  pers.qjw.seckill.SeckillApplication - Started SeckillApplication in 3.272 seconds (JVM running for 4.255)
2021-02-26 14:10:36.317 [http-nio-8080-exec-1] INFO  o.a.c.core.ContainerBase.[Tomcat].[localhost].[/] - Initializing Spring DispatcherServlet 'dispatcherServlet'
2021-02-26 14:10:36.317 [http-nio-8080-exec-1] INFO  org.springframework.web.servlet.DispatcherServlet - Initializing Servlet 'dispatcherServlet'
2021-02-26 14:10:36.318 [http-nio-8080-exec-1] INFO  org.springframework.web.servlet.DispatcherServlet - Completed initialization in 1 ms
2021-02-26 14:11:37.078 [main] INFO  pers.qjw.seckill.SeckillApplication - Starting SeckillApplication using Java 11.0.7 on DESKTOP-ULASHU2 with PID 17728 (C:\Software\笔记\git_project\seckill\seckill-item\target\classes started by qiujiawen in C:\Software\笔记\git_project\seckill)
2021-02-26 14:11:37.081 [main] INFO  pers.qjw.seckill.SeckillApplication - No active profile set, falling back to default profiles: default
2021-02-26 14:11:37.833 [main] INFO  o.s.d.r.config.RepositoryConfigurationDelegate - Multiple Spring Data modules found, entering strict repository configuration mode!
2021-02-26 14:11:37.836 [main] INFO  o.s.d.r.config.RepositoryConfigurationDelegate - Bootstrapping Spring Data Redis repositories in DEFAULT mode.
2021-02-26 14:11:37.858 [main] INFO  o.s.d.r.config.RepositoryConfigurationDelegate - Finished Spring Data repository scanning in 9 ms. Found 0 Redis repository interfaces.
2021-02-26 14:11:38.272 [main] INFO  o.s.boot.web.embedded.tomcat.TomcatWebServer - Tomcat initialized with port(s): 8080 (http)
2021-02-26 14:11:38.281 [main] INFO  org.apache.coyote.http11.Http11NioProtocol - Initializing ProtocolHandler ["http-nio-8080"]
2021-02-26 14:11:38.282 [main] INFO  org.apache.catalina.core.StandardService - Starting service [Tomcat]
2021-02-26 14:11:38.282 [main] INFO  org.apache.catalina.core.StandardEngine - Starting Servlet engine: [Apache Tomcat/9.0.41]
2021-02-26 14:11:38.365 [main] INFO  o.a.c.core.ContainerBase.[Tomcat].[localhost].[/] - Initializing Spring embedded WebApplicationContext
2021-02-26 14:11:38.365 [main] INFO  o.s.b.w.s.c.ServletWebServerApplicationContext - Root WebApplicationContext: initialization completed in 1075 ms
2021-02-26 14:11:38.731 [main] INFO  o.s.scheduling.concurrent.ThreadPoolTaskExecutor - Initializing ExecutorService 'applicationTaskExecutor'
2021-02-26 14:11:38.893 [main] INFO  c.a.d.s.b.a.DruidDataSourceAutoConfigure - Init DruidDataSource
2021-02-26 14:11:39.348 [main] INFO  com.alibaba.druid.pool.DruidDataSource - {dataSource-1} inited
2021-02-26 14:11:39.563 [main] INFO  org.apache.coyote.http11.Http11NioProtocol - Starting ProtocolHandler ["http-nio-8080"]
2021-02-26 14:11:39.582 [main] INFO  o.s.boot.web.embedded.tomcat.TomcatWebServer - Tomcat started on port(s): 8080 (http) with context path ''
2021-02-26 14:11:39.593 [main] INFO  pers.qjw.seckill.SeckillApplication - Started SeckillApplication in 3.24 seconds (JVM running for 4.112)
2021-02-26 14:11:39.638 [http-nio-8080-exec-1] INFO  o.a.c.core.ContainerBase.[Tomcat].[localhost].[/] - Initializing Spring DispatcherServlet 'dispatcherServlet'
2021-02-26 14:11:39.639 [http-nio-8080-exec-1] INFO  org.springframework.web.servlet.DispatcherServlet - Initializing Servlet 'dispatcherServlet'
2021-02-26 14:11:39.640 [http-nio-8080-exec-1] INFO  org.springframework.web.servlet.DispatcherServlet - Completed initialization in 1 ms
2021-02-26 14:14:41.391 [main] INFO  pers.qjw.seckill.SeckillApplication - Starting SeckillApplication using Java 11.0.7 on DESKTOP-ULASHU2 with PID 8660 (C:\Software\笔记\git_project\seckill\seckill-item\target\classes started by qiujiawen in C:\Software\笔记\git_project\seckill)
2021-02-26 14:14:41.395 [main] INFO  pers.qjw.seckill.SeckillApplication - No active profile set, falling back to default profiles: default
2021-02-26 14:14:42.206 [main] INFO  o.s.d.r.config.RepositoryConfigurationDelegate - Multiple Spring Data modules found, entering strict repository configuration mode!
2021-02-26 14:14:42.208 [main] INFO  o.s.d.r.config.RepositoryConfigurationDelegate - Bootstrapping Spring Data Redis repositories in DEFAULT mode.
2021-02-26 14:14:42.232 [main] INFO  o.s.d.r.config.RepositoryConfigurationDelegate - Finished Spring Data repository scanning in 9 ms. Found 0 Redis repository interfaces.
2021-02-26 14:14:42.667 [main] INFO  o.s.boot.web.embedded.tomcat.TomcatWebServer - Tomcat initialized with port(s): 8080 (http)
2021-02-26 14:14:42.675 [main] INFO  org.apache.coyote.http11.Http11NioProtocol - Initializing ProtocolHandler ["http-nio-8080"]
2021-02-26 14:14:42.676 [main] INFO  org.apache.catalina.core.StandardService - Starting service [Tomcat]
2021-02-26 14:14:42.676 [main] INFO  org.apache.catalina.core.StandardEngine - Starting Servlet engine: [Apache Tomcat/9.0.41]
2021-02-26 14:14:42.754 [main] INFO  o.a.c.core.ContainerBase.[Tomcat].[localhost].[/] - Initializing Spring embedded WebApplicationContext
2021-02-26 14:14:42.754 [main] INFO  o.s.b.w.s.c.ServletWebServerApplicationContext - Root WebApplicationContext: initialization completed in 1118 ms
2021-02-26 14:14:43.086 [main] INFO  o.s.scheduling.concurrent.ThreadPoolTaskExecutor - Initializing ExecutorService 'applicationTaskExecutor'
2021-02-26 14:14:43.226 [main] INFO  c.a.d.s.b.a.DruidDataSourceAutoConfigure - Init DruidDataSource
2021-02-26 14:14:43.622 [main] INFO  com.alibaba.druid.pool.DruidDataSource - {dataSource-1} inited
2021-02-26 14:14:43.832 [main] INFO  org.apache.coyote.http11.Http11NioProtocol - Starting ProtocolHandler ["http-nio-8080"]
2021-02-26 14:14:43.850 [main] INFO  o.s.boot.web.embedded.tomcat.TomcatWebServer - Tomcat started on port(s): 8080 (http) with context path ''
2021-02-26 14:14:43.859 [main] INFO  pers.qjw.seckill.SeckillApplication - Started SeckillApplication in 3.318 seconds (JVM running for 4.363)
2021-02-26 14:14:43.955 [http-nio-8080-exec-1] INFO  o.a.c.core.ContainerBase.[Tomcat].[localhost].[/] - Initializing Spring DispatcherServlet 'dispatcherServlet'
2021-02-26 14:14:43.956 [http-nio-8080-exec-1] INFO  org.springframework.web.servlet.DispatcherServlet - Initializing Servlet 'dispatcherServlet'
2021-02-26 14:14:43.957 [http-nio-8080-exec-1] INFO  org.springframework.web.servlet.DispatcherServlet - Completed initialization in 1 ms
2021-02-26 14:15:27.479 [main] INFO  pers.qjw.seckill.SeckillApplication - Starting SeckillApplication using Java 11.0.7 on DESKTOP-ULASHU2 with PID 2704 (C:\Software\笔记\git_project\seckill\seckill-item\target\classes started by qiujiawen in C:\Software\笔记\git_project\seckill)
2021-02-26 14:15:27.482 [main] INFO  pers.qjw.seckill.SeckillApplication - No active profile set, falling back to default profiles: default
2021-02-26 14:15:28.191 [main] INFO  o.s.d.r.config.RepositoryConfigurationDelegate - Multiple Spring Data modules found, entering strict repository configuration mode!
2021-02-26 14:15:28.193 [main] INFO  o.s.d.r.config.RepositoryConfigurationDelegate - Bootstrapping Spring Data Redis repositories in DEFAULT mode.
2021-02-26 14:15:28.213 [main] INFO  o.s.d.r.config.RepositoryConfigurationDelegate - Finished Spring Data repository scanning in 8 ms. Found 0 Redis repository interfaces.
2021-02-26 14:15:28.657 [main] INFO  o.s.boot.web.embedded.tomcat.TomcatWebServer - Tomcat initialized with port(s): 8080 (http)
2021-02-26 14:15:28.666 [main] INFO  org.apache.coyote.http11.Http11NioProtocol - Initializing ProtocolHandler ["http-nio-8080"]
2021-02-26 14:15:28.667 [main] INFO  org.apache.catalina.core.StandardService - Starting service [Tomcat]
2021-02-26 14:15:28.668 [main] INFO  org.apache.catalina.core.StandardEngine - Starting Servlet engine: [Apache Tomcat/9.0.41]
2021-02-26 14:15:28.752 [main] INFO  o.a.c.core.ContainerBase.[Tomcat].[localhost].[/] - Initializing Spring embedded WebApplicationContext
2021-02-26 14:15:28.752 [main] INFO  o.s.b.w.s.c.ServletWebServerApplicationContext - Root WebApplicationContext: initialization completed in 1076 ms
2021-02-26 14:15:29.098 [main] INFO  o.s.scheduling.concurrent.ThreadPoolTaskExecutor - Initializing ExecutorService 'applicationTaskExecutor'
2021-02-26 14:15:29.249 [main] INFO  c.a.d.s.b.a.DruidDataSourceAutoConfigure - Init DruidDataSource
2021-02-26 14:15:29.637 [main] INFO  com.alibaba.druid.pool.DruidDataSource - {dataSource-1} inited
2021-02-26 14:15:29.833 [main] INFO  org.apache.coyote.http11.Http11NioProtocol - Starting ProtocolHandler ["http-nio-8080"]
2021-02-26 14:15:29.851 [main] INFO  o.s.boot.web.embedded.tomcat.TomcatWebServer - Tomcat started on port(s): 8080 (http) with context path ''
2021-02-26 14:15:29.859 [main] INFO  pers.qjw.seckill.SeckillApplication - Started SeckillApplication in 2.98 seconds (JVM running for 3.904)
2021-02-26 14:15:35.369 [http-nio-8080-exec-1] INFO  o.a.c.core.ContainerBase.[Tomcat].[localhost].[/] - Initializing Spring DispatcherServlet 'dispatcherServlet'
2021-02-26 14:15:35.369 [http-nio-8080-exec-1] INFO  org.springframework.web.servlet.DispatcherServlet - Initializing Servlet 'dispatcherServlet'
2021-02-26 14:15:35.370 [http-nio-8080-exec-1] INFO  org.springframework.web.servlet.DispatcherServlet - Completed initialization in 0 ms
2021-02-26 14:15:58.436 [main] INFO  pers.qjw.seckill.SeckillApplication - Starting SeckillApplication using Java 11.0.7 on DESKTOP-ULASHU2 with PID 13256 (C:\Software\笔记\git_project\seckill\seckill-item\target\classes started by qiujiawen in C:\Software\笔记\git_project\seckill)
2021-02-26 14:15:58.439 [main] INFO  pers.qjw.seckill.SeckillApplication - No active profile set, falling back to default profiles: default
2021-02-26 14:15:59.131 [main] INFO  o.s.d.r.config.RepositoryConfigurationDelegate - Multiple Spring Data modules found, entering strict repository configuration mode!
2021-02-26 14:15:59.133 [main] INFO  o.s.d.r.config.RepositoryConfigurationDelegate - Bootstrapping Spring Data Redis repositories in DEFAULT mode.
2021-02-26 14:15:59.153 [main] INFO  o.s.d.r.config.RepositoryConfigurationDelegate - Finished Spring Data repository scanning in 9 ms. Found 0 Redis repository interfaces.
2021-02-26 14:15:59.584 [main] INFO  o.s.boot.web.embedded.tomcat.TomcatWebServer - Tomcat initialized with port(s): 8080 (http)
2021-02-26 14:15:59.592 [main] INFO  org.apache.coyote.http11.Http11NioProtocol - Initializing ProtocolHandler ["http-nio-8080"]
2021-02-26 14:15:59.593 [main] INFO  org.apache.catalina.core.StandardService - Starting service [Tomcat]
2021-02-26 14:15:59.593 [main] INFO  org.apache.catalina.core.StandardEngine - Starting Servlet engine: [Apache Tomcat/9.0.41]
2021-02-26 14:15:59.668 [main] INFO  o.a.c.core.ContainerBase.[Tomcat].[localhost].[/] - Initializing Spring embedded WebApplicationContext
2021-02-26 14:15:59.669 [main] INFO  o.s.b.w.s.c.ServletWebServerApplicationContext - Root WebApplicationContext: initialization completed in 1024 ms
2021-02-26 14:16:00.024 [main] INFO  o.s.scheduling.concurrent.ThreadPoolTaskExecutor - Initializing ExecutorService 'applicationTaskExecutor'
2021-02-26 14:16:00.176 [main] INFO  c.a.d.s.b.a.DruidDataSourceAutoConfigure - Init DruidDataSource
2021-02-26 14:16:00.560 [main] INFO  com.alibaba.druid.pool.DruidDataSource - {dataSource-1} inited
2021-02-26 14:16:00.760 [main] INFO  org.apache.coyote.http11.Http11NioProtocol - Starting ProtocolHandler ["http-nio-8080"]
2021-02-26 14:16:00.778 [main] INFO  o.s.boot.web.embedded.tomcat.TomcatWebServer - Tomcat started on port(s): 8080 (http) with context path ''
2021-02-26 14:16:00.786 [main] INFO  pers.qjw.seckill.SeckillApplication - Started SeckillApplication in 3.01 seconds (JVM running for 4.05)
2021-02-26 14:16:05.407 [http-nio-8080-exec-1] INFO  o.a.c.core.ContainerBase.[Tomcat].[localhost].[/] - Initializing Spring DispatcherServlet 'dispatcherServlet'
2021-02-26 14:16:05.408 [http-nio-8080-exec-1] INFO  org.springframework.web.servlet.DispatcherServlet - Initializing Servlet 'dispatcherServlet'
2021-02-26 14:16:05.409 [http-nio-8080-exec-1] INFO  org.springframework.web.servlet.DispatcherServlet - Completed initialization in 1 ms
2021-02-26 15:50:05.646 [main] INFO  pers.qjw.seckill.SeckillApplication - Starting SeckillApplication using Java 11.0.7 on DESKTOP-ULASHU2 with PID 14696 (C:\Software\笔记\git_project\seckill\seckill-item\target\classes started by qiujiawen in C:\Software\笔记\git_project\seckill)
2021-02-26 15:50:05.652 [main] INFO  pers.qjw.seckill.SeckillApplication - No active profile set, falling back to default profiles: default
2021-02-26 15:50:06.578 [main] INFO  o.s.d.r.config.RepositoryConfigurationDelegate - Multiple Spring Data modules found, entering strict repository configuration mode!
2021-02-26 15:50:06.582 [main] INFO  o.s.d.r.config.RepositoryConfigurationDelegate - Bootstrapping Spring Data Redis repositories in DEFAULT mode.
2021-02-26 15:50:06.611 [main] INFO  o.s.d.r.config.RepositoryConfigurationDelegate - Finished Spring Data repository scanning in 10 ms. Found 0 Redis repository interfaces.
2021-02-26 15:50:07.192 [main] INFO  o.s.boot.web.embedded.tomcat.TomcatWebServer - Tomcat initialized with port(s): 8080 (http)
2021-02-26 15:50:07.202 [main] INFO  org.apache.coyote.http11.Http11NioProtocol - Initializing ProtocolHandler ["http-nio-8080"]
2021-02-26 15:50:07.203 [main] INFO  org.apache.catalina.core.StandardService - Starting service [Tomcat]
2021-02-26 15:50:07.203 [main] INFO  org.apache.catalina.core.StandardEngine - Starting Servlet engine: [Apache Tomcat/9.0.41]
2021-02-26 15:50:07.284 [main] INFO  o.a.c.core.ContainerBase.[Tomcat].[localhost].[/] - Initializing Spring embedded WebApplicationContext
2021-02-26 15:50:07.285 [main] INFO  o.s.b.w.s.c.ServletWebServerApplicationContext - Root WebApplicationContext: initialization completed in 1369 ms
2021-02-26 15:50:07.837 [main] INFO  o.s.scheduling.concurrent.ThreadPoolTaskExecutor - Initializing ExecutorService 'applicationTaskExecutor'
2021-02-26 15:50:08.047 [main] INFO  c.a.d.s.b.a.DruidDataSourceAutoConfigure - Init DruidDataSource
2021-02-26 15:50:08.533 [main] INFO  com.alibaba.druid.pool.DruidDataSource - {dataSource-1} inited
2021-02-26 15:50:08.748 [main] INFO  org.apache.coyote.http11.Http11NioProtocol - Starting ProtocolHandler ["http-nio-8080"]
2021-02-26 15:50:08.766 [main] INFO  o.s.boot.web.embedded.tomcat.TomcatWebServer - Tomcat started on port(s): 8080 (http) with context path ''
2021-02-26 15:50:08.775 [main] INFO  pers.qjw.seckill.SeckillApplication - Started SeckillApplication in 3.827 seconds (JVM running for 4.955)
2021-02-26 15:50:15.306 [main] INFO  pers.qjw.seckill.SeckillApplication - Starting SeckillApplication using Java 11.0.7 on DESKTOP-ULASHU2 with PID 16272 (C:\Software\笔记\git_project\seckill\seckill-item\target\classes started by qiujiawen in C:\Software\笔记\git_project\seckill)
2021-02-26 15:50:15.308 [main] INFO  pers.qjw.seckill.SeckillApplication - No active profile set, falling back to default profiles: default
2021-02-26 15:50:16.028 [main] INFO  o.s.d.r.config.RepositoryConfigurationDelegate - Multiple Spring Data modules found, entering strict repository configuration mode!
2021-02-26 15:50:16.029 [main] INFO  o.s.d.r.config.RepositoryConfigurationDelegate - Bootstrapping Spring Data Redis repositories in DEFAULT mode.
2021-02-26 15:50:16.053 [main] INFO  o.s.d.r.config.RepositoryConfigurationDelegate - Finished Spring Data repository scanning in 10 ms. Found 0 Redis repository interfaces.
2021-02-26 15:50:16.476 [main] INFO  o.s.boot.web.embedded.tomcat.TomcatWebServer - Tomcat initialized with port(s): 8080 (http)
2021-02-26 15:50:16.484 [main] INFO  org.apache.coyote.http11.Http11NioProtocol - Initializing ProtocolHandler ["http-nio-8080"]
2021-02-26 15:50:16.485 [main] INFO  org.apache.catalina.core.StandardService - Starting service [Tomcat]
2021-02-26 15:50:16.485 [main] INFO  org.apache.catalina.core.StandardEngine - Starting Servlet engine: [Apache Tomcat/9.0.41]
2021-02-26 15:50:16.560 [main] INFO  o.a.c.core.ContainerBase.[Tomcat].[localhost].[/] - Initializing Spring embedded WebApplicationContext
2021-02-26 15:50:16.560 [main] INFO  o.s.b.w.s.c.ServletWebServerApplicationContext - Root WebApplicationContext: initialization completed in 1037 ms
2021-02-26 15:50:16.889 [main] INFO  o.s.scheduling.concurrent.ThreadPoolTaskExecutor - Initializing ExecutorService 'applicationTaskExecutor'
2021-02-26 15:50:17.031 [main] INFO  c.a.d.s.b.a.DruidDataSourceAutoConfigure - Init DruidDataSource
2021-02-26 15:50:17.418 [main] INFO  com.alibaba.druid.pool.DruidDataSource - {dataSource-1} inited
2021-02-26 15:50:17.617 [main] INFO  org.apache.coyote.http11.Http11NioProtocol - Starting ProtocolHandler ["http-nio-8080"]
2021-02-26 15:50:17.636 [main] INFO  o.s.boot.web.embedded.tomcat.TomcatWebServer - Tomcat started on port(s): 8080 (http) with context path ''
2021-02-26 15:50:17.644 [main] INFO  pers.qjw.seckill.SeckillApplication - Started SeckillApplication in 2.968 seconds (JVM running for 3.928)
2021-02-26 15:50:24.787 [http-nio-8080-exec-1] INFO  o.a.c.core.ContainerBase.[Tomcat].[localhost].[/] - Initializing Spring DispatcherServlet 'dispatcherServlet'
2021-02-26 15:50:24.788 [http-nio-8080-exec-1] INFO  org.springframework.web.servlet.DispatcherServlet - Initializing Servlet 'dispatcherServlet'
2021-02-26 15:50:24.789 [http-nio-8080-exec-1] INFO  org.springframework.web.servlet.DispatcherServlet - Completed initialization in 1 ms
2021-02-26 16:15:47.055 [main] INFO  pers.qjw.seckill.SeckillApplicationTests - Starting SeckillApplicationTests using Java 11.0.7 on DESKTOP-ULASHU2 with PID 12132 (started by qiujiawen in C:\Software\笔记\git_project\seckill\seckill-item)
2021-02-26 16:15:47.059 [main] INFO  pers.qjw.seckill.SeckillApplicationTests - No active profile set, falling back to default profiles: default
2021-02-26 16:15:48.542 [main] INFO  o.s.d.r.config.RepositoryConfigurationDelegate - Multiple Spring Data modules found, entering strict repository configuration mode!
2021-02-26 16:15:48.546 [main] INFO  o.s.d.r.config.RepositoryConfigurationDelegate - Bootstrapping Spring Data Redis repositories in DEFAULT mode.
2021-02-26 16:15:48.578 [main] INFO  o.s.d.r.config.RepositoryConfigurationDelegate - Finished Spring Data repository scanning in 14 ms. Found 0 Redis repository interfaces.
2021-02-26 16:15:49.412 [main] INFO  c.a.d.s.b.a.DruidDataSourceAutoConfigure - Init DruidDataSource
2021-02-26 16:15:50.470 [main] INFO  com.alibaba.druid.pool.DruidDataSource - {dataSource-1} inited
2021-02-26 16:15:51.636 [main] INFO  o.s.scheduling.concurrent.ThreadPoolTaskExecutor - Initializing ExecutorService 'applicationTaskExecutor'
2021-02-26 16:15:52.298 [main] INFO  pers.qjw.seckill.SeckillApplicationTests - Started SeckillApplicationTests in 5.983 seconds (JVM running for 7.625)
2021-02-26 16:15:53.197 [SpringContextShutdownHook] INFO  o.s.scheduling.concurrent.ThreadPoolTaskExecutor - Shutting down ExecutorService 'applicationTaskExecutor'
2021-02-26 16:15:53.214 [SpringContextShutdownHook] INFO  com.alibaba.druid.pool.DruidDataSource - {dataSource-1} closing ...
2021-02-26 16:15:53.222 [SpringContextShutdownHook] INFO  com.alibaba.druid.pool.DruidDataSource - {dataSource-1} closed
2021-02-26 16:16:46.716 [main] INFO  pers.qjw.seckill.SeckillApplicationTests - Starting SeckillApplicationTests using Java 11.0.7 on DESKTOP-ULASHU2 with PID 20804 (started by qiujiawen in C:\Software\笔记\git_project\seckill\seckill-item)
2021-02-26 16:16:46.724 [main] INFO  pers.qjw.seckill.SeckillApplicationTests - No active profile set, falling back to default profiles: default
2021-02-26 16:16:47.890 [main] INFO  o.s.d.r.config.RepositoryConfigurationDelegate - Multiple Spring Data modules found, entering strict repository configuration mode!
2021-02-26 16:16:47.893 [main] INFO  o.s.d.r.config.RepositoryConfigurationDelegate - Bootstrapping Spring Data Redis repositories in DEFAULT mode.
2021-02-26 16:16:47.919 [main] INFO  o.s.d.r.config.RepositoryConfigurationDelegate - Finished Spring Data repository scanning in 12 ms. Found 0 Redis repository interfaces.
2021-02-26 16:16:48.509 [main] INFO  c.a.d.s.b.a.DruidDataSourceAutoConfigure - Init DruidDataSource
2021-02-26 16:16:49.379 [main] INFO  com.alibaba.druid.pool.DruidDataSource - {dataSource-1} inited
2021-02-26 16:16:50.390 [main] INFO  o.s.scheduling.concurrent.ThreadPoolTaskExecutor - Initializing ExecutorService 'applicationTaskExecutor'
2021-02-26 16:16:51.052 [main] INFO  pers.qjw.seckill.SeckillApplicationTests - Started SeckillApplicationTests in 5.066 seconds (JVM running for 6.657)
2021-02-26 16:16:51.815 [SpringContextShutdownHook] INFO  o.s.scheduling.concurrent.ThreadPoolTaskExecutor - Shutting down ExecutorService 'applicationTaskExecutor'
2021-02-26 16:16:51.834 [SpringContextShutdownHook] INFO  com.alibaba.druid.pool.DruidDataSource - {dataSource-1} closing ...
2021-02-26 16:16:51.841 [SpringContextShutdownHook] INFO  com.alibaba.druid.pool.DruidDataSource - {dataSource-1} closed
2021-02-26 16:17:07.003 [main] INFO  pers.qjw.seckill.SeckillApplicationTests - Starting SeckillApplicationTests using Java 11.0.7 on DESKTOP-ULASHU2 with PID 14088 (started by qiujiawen in C:\Software\笔记\git_project\seckill\seckill-item)
2021-02-26 16:17:07.007 [main] INFO  pers.qjw.seckill.SeckillApplicationTests - No active profile set, falling back to default profiles: default
2021-02-26 16:17:08.159 [main] INFO  o.s.d.r.config.RepositoryConfigurationDelegate - Multiple Spring Data modules found, entering strict repository configuration mode!
2021-02-26 16:17:08.162 [main] INFO  o.s.d.r.config.RepositoryConfigurationDelegate - Bootstrapping Spring Data Redis repositories in DEFAULT mode.
2021-02-26 16:17:08.190 [main] INFO  o.s.d.r.config.RepositoryConfigurationDelegate - Finished Spring Data repository scanning in 13 ms. Found 0 Redis repository interfaces.
2021-02-26 16:17:08.800 [main] INFO  c.a.d.s.b.a.DruidDataSourceAutoConfigure - Init DruidDataSource
2021-02-26 16:17:09.673 [main] INFO  com.alibaba.druid.pool.DruidDataSource - {dataSource-1} inited
2021-02-26 16:17:10.727 [main] INFO  o.s.scheduling.concurrent.ThreadPoolTaskExecutor - Initializing ExecutorService 'applicationTaskExecutor'
2021-02-26 16:17:11.367 [main] INFO  pers.qjw.seckill.SeckillApplicationTests - Started SeckillApplicationTests in 5.062 seconds (JVM running for 6.716)
2021-02-26 16:17:12.081 [SpringContextShutdownHook] INFO  o.s.scheduling.concurrent.ThreadPoolTaskExecutor - Shutting down ExecutorService 'applicationTaskExecutor'
2021-02-26 16:17:12.096 [SpringContextShutdownHook] INFO  com.alibaba.druid.pool.DruidDataSource - {dataSource-1} closing ...
2021-02-26 16:17:12.101 [SpringContextShutdownHook] INFO  com.alibaba.druid.pool.DruidDataSource - {dataSource-1} closed
2021-02-26 21:35:36.111 [main] INFO  pers.qjw.seckill.SeckillApplicationTests - Starting SeckillApplicationTests using Java 11.0.7 on DESKTOP-ULASHU2 with PID 13948 (started by qiujiawen in C:\Software\笔记\git_project\seckill\seckill-item)
2021-02-26 21:35:36.116 [main] INFO  pers.qjw.seckill.SeckillApplicationTests - No active profile set, falling back to default profiles: default
2021-02-26 21:35:37.388 [main] INFO  o.s.d.r.config.RepositoryConfigurationDelegate - Multiple Spring Data modules found, entering strict repository configuration mode!
2021-02-26 21:35:37.392 [main] INFO  o.s.d.r.config.RepositoryConfigurationDelegate - Bootstrapping Spring Data Redis repositories in DEFAULT mode.
2021-02-26 21:35:37.423 [main] INFO  o.s.d.r.config.RepositoryConfigurationDelegate - Finished Spring Data repository scanning in 14 ms. Found 0 Redis repository interfaces.
2021-02-26 21:35:39.070 [main] INFO  o.s.scheduling.concurrent.ThreadPoolTaskExecutor - Initializing ExecutorService 'applicationTaskExecutor'
2021-02-26 21:35:39.554 [main] INFO  c.a.d.s.b.a.DruidDataSourceAutoConfigure - Init DruidDataSource
2021-02-26 21:35:40.610 [main] INFO  com.alibaba.druid.pool.DruidDataSource - {dataSource-1} inited
2021-02-26 21:35:41.047 [main] INFO  pers.qjw.seckill.SeckillApplicationTests - Started SeckillApplicationTests in 5.688 seconds (JVM running for 7.438)
2021-02-26 21:35:41.691 [SpringContextShutdownHook] INFO  com.alibaba.druid.pool.DruidDataSource - {dataSource-1} closing ...
2021-02-26 21:35:41.700 [SpringContextShutdownHook] INFO  com.alibaba.druid.pool.DruidDataSource - {dataSource-1} closed
2021-02-26 21:35:41.701 [SpringContextShutdownHook] INFO  o.s.scheduling.concurrent.ThreadPoolTaskExecutor - Shutting down ExecutorService 'applicationTaskExecutor'
2021-02-26 22:57:20.794 [main] INFO  pers.qjw.seckill.SeckillApplication - Starting SeckillApplication using Java 11.0.7 on DESKTOP-ULASHU2 with PID 18824 (C:\Software\笔记\git_project\seckill\seckill-item\target\classes started by qiujiawen in C:\Software\笔记\git_project\seckill)
2021-02-26 22:57:20.796 [main] INFO  pers.qjw.seckill.SeckillApplication - No active profile set, falling back to default profiles: default
2021-02-26 22:57:21.536 [main] INFO  o.s.d.r.config.RepositoryConfigurationDelegate - Multiple Spring Data modules found, entering strict repository configuration mode!
2021-02-26 22:57:21.538 [main] INFO  o.s.d.r.config.RepositoryConfigurationDelegate - Bootstrapping Spring Data Redis repositories in DEFAULT mode.
2021-02-26 22:57:21.560 [main] INFO  o.s.d.r.config.RepositoryConfigurationDelegate - Finished Spring Data repository scanning in 10 ms. Found 0 Redis repository interfaces.
2021-02-26 22:57:21.999 [main] INFO  o.s.boot.web.embedded.tomcat.TomcatWebServer - Tomcat initialized with port(s): 8080 (http)
2021-02-26 22:57:22.009 [main] INFO  org.apache.coyote.http11.Http11NioProtocol - Initializing ProtocolHandler ["http-nio-8080"]
2021-02-26 22:57:22.009 [main] INFO  org.apache.catalina.core.StandardService - Starting service [Tomcat]
2021-02-26 22:57:22.010 [main] INFO  org.apache.catalina.core.StandardEngine - Starting Servlet engine: [Apache Tomcat/9.0.41]
2021-02-26 22:57:22.092 [main] INFO  o.a.c.core.ContainerBase.[Tomcat].[localhost].[/] - Initializing Spring embedded WebApplicationContext
2021-02-26 22:57:22.092 [main] INFO  o.s.b.w.s.c.ServletWebServerApplicationContext - Root WebApplicationContext: initialization completed in 1110 ms
2021-02-26 22:57:22.427 [main] INFO  o.s.scheduling.concurrent.ThreadPoolTaskExecutor - Initializing ExecutorService 'applicationTaskExecutor'
2021-02-26 22:57:22.568 [main] INFO  c.a.d.s.b.a.DruidDataSourceAutoConfigure - Init DruidDataSource
2021-02-26 22:57:22.969 [main] INFO  com.alibaba.druid.pool.DruidDataSource - {dataSource-1} inited
2021-02-26 22:57:23.181 [main] INFO  org.apache.coyote.http11.Http11NioProtocol - Starting ProtocolHandler ["http-nio-8080"]
2021-02-26 22:57:23.199 [main] INFO  o.s.boot.web.embedded.tomcat.TomcatWebServer - Tomcat started on port(s): 8080 (http) with context path ''
2021-02-26 22:57:23.207 [main] INFO  pers.qjw.seckill.SeckillApplication - Started SeckillApplication in 3.057 seconds (JVM running for 4.093)
2021-02-26 22:58:20.676 [http-nio-8080-exec-1] INFO  o.a.c.core.ContainerBase.[Tomcat].[localhost].[/] - Initializing Spring DispatcherServlet 'dispatcherServlet'
2021-02-26 22:58:20.677 [http-nio-8080-exec-1] INFO  org.springframework.web.servlet.DispatcherServlet - Initializing Servlet 'dispatcherServlet'
2021-02-26 22:58:20.678 [http-nio-8080-exec-1] INFO  org.springframework.web.servlet.DispatcherServlet - Completed initialization in 1 ms
2021-02-26 23:02:02.930 [main] INFO  pers.qjw.seckill.SeckillApplication - Starting SeckillApplication using Java 11.0.7 on DESKTOP-ULASHU2 with PID 10804 (C:\Software\笔记\git_project\seckill\seckill-item\target\classes started by qiujiawen in C:\Software\笔记\git_project\seckill)
2021-02-26 23:02:02.932 [main] INFO  pers.qjw.seckill.SeckillApplication - No active profile set, falling back to default profiles: default
2021-02-26 23:02:03.669 [main] INFO  o.s.d.r.config.RepositoryConfigurationDelegate - Multiple Spring Data modules found, entering strict repository configuration mode!
2021-02-26 23:02:03.672 [main] INFO  o.s.d.r.config.RepositoryConfigurationDelegate - Bootstrapping Spring Data Redis repositories in DEFAULT mode.
2021-02-26 23:02:03.696 [main] INFO  o.s.d.r.config.RepositoryConfigurationDelegate - Finished Spring Data repository scanning in 10 ms. Found 0 Redis repository interfaces.
2021-02-26 23:02:04.132 [main] INFO  o.s.boot.web.embedded.tomcat.TomcatWebServer - Tomcat initialized with port(s): 8080 (http)
2021-02-26 23:02:04.139 [main] INFO  org.apache.coyote.http11.Http11NioProtocol - Initializing ProtocolHandler ["http-nio-8080"]
2021-02-26 23:02:04.139 [main] INFO  org.apache.catalina.core.StandardService - Starting service [Tomcat]
2021-02-26 23:02:04.140 [main] INFO  org.apache.catalina.core.StandardEngine - Starting Servlet engine: [Apache Tomcat/9.0.41]
2021-02-26 23:02:04.216 [main] INFO  o.a.c.core.ContainerBase.[Tomcat].[localhost].[/] - Initializing Spring embedded WebApplicationContext
2021-02-26 23:02:04.216 [main] INFO  o.s.b.w.s.c.ServletWebServerApplicationContext - Root WebApplicationContext: initialization completed in 1061 ms
2021-02-26 23:02:04.552 [main] INFO  o.s.scheduling.concurrent.ThreadPoolTaskExecutor - Initializing ExecutorService 'applicationTaskExecutor'
2021-02-26 23:02:04.711 [main] INFO  c.a.d.s.b.a.DruidDataSourceAutoConfigure - Init DruidDataSource
2021-02-26 23:02:05.091 [main] INFO  com.alibaba.druid.pool.DruidDataSource - {dataSource-1} inited
2021-02-26 23:02:05.288 [main] INFO  org.apache.coyote.http11.Http11NioProtocol - Starting ProtocolHandler ["http-nio-8080"]
2021-02-26 23:02:05.307 [main] INFO  o.s.boot.web.embedded.tomcat.TomcatWebServer - Tomcat started on port(s): 8080 (http) with context path ''
2021-02-26 23:02:05.315 [main] INFO  pers.qjw.seckill.SeckillApplication - Started SeckillApplication in 3.058 seconds (JVM running for 3.991)
2021-02-26 23:02:17.391 [http-nio-8080-exec-1] INFO  o.a.c.core.ContainerBase.[Tomcat].[localhost].[/] - Initializing Spring DispatcherServlet 'dispatcherServlet'
2021-02-26 23:02:17.391 [http-nio-8080-exec-1] INFO  org.springframework.web.servlet.DispatcherServlet - Initializing Servlet 'dispatcherServlet'
2021-02-26 23:02:17.393 [http-nio-8080-exec-1] INFO  org.springframework.web.servlet.DispatcherServlet - Completed initialization in 1 ms
2021-02-26 23:02:45.570 [main] INFO  pers.qjw.seckill.SeckillApplication - Starting SeckillApplication using Java 11.0.7 on DESKTOP-ULASHU2 with PID 5444 (C:\Software\笔记\git_project\seckill\seckill-item\target\classes started by qiujiawen in C:\Software\笔记\git_project\seckill)
2021-02-26 23:02:45.572 [main] INFO  pers.qjw.seckill.SeckillApplication - No active profile set, falling back to default profiles: default
2021-02-26 23:02:46.285 [main] INFO  o.s.d.r.config.RepositoryConfigurationDelegate - Multiple Spring Data modules found, entering strict repository configuration mode!
2021-02-26 23:02:46.288 [main] INFO  o.s.d.r.config.RepositoryConfigurationDelegate - Bootstrapping Spring Data Redis repositories in DEFAULT mode.
2021-02-26 23:02:46.309 [main] INFO  o.s.d.r.config.RepositoryConfigurationDelegate - Finished Spring Data repository scanning in 9 ms. Found 0 Redis repository interfaces.
2021-02-26 23:02:46.736 [main] INFO  o.s.boot.web.embedded.tomcat.TomcatWebServer - Tomcat initialized with port(s): 8080 (http)
2021-02-26 23:02:46.745 [main] INFO  org.apache.coyote.http11.Http11NioProtocol - Initializing ProtocolHandler ["http-nio-8080"]
2021-02-26 23:02:46.745 [main] INFO  org.apache.catalina.core.StandardService - Starting service [Tomcat]
2021-02-26 23:02:46.745 [main] INFO  org.apache.catalina.core.StandardEngine - Starting Servlet engine: [Apache Tomcat/9.0.41]
2021-02-26 23:02:46.824 [main] INFO  o.a.c.core.ContainerBase.[Tomcat].[localhost].[/] - Initializing Spring embedded WebApplicationContext
2021-02-26 23:02:46.824 [main] INFO  o.s.b.w.s.c.ServletWebServerApplicationContext - Root WebApplicationContext: initialization completed in 1059 ms
2021-02-26 23:02:46.867 [main] INFO  org.apache.catalina.core.StandardService - Stopping service [Tomcat]
2021-02-26 23:02:46.887 [main] INFO  o.s.b.a.l.ConditionEvaluationReportLoggingListener - 

Error starting ApplicationContext. To display the conditions report re-run your application with 'debug' enabled.
2021-02-26 23:03:20.629 [main] INFO  pers.qjw.seckill.SeckillApplication - Starting SeckillApplication using Java 11.0.7 on DESKTOP-ULASHU2 with PID 21300 (C:\Software\笔记\git_project\seckill\seckill-item\target\classes started by qiujiawen in C:\Software\笔记\git_project\seckill)
2021-02-26 23:03:20.632 [main] INFO  pers.qjw.seckill.SeckillApplication - No active profile set, falling back to default profiles: default
2021-02-26 23:03:21.383 [main] INFO  o.s.d.r.config.RepositoryConfigurationDelegate - Multiple Spring Data modules found, entering strict repository configuration mode!
2021-02-26 23:03:21.386 [main] INFO  o.s.d.r.config.RepositoryConfigurationDelegate - Bootstrapping Spring Data Redis repositories in DEFAULT mode.
2021-02-26 23:03:21.410 [main] INFO  o.s.d.r.config.RepositoryConfigurationDelegate - Finished Spring Data repository scanning in 10 ms. Found 0 Redis repository interfaces.
2021-02-26 23:03:21.846 [main] INFO  o.s.boot.web.embedded.tomcat.TomcatWebServer - Tomcat initialized with port(s): 8080 (http)
2021-02-26 23:03:21.855 [main] INFO  org.apache.coyote.http11.Http11NioProtocol - Initializing ProtocolHandler ["http-nio-8080"]
2021-02-26 23:03:21.855 [main] INFO  org.apache.catalina.core.StandardService - Starting service [Tomcat]
2021-02-26 23:03:21.855 [main] INFO  org.apache.catalina.core.StandardEngine - Starting Servlet engine: [Apache Tomcat/9.0.41]
2021-02-26 23:03:21.932 [main] INFO  o.a.c.core.ContainerBase.[Tomcat].[localhost].[/] - Initializing Spring embedded WebApplicationContext
2021-02-26 23:03:21.932 [main] INFO  o.s.b.w.s.c.ServletWebServerApplicationContext - Root WebApplicationContext: initialization completed in 1084 ms
2021-02-26 23:03:21.994 [main] INFO  c.a.d.s.b.a.DruidDataSourceAutoConfigure - Init DruidDataSource
2021-02-26 23:03:22.448 [main] INFO  com.alibaba.druid.pool.DruidDataSource - {dataSource-1} inited
2021-02-26 23:03:22.559 [main] INFO  com.alibaba.druid.pool.DruidDataSource - {dataSource-1} closing ...
2021-02-26 23:03:22.566 [main] INFO  com.alibaba.druid.pool.DruidDataSource - {dataSource-1} closed
2021-02-26 23:03:22.571 [main] INFO  org.apache.catalina.core.StandardService - Stopping service [Tomcat]
2021-02-26 23:03:22.589 [main] INFO  o.s.b.a.l.ConditionEvaluationReportLoggingListener - 

Error starting ApplicationContext. To display the conditions report re-run your application with 'debug' enabled.
2021-02-26 23:03:33.888 [main] INFO  pers.qjw.seckill.SeckillApplication - Starting SeckillApplication using Java 11.0.7 on DESKTOP-ULASHU2 with PID 13556 (C:\Software\笔记\git_project\seckill\seckill-item\target\classes started by qiujiawen in C:\Software\笔记\git_project\seckill)
2021-02-26 23:03:33.891 [main] INFO  pers.qjw.seckill.SeckillApplication - No active profile set, falling back to default profiles: default
2021-02-26 23:03:34.580 [main] INFO  o.s.d.r.config.RepositoryConfigurationDelegate - Multiple Spring Data modules found, entering strict repository configuration mode!
2021-02-26 23:03:34.582 [main] INFO  o.s.d.r.config.RepositoryConfigurationDelegate - Bootstrapping Spring Data Redis repositories in DEFAULT mode.
2021-02-26 23:03:34.603 [main] INFO  o.s.d.r.config.RepositoryConfigurationDelegate - Finished Spring Data repository scanning in 9 ms. Found 0 Redis repository interfaces.
2021-02-26 23:03:35.023 [main] INFO  o.s.boot.web.embedded.tomcat.TomcatWebServer - Tomcat initialized with port(s): 8080 (http)
2021-02-26 23:03:35.033 [main] INFO  org.apache.coyote.http11.Http11NioProtocol - Initializing ProtocolHandler ["http-nio-8080"]
2021-02-26 23:03:35.034 [main] INFO  org.apache.catalina.core.StandardService - Starting service [Tomcat]
2021-02-26 23:03:35.034 [main] INFO  org.apache.catalina.core.StandardEngine - Starting Servlet engine: [Apache Tomcat/9.0.41]
2021-02-26 23:03:35.114 [main] INFO  o.a.c.core.ContainerBase.[Tomcat].[localhost].[/] - Initializing Spring embedded WebApplicationContext
2021-02-26 23:03:35.114 [main] INFO  o.s.b.w.s.c.ServletWebServerApplicationContext - Root WebApplicationContext: initialization completed in 1022 ms
2021-02-26 23:03:35.176 [main] INFO  c.a.d.s.b.a.DruidDataSourceAutoConfigure - Init DruidDataSource
2021-02-26 23:03:35.569 [main] INFO  com.alibaba.druid.pool.DruidDataSource - {dataSource-1} inited
2021-02-26 23:03:35.657 [main] INFO  com.alibaba.druid.pool.DruidDataSource - {dataSource-1} closing ...
2021-02-26 23:03:35.662 [main] INFO  com.alibaba.druid.pool.DruidDataSource - {dataSource-1} closed
2021-02-26 23:03:35.665 [main] INFO  org.apache.catalina.core.StandardService - Stopping service [Tomcat]
2021-02-26 23:03:35.678 [main] INFO  o.s.b.a.l.ConditionEvaluationReportLoggingListener - 

Error starting ApplicationContext. To display the conditions report re-run your application with 'debug' enabled.
2021-02-26 23:04:30.389 [main] INFO  pers.qjw.seckill.SeckillApplication - Starting SeckillApplication using Java 11.0.7 on DESKTOP-ULASHU2 with PID 6412 (C:\Software\笔记\git_project\seckill\seckill-item\target\classes started by qiujiawen in C:\Software\笔记\git_project\seckill)
2021-02-26 23:04:30.391 [main] INFO  pers.qjw.seckill.SeckillApplication - No active profile set, falling back to default profiles: default
2021-02-26 23:04:31.099 [main] INFO  o.s.d.r.config.RepositoryConfigurationDelegate - Multiple Spring Data modules found, entering strict repository configuration mode!
2021-02-26 23:04:31.101 [main] INFO  o.s.d.r.config.RepositoryConfigurationDelegate - Bootstrapping Spring Data Redis repositories in DEFAULT mode.
2021-02-26 23:04:31.121 [main] INFO  o.s.d.r.config.RepositoryConfigurationDelegate - Finished Spring Data repository scanning in 9 ms. Found 0 Redis repository interfaces.
2021-02-26 23:04:31.540 [main] INFO  o.s.boot.web.embedded.tomcat.TomcatWebServer - Tomcat initialized with port(s): 8080 (http)
2021-02-26 23:04:31.548 [main] INFO  org.apache.coyote.http11.Http11NioProtocol - Initializing ProtocolHandler ["http-nio-8080"]
2021-02-26 23:04:31.548 [main] INFO  org.apache.catalina.core.StandardService - Starting service [Tomcat]
2021-02-26 23:04:31.549 [main] INFO  org.apache.catalina.core.StandardEngine - Starting Servlet engine: [Apache Tomcat/9.0.41]
2021-02-26 23:04:31.625 [main] INFO  o.a.c.core.ContainerBase.[Tomcat].[localhost].[/] - Initializing Spring embedded WebApplicationContext
2021-02-26 23:04:31.626 [main] INFO  o.s.b.w.s.c.ServletWebServerApplicationContext - Root WebApplicationContext: initialization completed in 1036 ms
2021-02-26 23:04:31.854 [main] INFO  c.a.d.s.b.a.DruidDataSourceAutoConfigure - Init DruidDataSource
2021-02-26 23:04:32.257 [main] INFO  com.alibaba.druid.pool.DruidDataSource - {dataSource-1} inited
2021-02-26 23:04:32.450 [main] INFO  o.s.scheduling.concurrent.ThreadPoolTaskExecutor - Initializing ExecutorService 'applicationTaskExecutor'
2021-02-26 23:04:32.700 [main] INFO  org.apache.coyote.http11.Http11NioProtocol - Starting ProtocolHandler ["http-nio-8080"]
2021-02-26 23:04:32.720 [main] INFO  o.s.boot.web.embedded.tomcat.TomcatWebServer - Tomcat started on port(s): 8080 (http) with context path ''
2021-02-26 23:04:32.729 [main] INFO  pers.qjw.seckill.SeckillApplication - Started SeckillApplication in 2.982 seconds (JVM running for 3.849)
2021-02-26 23:04:35.292 [http-nio-8080-exec-1] INFO  o.a.c.core.ContainerBase.[Tomcat].[localhost].[/] - Initializing Spring DispatcherServlet 'dispatcherServlet'
2021-02-26 23:04:35.293 [http-nio-8080-exec-1] INFO  org.springframework.web.servlet.DispatcherServlet - Initializing Servlet 'dispatcherServlet'
2021-02-26 23:04:35.294 [http-nio-8080-exec-1] INFO  org.springframework.web.servlet.DispatcherServlet - Completed initialization in 1 ms
